<?xml version="1.0" encoding="UTF-8"?>
<testsuite name="controller.ControllerTest" tests="22" skipped="0" failures="0" errors="0" timestamp="2017-11-18T18:02:11" hostname="raphael-MS-7816" time="9.518">
  <properties/>
  <testcase name="testA" classname="controller.ControllerTest" time="0.047"/>
  <testcase name="testB" classname="controller.ControllerTest" time="0.127"/>
  <testcase name="testC" classname="controller.ControllerTest" time="0.022"/>
  <testcase name="testCa" classname="controller.ControllerTest" time="0.031"/>
  <testcase name="testD" classname="controller.ControllerTest" time="0.046"/>
  <testcase name="testE" classname="controller.ControllerTest" time="1.591"/>
  <testcase name="testF" classname="controller.ControllerTest" time="0.024"/>
  <testcase name="testG" classname="controller.ControllerTest" time="0.016"/>
  <testcase name="testH" classname="controller.ControllerTest" time="0.127"/>
  <testcase name="testI" classname="controller.ControllerTest" time="5.079"/>
  <testcase name="testK" classname="controller.ControllerTest" time="0.322"/>
  <testcase name="testL" classname="controller.ControllerTest" time="0.054"/>
  <testcase name="testM" classname="controller.ControllerTest" time="0.974"/>
  <testcase name="testN" classname="controller.ControllerTest" time="0.027"/>
  <testcase name="testO" classname="controller.ControllerTest" time="0.018"/>
  <testcase name="testP" classname="controller.ControllerTest" time="0.076"/>
  <testcase name="testQ" classname="controller.ControllerTest" time="0.071"/>
  <testcase name="testR" classname="controller.ControllerTest" time="0.049"/>
  <testcase name="testS" classname="controller.ControllerTest" time="0.14"/>
  <testcase name="testSa" classname="controller.ControllerTest" time="0.32"/>
  <testcase name="testSb" classname="controller.ControllerTest" time="0.323"/>
  <testcase name="testT" classname="controller.ControllerTest" time="0.031"/>
  <system-out><![CDATA[jxta will run on port 9800
server added :tcp://145.239.76.112:9800
server added :tcp://localhost:9800
Group created !

 START Services 

creating new group ..
creating new group ..
creating new group ..
creating new group ..
creating new group ..
creating new group ..
creating new group ..
Keystore already exist

Starting protocol for : E04AC0CC-A956-46AB-86B3-794F237D6762 on contract Object_8

]]></system-out>
  <system-err><![CDATA[Nov 18, 2017 7:02:10 PM org.jboss.netty.channel.SimpleChannelUpstreamHandler
WARNING: EXCEPTION, please implement org.jboss.netty.channel.socket.httptunnel.TunnelWrappedServerChannelHandler.exceptionCaught() for proper handling.
java.net.BindException: Address already in use
	at sun.nio.ch.Net.bind0(Native Method)
	at sun.nio.ch.Net.bind(Net.java:433)
	at sun.nio.ch.Net.bind(Net.java:425)
	at sun.nio.ch.ServerSocketChannelImpl.bind(ServerSocketChannelImpl.java:223)
	at sun.nio.ch.ServerSocketAdaptor.bind(ServerSocketAdaptor.java:74)
	at org.jboss.netty.channel.socket.nio.NioServerSocketPipelineSink.bind(NioServerSocketPipelineSink.java:140)
	at org.jboss.netty.channel.socket.nio.NioServerSocketPipelineSink.handleServerSocket(NioServerSocketPipelineSink.java:90)
	at org.jboss.netty.channel.socket.nio.NioServerSocketPipelineSink.eventSunk(NioServerSocketPipelineSink.java:64)
	at org.jboss.netty.channel.Channels.bind(Channels.java:569)
	at org.jboss.netty.channel.AbstractChannel.bind(AbstractChannel.java:189)
	at org.jboss.netty.channel.socket.httptunnel.HttpTunnelServerChannelSink.eventSunk(HttpTunnelServerChannelSink.java:50)
	at org.jboss.netty.channel.Channels.bind(Channels.java:569)
	at org.jboss.netty.channel.AbstractChannel.bind(AbstractChannel.java:189)
	at org.jboss.netty.bootstrap.ServerBootstrap$Binder.channelOpen(ServerBootstrap.java:343)
	at org.jboss.netty.channel.Channels.fireChannelOpen(Channels.java:170)
	at org.jboss.netty.channel.socket.httptunnel.HttpTunnelServerChannel.<init>(HttpTunnelServerChannel.java:57)
	at org.jboss.netty.channel.socket.httptunnel.HttpTunnelServerChannelFactory.newChannel(HttpTunnelServerChannelFactory.java:41)
	at org.jboss.netty.channel.socket.httptunnel.HttpTunnelServerChannelFactory.newChannel(HttpTunnelServerChannelFactory.java:30)
	at org.jboss.netty.bootstrap.ServerBootstrap.bind(ServerBootstrap.java:277)
	at net.jxta.impl.endpoint.netty.NettyTransportServer.bindServerChannel(NettyTransportServer.java:122)
	at net.jxta.impl.endpoint.netty.NettyTransportServer.init(NettyTransportServer.java:83)
	at net.jxta.impl.endpoint.netty.NettyTransport.initServer(NettyTransport.java:113)
	at net.jxta.impl.endpoint.netty.NettyTransport.init(NettyTransport.java:75)
	at net.jxta.impl.peergroup.GenericPeerGroup.loadModule(GenericPeerGroup.java:677)
	at net.jxta.impl.peergroup.GenericPeerGroup.loadModule(GenericPeerGroup.java:801)
	at net.jxta.impl.peergroup.StdPeerGroup.loadAllModules(StdPeerGroup.java:295)
	at net.jxta.impl.peergroup.StdPeerGroup.initFirst(StdPeerGroup.java:842)
	at net.jxta.impl.peergroup.Platform.initFirst(Platform.java:214)
	at net.jxta.impl.peergroup.GenericPeerGroup.init(GenericPeerGroup.java:907)
	at net.jxta.peergroup.WorldPeerGroupFactory.newWorldPeerGroup(WorldPeerGroupFactory.java:312)
	at net.jxta.peergroup.WorldPeerGroupFactory.<init>(WorldPeerGroupFactory.java:182)
	at net.jxta.peergroup.NetPeerGroupFactory.<init>(NetPeerGroupFactory.java:203)
	at net.jxta.platform.NetworkManager.startNetwork(NetworkManager.java:408)
	at network.impl.jxta.JxtaNode.start(JxtaNode.java:65)
	at network.impl.jxta.JxtaPeer.start(JxtaPeer.java:44)
	at network.factories.PeerFactory.createAndStartPeer(PeerFactory.java:158)
	at network.factories.PeerFactory.createDefaultAndStartPeerForTest(PeerFactory.java:96)
	at network.factories.PeerFactory.createDefaultAndStartPeerForTest(PeerFactory.java:88)
	at controller.Application.runForTests(Application.java:55)
	at controller.ControllerTest.initialize(ControllerTest.java:88)
	at sun.reflect.NativeMethodAccessorImpl.invoke0(Native Method)
	at sun.reflect.NativeMethodAccessorImpl.invoke(NativeMethodAccessorImpl.java:62)
	at sun.reflect.DelegatingMethodAccessorImpl.invoke(DelegatingMethodAccessorImpl.java:43)
	at java.lang.reflect.Method.invoke(Method.java:498)
	at org.junit.runners.model.FrameworkMethod$1.runReflectiveCall(FrameworkMethod.java:50)
	at org.junit.internal.runners.model.ReflectiveCallable.run(ReflectiveCallable.java:12)
	at org.junit.runners.model.FrameworkMethod.invokeExplosively(FrameworkMethod.java:47)
	at org.junit.internal.runners.statements.RunBefores.evaluate(RunBefores.java:24)
	at org.junit.internal.runners.statements.RunAfters.evaluate(RunAfters.java:27)
	at org.junit.runners.ParentRunner.run(ParentRunner.java:363)
	at org.gradle.api.internal.tasks.testing.junit.JUnitTestClassExecuter.runTestClass(JUnitTestClassExecuter.java:105)
	at org.gradle.api.internal.tasks.testing.junit.JUnitTestClassExecuter.execute(JUnitTestClassExecuter.java:56)
	at org.gradle.api.internal.tasks.testing.junit.JUnitTestClassProcessor.processTestClass(JUnitTestClassProcessor.java:64)
	at org.gradle.api.internal.tasks.testing.SuiteTestClassProcessor.processTestClass(SuiteTestClassProcessor.java:50)
	at sun.reflect.GeneratedMethodAccessor10.invoke(Unknown Source)
	at sun.reflect.DelegatingMethodAccessorImpl.invoke(DelegatingMethodAccessorImpl.java:43)
	at java.lang.reflect.Method.invoke(Method.java:498)
	at org.gradle.messaging.dispatch.ReflectionDispatch.dispatch(ReflectionDispatch.java:35)
	at org.gradle.messaging.dispatch.ReflectionDispatch.dispatch(ReflectionDispatch.java:24)
	at org.gradle.messaging.dispatch.ContextClassLoaderDispatch.dispatch(ContextClassLoaderDispatch.java:32)
	at org.gradle.messaging.dispatch.ProxyDispatchAdapter$DispatchingInvocationHandler.invoke(ProxyDispatchAdapter.java:93)
	at com.sun.proxy.$Proxy2.processTestClass(Unknown Source)
	at org.gradle.api.internal.tasks.testing.worker.TestWorker.processTestClass(TestWorker.java:106)
	at sun.reflect.GeneratedMethodAccessor9.invoke(Unknown Source)
	at sun.reflect.DelegatingMethodAccessorImpl.invoke(DelegatingMethodAccessorImpl.java:43)
	at java.lang.reflect.Method.invoke(Method.java:498)
	at org.gradle.messaging.dispatch.ReflectionDispatch.dispatch(ReflectionDispatch.java:35)
	at org.gradle.messaging.dispatch.ReflectionDispatch.dispatch(ReflectionDispatch.java:24)
	at org.gradle.messaging.remote.internal.hub.MessageHub$Handler.run(MessageHub.java:360)
	at org.gradle.internal.concurrent.ExecutorPolicy$CatchAndRecordFailures.onExecute(ExecutorPolicy.java:54)
	at org.gradle.internal.concurrent.StoppableExecutorImpl$1.run(StoppableExecutorImpl.java:40)
	at java.util.concurrent.ThreadPoolExecutor.runWorker(ThreadPoolExecutor.java:1149)
	at java.util.concurrent.ThreadPoolExecutor$Worker.run(ThreadPoolExecutor.java:624)
	at java.lang.Thread.run(Thread.java:748)

Nov 18, 2017 7:02:10 PM org.jboss.netty.channel.SimpleChannelUpstreamHandler
WARNING: EXCEPTION, please implement org.jboss.netty.channel.socket.httptunnel.TunnelWrappedServerChannelHandler.exceptionCaught() for proper handling.
java.net.BindException: Address already in use
	at sun.nio.ch.Net.bind0(Native Method)
	at sun.nio.ch.Net.bind(Net.java:433)
	at sun.nio.ch.Net.bind(Net.java:425)
	at sun.nio.ch.ServerSocketChannelImpl.bind(ServerSocketChannelImpl.java:223)
	at sun.nio.ch.ServerSocketAdaptor.bind(ServerSocketAdaptor.java:74)
	at org.jboss.netty.channel.socket.nio.NioServerSocketPipelineSink.bind(NioServerSocketPipelineSink.java:140)
	at org.jboss.netty.channel.socket.nio.NioServerSocketPipelineSink.handleServerSocket(NioServerSocketPipelineSink.java:90)
	at org.jboss.netty.channel.socket.nio.NioServerSocketPipelineSink.eventSunk(NioServerSocketPipelineSink.java:64)
	at org.jboss.netty.channel.Channels.bind(Channels.java:569)
	at org.jboss.netty.channel.AbstractChannel.bind(AbstractChannel.java:189)
	at org.jboss.netty.channel.socket.httptunnel.HttpTunnelServerChannelSink.eventSunk(HttpTunnelServerChannelSink.java:50)
	at org.jboss.netty.channel.Channels.bind(Channels.java:569)
	at org.jboss.netty.channel.AbstractChannel.bind(AbstractChannel.java:189)
	at org.jboss.netty.bootstrap.ServerBootstrap$Binder.channelOpen(ServerBootstrap.java:343)
	at org.jboss.netty.channel.Channels.fireChannelOpen(Channels.java:170)
	at org.jboss.netty.channel.socket.httptunnel.HttpTunnelServerChannel.<init>(HttpTunnelServerChannel.java:57)
	at org.jboss.netty.channel.socket.httptunnel.HttpTunnelServerChannelFactory.newChannel(HttpTunnelServerChannelFactory.java:41)
	at org.jboss.netty.channel.socket.httptunnel.HttpTunnelServerChannelFactory.newChannel(HttpTunnelServerChannelFactory.java:30)
	at org.jboss.netty.bootstrap.ServerBootstrap.bind(ServerBootstrap.java:277)
	at net.jxta.impl.endpoint.netty.NettyTransportServer.bindServerChannel(NettyTransportServer.java:122)
	at net.jxta.impl.endpoint.netty.NettyTransportServer.init(NettyTransportServer.java:83)
	at net.jxta.impl.endpoint.netty.NettyTransport.initServer(NettyTransport.java:113)
	at net.jxta.impl.endpoint.netty.NettyTransport.init(NettyTransport.java:75)
	at net.jxta.impl.peergroup.GenericPeerGroup.loadModule(GenericPeerGroup.java:677)
	at net.jxta.impl.peergroup.GenericPeerGroup.loadModule(GenericPeerGroup.java:801)
	at net.jxta.impl.peergroup.StdPeerGroup.loadAllModules(StdPeerGroup.java:295)
	at net.jxta.impl.peergroup.StdPeerGroup.initFirst(StdPeerGroup.java:842)
	at net.jxta.impl.peergroup.Platform.initFirst(Platform.java:214)
	at net.jxta.impl.peergroup.GenericPeerGroup.init(GenericPeerGroup.java:907)
	at net.jxta.peergroup.WorldPeerGroupFactory.newWorldPeerGroup(WorldPeerGroupFactory.java:312)
	at net.jxta.peergroup.WorldPeerGroupFactory.<init>(WorldPeerGroupFactory.java:182)
	at net.jxta.peergroup.NetPeerGroupFactory.<init>(NetPeerGroupFactory.java:203)
	at net.jxta.platform.NetworkManager.startNetwork(NetworkManager.java:408)
	at network.impl.jxta.JxtaNode.start(JxtaNode.java:65)
	at network.impl.jxta.JxtaPeer.start(JxtaPeer.java:44)
	at network.factories.PeerFactory.createAndStartPeer(PeerFactory.java:158)
	at network.factories.PeerFactory.createDefaultAndStartPeerForTest(PeerFactory.java:96)
	at network.factories.PeerFactory.createDefaultAndStartPeerForTest(PeerFactory.java:88)
	at controller.Application.runForTests(Application.java:55)
	at controller.ControllerTest.initialize(ControllerTest.java:88)
	at sun.reflect.NativeMethodAccessorImpl.invoke0(Native Method)
	at sun.reflect.NativeMethodAccessorImpl.invoke(NativeMethodAccessorImpl.java:62)
	at sun.reflect.DelegatingMethodAccessorImpl.invoke(DelegatingMethodAccessorImpl.java:43)
	at java.lang.reflect.Method.invoke(Method.java:498)
	at org.junit.runners.model.FrameworkMethod$1.runReflectiveCall(FrameworkMethod.java:50)
	at org.junit.internal.runners.model.ReflectiveCallable.run(ReflectiveCallable.java:12)
	at org.junit.runners.model.FrameworkMethod.invokeExplosively(FrameworkMethod.java:47)
	at org.junit.internal.runners.statements.RunBefores.evaluate(RunBefores.java:24)
	at org.junit.internal.runners.statements.RunAfters.evaluate(RunAfters.java:27)
	at org.junit.runners.ParentRunner.run(ParentRunner.java:363)
	at org.gradle.api.internal.tasks.testing.junit.JUnitTestClassExecuter.runTestClass(JUnitTestClassExecuter.java:105)
	at org.gradle.api.internal.tasks.testing.junit.JUnitTestClassExecuter.execute(JUnitTestClassExecuter.java:56)
	at org.gradle.api.internal.tasks.testing.junit.JUnitTestClassProcessor.processTestClass(JUnitTestClassProcessor.java:64)
	at org.gradle.api.internal.tasks.testing.SuiteTestClassProcessor.processTestClass(SuiteTestClassProcessor.java:50)
	at sun.reflect.GeneratedMethodAccessor10.invoke(Unknown Source)
	at sun.reflect.DelegatingMethodAccessorImpl.invoke(DelegatingMethodAccessorImpl.java:43)
	at java.lang.reflect.Method.invoke(Method.java:498)
	at org.gradle.messaging.dispatch.ReflectionDispatch.dispatch(ReflectionDispatch.java:35)
	at org.gradle.messaging.dispatch.ReflectionDispatch.dispatch(ReflectionDispatch.java:24)
	at org.gradle.messaging.dispatch.ContextClassLoaderDispatch.dispatch(ContextClassLoaderDispatch.java:32)
	at org.gradle.messaging.dispatch.ProxyDispatchAdapter$DispatchingInvocationHandler.invoke(ProxyDispatchAdapter.java:93)
	at com.sun.proxy.$Proxy2.processTestClass(Unknown Source)
	at org.gradle.api.internal.tasks.testing.worker.TestWorker.processTestClass(TestWorker.java:106)
	at sun.reflect.GeneratedMethodAccessor9.invoke(Unknown Source)
	at sun.reflect.DelegatingMethodAccessorImpl.invoke(DelegatingMethodAccessorImpl.java:43)
	at java.lang.reflect.Method.invoke(Method.java:498)
	at org.gradle.messaging.dispatch.ReflectionDispatch.dispatch(ReflectionDispatch.java:35)
	at org.gradle.messaging.dispatch.ReflectionDispatch.dispatch(ReflectionDispatch.java:24)
	at org.gradle.messaging.remote.internal.hub.MessageHub$Handler.run(MessageHub.java:360)
	at org.gradle.internal.concurrent.ExecutorPolicy$CatchAndRecordFailures.onExecute(ExecutorPolicy.java:54)
	at org.gradle.internal.concurrent.StoppableExecutorImpl$1.run(StoppableExecutorImpl.java:40)
	at java.util.concurrent.ThreadPoolExecutor.runWorker(ThreadPoolExecutor.java:1149)
	at java.util.concurrent.ThreadPoolExecutor$Worker.run(ThreadPoolExecutor.java:624)
	at java.lang.Thread.run(Thread.java:748)

Nov 18, 2017 7:02:10 PM org.jboss.netty.channel.SimpleChannelUpstreamHandler
WARNING: EXCEPTION, please implement org.jboss.netty.channel.socket.httptunnel.TunnelWrappedServerChannelHandler.exceptionCaught() for proper handling.
java.net.BindException: Address already in use
	at sun.nio.ch.Net.bind0(Native Method)
	at sun.nio.ch.Net.bind(Net.java:433)
	at sun.nio.ch.Net.bind(Net.java:425)
	at sun.nio.ch.ServerSocketChannelImpl.bind(ServerSocketChannelImpl.java:223)
	at sun.nio.ch.ServerSocketAdaptor.bind(ServerSocketAdaptor.java:74)
	at org.jboss.netty.channel.socket.nio.NioServerSocketPipelineSink.bind(NioServerSocketPipelineSink.java:140)
	at org.jboss.netty.channel.socket.nio.NioServerSocketPipelineSink.handleServerSocket(NioServerSocketPipelineSink.java:90)
	at org.jboss.netty.channel.socket.nio.NioServerSocketPipelineSink.eventSunk(NioServerSocketPipelineSink.java:64)
	at org.jboss.netty.channel.Channels.bind(Channels.java:569)
	at org.jboss.netty.channel.AbstractChannel.bind(AbstractChannel.java:189)
	at org.jboss.netty.channel.socket.httptunnel.HttpTunnelServerChannelSink.eventSunk(HttpTunnelServerChannelSink.java:50)
	at org.jboss.netty.channel.Channels.bind(Channels.java:569)
	at org.jboss.netty.channel.AbstractChannel.bind(AbstractChannel.java:189)
	at org.jboss.netty.bootstrap.ServerBootstrap$Binder.channelOpen(ServerBootstrap.java:343)
	at org.jboss.netty.channel.Channels.fireChannelOpen(Channels.java:170)
	at org.jboss.netty.channel.socket.httptunnel.HttpTunnelServerChannel.<init>(HttpTunnelServerChannel.java:57)
	at org.jboss.netty.channel.socket.httptunnel.HttpTunnelServerChannelFactory.newChannel(HttpTunnelServerChannelFactory.java:41)
	at org.jboss.netty.channel.socket.httptunnel.HttpTunnelServerChannelFactory.newChannel(HttpTunnelServerChannelFactory.java:30)
	at org.jboss.netty.bootstrap.ServerBootstrap.bind(ServerBootstrap.java:277)
	at net.jxta.impl.endpoint.netty.NettyTransportServer.bindServerChannel(NettyTransportServer.java:122)
	at net.jxta.impl.endpoint.netty.NettyTransportServer.init(NettyTransportServer.java:83)
	at net.jxta.impl.endpoint.netty.NettyTransport.initServer(NettyTransport.java:113)
	at net.jxta.impl.endpoint.netty.NettyTransport.init(NettyTransport.java:75)
	at net.jxta.impl.peergroup.GenericPeerGroup.loadModule(GenericPeerGroup.java:677)
	at net.jxta.impl.peergroup.GenericPeerGroup.loadModule(GenericPeerGroup.java:801)
	at net.jxta.impl.peergroup.StdPeerGroup.loadAllModules(StdPeerGroup.java:295)
	at net.jxta.impl.peergroup.StdPeerGroup.initFirst(StdPeerGroup.java:842)
	at net.jxta.impl.peergroup.Platform.initFirst(Platform.java:214)
	at net.jxta.impl.peergroup.GenericPeerGroup.init(GenericPeerGroup.java:907)
	at net.jxta.peergroup.WorldPeerGroupFactory.newWorldPeerGroup(WorldPeerGroupFactory.java:312)
	at net.jxta.peergroup.WorldPeerGroupFactory.<init>(WorldPeerGroupFactory.java:182)
	at net.jxta.peergroup.NetPeerGroupFactory.<init>(NetPeerGroupFactory.java:203)
	at net.jxta.platform.NetworkManager.startNetwork(NetworkManager.java:408)
	at network.impl.jxta.JxtaNode.start(JxtaNode.java:65)
	at network.impl.jxta.JxtaPeer.start(JxtaPeer.java:44)
	at network.factories.PeerFactory.createAndStartPeer(PeerFactory.java:158)
	at network.factories.PeerFactory.createDefaultAndStartPeerForTest(PeerFactory.java:96)
	at network.factories.PeerFactory.createDefaultAndStartPeerForTest(PeerFactory.java:88)
	at controller.Application.runForTests(Application.java:55)
	at controller.ControllerTest.initialize(ControllerTest.java:88)
	at sun.reflect.NativeMethodAccessorImpl.invoke0(Native Method)
	at sun.reflect.NativeMethodAccessorImpl.invoke(NativeMethodAccessorImpl.java:62)
	at sun.reflect.DelegatingMethodAccessorImpl.invoke(DelegatingMethodAccessorImpl.java:43)
	at java.lang.reflect.Method.invoke(Method.java:498)
	at org.junit.runners.model.FrameworkMethod$1.runReflectiveCall(FrameworkMethod.java:50)
	at org.junit.internal.runners.model.ReflectiveCallable.run(ReflectiveCallable.java:12)
	at org.junit.runners.model.FrameworkMethod.invokeExplosively(FrameworkMethod.java:47)
	at org.junit.internal.runners.statements.RunBefores.evaluate(RunBefores.java:24)
	at org.junit.internal.runners.statements.RunAfters.evaluate(RunAfters.java:27)
	at org.junit.runners.ParentRunner.run(ParentRunner.java:363)
	at org.gradle.api.internal.tasks.testing.junit.JUnitTestClassExecuter.runTestClass(JUnitTestClassExecuter.java:105)
	at org.gradle.api.internal.tasks.testing.junit.JUnitTestClassExecuter.execute(JUnitTestClassExecuter.java:56)
	at org.gradle.api.internal.tasks.testing.junit.JUnitTestClassProcessor.processTestClass(JUnitTestClassProcessor.java:64)
	at org.gradle.api.internal.tasks.testing.SuiteTestClassProcessor.processTestClass(SuiteTestClassProcessor.java:50)
	at sun.reflect.GeneratedMethodAccessor10.invoke(Unknown Source)
	at sun.reflect.DelegatingMethodAccessorImpl.invoke(DelegatingMethodAccessorImpl.java:43)
	at java.lang.reflect.Method.invoke(Method.java:498)
	at org.gradle.messaging.dispatch.ReflectionDispatch.dispatch(ReflectionDispatch.java:35)
	at org.gradle.messaging.dispatch.ReflectionDispatch.dispatch(ReflectionDispatch.java:24)
	at org.gradle.messaging.dispatch.ContextClassLoaderDispatch.dispatch(ContextClassLoaderDispatch.java:32)
	at org.gradle.messaging.dispatch.ProxyDispatchAdapter$DispatchingInvocationHandler.invoke(ProxyDispatchAdapter.java:93)
	at com.sun.proxy.$Proxy2.processTestClass(Unknown Source)
	at org.gradle.api.internal.tasks.testing.worker.TestWorker.processTestClass(TestWorker.java:106)
	at sun.reflect.GeneratedMethodAccessor9.invoke(Unknown Source)
	at sun.reflect.DelegatingMethodAccessorImpl.invoke(DelegatingMethodAccessorImpl.java:43)
	at java.lang.reflect.Method.invoke(Method.java:498)
	at org.gradle.messaging.dispatch.ReflectionDispatch.dispatch(ReflectionDispatch.java:35)
	at org.gradle.messaging.dispatch.ReflectionDispatch.dispatch(ReflectionDispatch.java:24)
	at org.gradle.messaging.remote.internal.hub.MessageHub$Handler.run(MessageHub.java:360)
	at org.gradle.internal.concurrent.ExecutorPolicy$CatchAndRecordFailures.onExecute(ExecutorPolicy.java:54)
	at org.gradle.internal.concurrent.StoppableExecutorImpl$1.run(StoppableExecutorImpl.java:40)
	at java.util.concurrent.ThreadPoolExecutor.runWorker(ThreadPoolExecutor.java:1149)
	at java.util.concurrent.ThreadPoolExecutor$Worker.run(ThreadPoolExecutor.java:624)
	at java.lang.Thread.run(Thread.java:748)

Nov 18, 2017 7:02:10 PM org.jboss.netty.channel.SimpleChannelUpstreamHandler
WARNING: EXCEPTION, please implement org.jboss.netty.channel.socket.httptunnel.TunnelWrappedServerChannelHandler.exceptionCaught() for proper handling.
java.net.BindException: Address already in use
	at sun.nio.ch.Net.bind0(Native Method)
	at sun.nio.ch.Net.bind(Net.java:433)
	at sun.nio.ch.Net.bind(Net.java:425)
	at sun.nio.ch.ServerSocketChannelImpl.bind(ServerSocketChannelImpl.java:223)
	at sun.nio.ch.ServerSocketAdaptor.bind(ServerSocketAdaptor.java:74)
	at org.jboss.netty.channel.socket.nio.NioServerSocketPipelineSink.bind(NioServerSocketPipelineSink.java:140)
	at org.jboss.netty.channel.socket.nio.NioServerSocketPipelineSink.handleServerSocket(NioServerSocketPipelineSink.java:90)
	at org.jboss.netty.channel.socket.nio.NioServerSocketPipelineSink.eventSunk(NioServerSocketPipelineSink.java:64)
	at org.jboss.netty.channel.Channels.bind(Channels.java:569)
	at org.jboss.netty.channel.AbstractChannel.bind(AbstractChannel.java:189)
	at org.jboss.netty.channel.socket.httptunnel.HttpTunnelServerChannelSink.eventSunk(HttpTunnelServerChannelSink.java:50)
	at org.jboss.netty.channel.Channels.bind(Channels.java:569)
	at org.jboss.netty.channel.AbstractChannel.bind(AbstractChannel.java:189)
	at org.jboss.netty.bootstrap.ServerBootstrap$Binder.channelOpen(ServerBootstrap.java:343)
	at org.jboss.netty.channel.Channels.fireChannelOpen(Channels.java:170)
	at org.jboss.netty.channel.socket.httptunnel.HttpTunnelServerChannel.<init>(HttpTunnelServerChannel.java:57)
	at org.jboss.netty.channel.socket.httptunnel.HttpTunnelServerChannelFactory.newChannel(HttpTunnelServerChannelFactory.java:41)
	at org.jboss.netty.channel.socket.httptunnel.HttpTunnelServerChannelFactory.newChannel(HttpTunnelServerChannelFactory.java:30)
	at org.jboss.netty.bootstrap.ServerBootstrap.bind(ServerBootstrap.java:277)
	at net.jxta.impl.endpoint.netty.NettyTransportServer.bindServerChannel(NettyTransportServer.java:122)
	at net.jxta.impl.endpoint.netty.NettyTransportServer.init(NettyTransportServer.java:83)
	at net.jxta.impl.endpoint.netty.NettyTransport.initServer(NettyTransport.java:113)
	at net.jxta.impl.endpoint.netty.NettyTransport.init(NettyTransport.java:75)
	at net.jxta.impl.peergroup.GenericPeerGroup.loadModule(GenericPeerGroup.java:677)
	at net.jxta.impl.peergroup.GenericPeerGroup.loadModule(GenericPeerGroup.java:801)
	at net.jxta.impl.peergroup.StdPeerGroup.loadAllModules(StdPeerGroup.java:295)
	at net.jxta.impl.peergroup.StdPeerGroup.initFirst(StdPeerGroup.java:842)
	at net.jxta.impl.peergroup.Platform.initFirst(Platform.java:214)
	at net.jxta.impl.peergroup.GenericPeerGroup.init(GenericPeerGroup.java:907)
	at net.jxta.peergroup.WorldPeerGroupFactory.newWorldPeerGroup(WorldPeerGroupFactory.java:312)
	at net.jxta.peergroup.WorldPeerGroupFactory.<init>(WorldPeerGroupFactory.java:182)
	at net.jxta.peergroup.NetPeerGroupFactory.<init>(NetPeerGroupFactory.java:203)
	at net.jxta.platform.NetworkManager.startNetwork(NetworkManager.java:408)
	at network.impl.jxta.JxtaNode.start(JxtaNode.java:65)
	at network.impl.jxta.JxtaPeer.start(JxtaPeer.java:44)
	at network.factories.PeerFactory.createAndStartPeer(PeerFactory.java:158)
	at network.factories.PeerFactory.createDefaultAndStartPeerForTest(PeerFactory.java:96)
	at network.factories.PeerFactory.createDefaultAndStartPeerForTest(PeerFactory.java:88)
	at controller.Application.runForTests(Application.java:55)
	at controller.ControllerTest.initialize(ControllerTest.java:88)
	at sun.reflect.NativeMethodAccessorImpl.invoke0(Native Method)
	at sun.reflect.NativeMethodAccessorImpl.invoke(NativeMethodAccessorImpl.java:62)
	at sun.reflect.DelegatingMethodAccessorImpl.invoke(DelegatingMethodAccessorImpl.java:43)
	at java.lang.reflect.Method.invoke(Method.java:498)
	at org.junit.runners.model.FrameworkMethod$1.runReflectiveCall(FrameworkMethod.java:50)
	at org.junit.internal.runners.model.ReflectiveCallable.run(ReflectiveCallable.java:12)
	at org.junit.runners.model.FrameworkMethod.invokeExplosively(FrameworkMethod.java:47)
	at org.junit.internal.runners.statements.RunBefores.evaluate(RunBefores.java:24)
	at org.junit.internal.runners.statements.RunAfters.evaluate(RunAfters.java:27)
	at org.junit.runners.ParentRunner.run(ParentRunner.java:363)
	at org.gradle.api.internal.tasks.testing.junit.JUnitTestClassExecuter.runTestClass(JUnitTestClassExecuter.java:105)
	at org.gradle.api.internal.tasks.testing.junit.JUnitTestClassExecuter.execute(JUnitTestClassExecuter.java:56)
	at org.gradle.api.internal.tasks.testing.junit.JUnitTestClassProcessor.processTestClass(JUnitTestClassProcessor.java:64)
	at org.gradle.api.internal.tasks.testing.SuiteTestClassProcessor.processTestClass(SuiteTestClassProcessor.java:50)
	at sun.reflect.GeneratedMethodAccessor10.invoke(Unknown Source)
	at sun.reflect.DelegatingMethodAccessorImpl.invoke(DelegatingMethodAccessorImpl.java:43)
	at java.lang.reflect.Method.invoke(Method.java:498)
	at org.gradle.messaging.dispatch.ReflectionDispatch.dispatch(ReflectionDispatch.java:35)
	at org.gradle.messaging.dispatch.ReflectionDispatch.dispatch(ReflectionDispatch.java:24)
	at org.gradle.messaging.dispatch.ContextClassLoaderDispatch.dispatch(ContextClassLoaderDispatch.java:32)
	at org.gradle.messaging.dispatch.ProxyDispatchAdapter$DispatchingInvocationHandler.invoke(ProxyDispatchAdapter.java:93)
	at com.sun.proxy.$Proxy2.processTestClass(Unknown Source)
	at org.gradle.api.internal.tasks.testing.worker.TestWorker.processTestClass(TestWorker.java:106)
	at sun.reflect.GeneratedMethodAccessor9.invoke(Unknown Source)
	at sun.reflect.DelegatingMethodAccessorImpl.invoke(DelegatingMethodAccessorImpl.java:43)
	at java.lang.reflect.Method.invoke(Method.java:498)
	at org.gradle.messaging.dispatch.ReflectionDispatch.dispatch(ReflectionDispatch.java:35)
	at org.gradle.messaging.dispatch.ReflectionDispatch.dispatch(ReflectionDispatch.java:24)
	at org.gradle.messaging.remote.internal.hub.MessageHub$Handler.run(MessageHub.java:360)
	at org.gradle.internal.concurrent.ExecutorPolicy$CatchAndRecordFailures.onExecute(ExecutorPolicy.java:54)
	at org.gradle.internal.concurrent.StoppableExecutorImpl$1.run(StoppableExecutorImpl.java:40)
	at java.util.concurrent.ThreadPoolExecutor.runWorker(ThreadPoolExecutor.java:1149)
	at java.util.concurrent.ThreadPoolExecutor$Worker.run(ThreadPoolExecutor.java:624)
	at java.lang.Thread.run(Thread.java:748)

Nov 18, 2017 7:02:10 PM org.jboss.netty.channel.SimpleChannelUpstreamHandler
WARNING: EXCEPTION, please implement org.jboss.netty.channel.socket.httptunnel.TunnelWrappedServerChannelHandler.exceptionCaught() for proper handling.
java.net.BindException: Address already in use
	at sun.nio.ch.Net.bind0(Native Method)
	at sun.nio.ch.Net.bind(Net.java:433)
	at sun.nio.ch.Net.bind(Net.java:425)
	at sun.nio.ch.ServerSocketChannelImpl.bind(ServerSocketChannelImpl.java:223)
	at sun.nio.ch.ServerSocketAdaptor.bind(ServerSocketAdaptor.java:74)
	at org.jboss.netty.channel.socket.nio.NioServerSocketPipelineSink.bind(NioServerSocketPipelineSink.java:140)
	at org.jboss.netty.channel.socket.nio.NioServerSocketPipelineSink.handleServerSocket(NioServerSocketPipelineSink.java:90)
	at org.jboss.netty.channel.socket.nio.NioServerSocketPipelineSink.eventSunk(NioServerSocketPipelineSink.java:64)
	at org.jboss.netty.channel.Channels.bind(Channels.java:569)
	at org.jboss.netty.channel.AbstractChannel.bind(AbstractChannel.java:189)
	at org.jboss.netty.channel.socket.httptunnel.HttpTunnelServerChannelSink.eventSunk(HttpTunnelServerChannelSink.java:50)
	at org.jboss.netty.channel.Channels.bind(Channels.java:569)
	at org.jboss.netty.channel.AbstractChannel.bind(AbstractChannel.java:189)
	at org.jboss.netty.bootstrap.ServerBootstrap$Binder.channelOpen(ServerBootstrap.java:343)
	at org.jboss.netty.channel.Channels.fireChannelOpen(Channels.java:170)
	at org.jboss.netty.channel.socket.httptunnel.HttpTunnelServerChannel.<init>(HttpTunnelServerChannel.java:57)
	at org.jboss.netty.channel.socket.httptunnel.HttpTunnelServerChannelFactory.newChannel(HttpTunnelServerChannelFactory.java:41)
	at org.jboss.netty.channel.socket.httptunnel.HttpTunnelServerChannelFactory.newChannel(HttpTunnelServerChannelFactory.java:30)
	at org.jboss.netty.bootstrap.ServerBootstrap.bind(ServerBootstrap.java:277)
	at net.jxta.impl.endpoint.netty.NettyTransportServer.bindServerChannel(NettyTransportServer.java:122)
	at net.jxta.impl.endpoint.netty.NettyTransportServer.init(NettyTransportServer.java:83)
	at net.jxta.impl.endpoint.netty.NettyTransport.initServer(NettyTransport.java:113)
	at net.jxta.impl.endpoint.netty.NettyTransport.init(NettyTransport.java:75)
	at net.jxta.impl.peergroup.GenericPeerGroup.loadModule(GenericPeerGroup.java:677)
	at net.jxta.impl.peergroup.GenericPeerGroup.loadModule(GenericPeerGroup.java:801)
	at net.jxta.impl.peergroup.StdPeerGroup.loadAllModules(StdPeerGroup.java:295)
	at net.jxta.impl.peergroup.StdPeerGroup.initFirst(StdPeerGroup.java:842)
	at net.jxta.impl.peergroup.Platform.initFirst(Platform.java:214)
	at net.jxta.impl.peergroup.GenericPeerGroup.init(GenericPeerGroup.java:907)
	at net.jxta.peergroup.WorldPeerGroupFactory.newWorldPeerGroup(WorldPeerGroupFactory.java:312)
	at net.jxta.peergroup.WorldPeerGroupFactory.<init>(WorldPeerGroupFactory.java:182)
	at net.jxta.peergroup.NetPeerGroupFactory.<init>(NetPeerGroupFactory.java:203)
	at net.jxta.platform.NetworkManager.startNetwork(NetworkManager.java:408)
	at network.impl.jxta.JxtaNode.start(JxtaNode.java:65)
	at network.impl.jxta.JxtaPeer.start(JxtaPeer.java:44)
	at network.factories.PeerFactory.createAndStartPeer(PeerFactory.java:158)
	at network.factories.PeerFactory.createDefaultAndStartPeerForTest(PeerFactory.java:96)
	at network.factories.PeerFactory.createDefaultAndStartPeerForTest(PeerFactory.java:88)
	at controller.Application.runForTests(Application.java:55)
	at controller.ControllerTest.initialize(ControllerTest.java:88)
	at sun.reflect.NativeMethodAccessorImpl.invoke0(Native Method)
	at sun.reflect.NativeMethodAccessorImpl.invoke(NativeMethodAccessorImpl.java:62)
	at sun.reflect.DelegatingMethodAccessorImpl.invoke(DelegatingMethodAccessorImpl.java:43)
	at java.lang.reflect.Method.invoke(Method.java:498)
	at org.junit.runners.model.FrameworkMethod$1.runReflectiveCall(FrameworkMethod.java:50)
	at org.junit.internal.runners.model.ReflectiveCallable.run(ReflectiveCallable.java:12)
	at org.junit.runners.model.FrameworkMethod.invokeExplosively(FrameworkMethod.java:47)
	at org.junit.internal.runners.statements.RunBefores.evaluate(RunBefores.java:24)
	at org.junit.internal.runners.statements.RunAfters.evaluate(RunAfters.java:27)
	at org.junit.runners.ParentRunner.run(ParentRunner.java:363)
	at org.gradle.api.internal.tasks.testing.junit.JUnitTestClassExecuter.runTestClass(JUnitTestClassExecuter.java:105)
	at org.gradle.api.internal.tasks.testing.junit.JUnitTestClassExecuter.execute(JUnitTestClassExecuter.java:56)
	at org.gradle.api.internal.tasks.testing.junit.JUnitTestClassProcessor.processTestClass(JUnitTestClassProcessor.java:64)
	at org.gradle.api.internal.tasks.testing.SuiteTestClassProcessor.processTestClass(SuiteTestClassProcessor.java:50)
	at sun.reflect.GeneratedMethodAccessor10.invoke(Unknown Source)
	at sun.reflect.DelegatingMethodAccessorImpl.invoke(DelegatingMethodAccessorImpl.java:43)
	at java.lang.reflect.Method.invoke(Method.java:498)
	at org.gradle.messaging.dispatch.ReflectionDispatch.dispatch(ReflectionDispatch.java:35)
	at org.gradle.messaging.dispatch.ReflectionDispatch.dispatch(ReflectionDispatch.java:24)
	at org.gradle.messaging.dispatch.ContextClassLoaderDispatch.dispatch(ContextClassLoaderDispatch.java:32)
	at org.gradle.messaging.dispatch.ProxyDispatchAdapter$DispatchingInvocationHandler.invoke(ProxyDispatchAdapter.java:93)
	at com.sun.proxy.$Proxy2.processTestClass(Unknown Source)
	at org.gradle.api.internal.tasks.testing.worker.TestWorker.processTestClass(TestWorker.java:106)
	at sun.reflect.GeneratedMethodAccessor9.invoke(Unknown Source)
	at sun.reflect.DelegatingMethodAccessorImpl.invoke(DelegatingMethodAccessorImpl.java:43)
	at java.lang.reflect.Method.invoke(Method.java:498)
	at org.gradle.messaging.dispatch.ReflectionDispatch.dispatch(ReflectionDispatch.java:35)
	at org.gradle.messaging.dispatch.ReflectionDispatch.dispatch(ReflectionDispatch.java:24)
	at org.gradle.messaging.remote.internal.hub.MessageHub$Handler.run(MessageHub.java:360)
	at org.gradle.internal.concurrent.ExecutorPolicy$CatchAndRecordFailures.onExecute(ExecutorPolicy.java:54)
	at org.gradle.internal.concurrent.StoppableExecutorImpl$1.run(StoppableExecutorImpl.java:40)
	at java.util.concurrent.ThreadPoolExecutor.runWorker(ThreadPoolExecutor.java:1149)
	at java.util.concurrent.ThreadPoolExecutor$Worker.run(ThreadPoolExecutor.java:624)
	at java.lang.Thread.run(Thread.java:748)

Nov 18, 2017 7:02:10 PM org.jboss.netty.channel.SimpleChannelUpstreamHandler
WARNING: EXCEPTION, please implement org.jboss.netty.channel.socket.httptunnel.TunnelWrappedServerChannelHandler.exceptionCaught() for proper handling.
java.net.BindException: Address already in use
	at sun.nio.ch.Net.bind0(Native Method)
	at sun.nio.ch.Net.bind(Net.java:433)
	at sun.nio.ch.Net.bind(Net.java:425)
	at sun.nio.ch.ServerSocketChannelImpl.bind(ServerSocketChannelImpl.java:223)
	at sun.nio.ch.ServerSocketAdaptor.bind(ServerSocketAdaptor.java:74)
	at org.jboss.netty.channel.socket.nio.NioServerSocketPipelineSink.bind(NioServerSocketPipelineSink.java:140)
	at org.jboss.netty.channel.socket.nio.NioServerSocketPipelineSink.handleServerSocket(NioServerSocketPipelineSink.java:90)
	at org.jboss.netty.channel.socket.nio.NioServerSocketPipelineSink.eventSunk(NioServerSocketPipelineSink.java:64)
	at org.jboss.netty.channel.Channels.bind(Channels.java:569)
	at org.jboss.netty.channel.AbstractChannel.bind(AbstractChannel.java:189)
	at org.jboss.netty.channel.socket.httptunnel.HttpTunnelServerChannelSink.eventSunk(HttpTunnelServerChannelSink.java:50)
	at org.jboss.netty.channel.Channels.bind(Channels.java:569)
	at org.jboss.netty.channel.AbstractChannel.bind(AbstractChannel.java:189)
	at org.jboss.netty.bootstrap.ServerBootstrap$Binder.channelOpen(ServerBootstrap.java:343)
	at org.jboss.netty.channel.Channels.fireChannelOpen(Channels.java:170)
	at org.jboss.netty.channel.socket.httptunnel.HttpTunnelServerChannel.<init>(HttpTunnelServerChannel.java:57)
	at org.jboss.netty.channel.socket.httptunnel.HttpTunnelServerChannelFactory.newChannel(HttpTunnelServerChannelFactory.java:41)
	at org.jboss.netty.channel.socket.httptunnel.HttpTunnelServerChannelFactory.newChannel(HttpTunnelServerChannelFactory.java:30)
	at org.jboss.netty.bootstrap.ServerBootstrap.bind(ServerBootstrap.java:277)
	at net.jxta.impl.endpoint.netty.NettyTransportServer.bindServerChannel(NettyTransportServer.java:122)
	at net.jxta.impl.endpoint.netty.NettyTransportServer.init(NettyTransportServer.java:83)
	at net.jxta.impl.endpoint.netty.NettyTransport.initServer(NettyTransport.java:113)
	at net.jxta.impl.endpoint.netty.NettyTransport.init(NettyTransport.java:75)
	at net.jxta.impl.peergroup.GenericPeerGroup.loadModule(GenericPeerGroup.java:677)
	at net.jxta.impl.peergroup.GenericPeerGroup.loadModule(GenericPeerGroup.java:801)
	at net.jxta.impl.peergroup.StdPeerGroup.loadAllModules(StdPeerGroup.java:295)
	at net.jxta.impl.peergroup.StdPeerGroup.initFirst(StdPeerGroup.java:842)
	at net.jxta.impl.peergroup.Platform.initFirst(Platform.java:214)
	at net.jxta.impl.peergroup.GenericPeerGroup.init(GenericPeerGroup.java:907)
	at net.jxta.peergroup.WorldPeerGroupFactory.newWorldPeerGroup(WorldPeerGroupFactory.java:312)
	at net.jxta.peergroup.WorldPeerGroupFactory.<init>(WorldPeerGroupFactory.java:182)
	at net.jxta.peergroup.NetPeerGroupFactory.<init>(NetPeerGroupFactory.java:203)
	at net.jxta.platform.NetworkManager.startNetwork(NetworkManager.java:408)
	at network.impl.jxta.JxtaNode.start(JxtaNode.java:65)
	at network.impl.jxta.JxtaPeer.start(JxtaPeer.java:44)
	at network.factories.PeerFactory.createAndStartPeer(PeerFactory.java:158)
	at network.factories.PeerFactory.createDefaultAndStartPeerForTest(PeerFactory.java:96)
	at network.factories.PeerFactory.createDefaultAndStartPeerForTest(PeerFactory.java:88)
	at controller.Application.runForTests(Application.java:55)
	at controller.ControllerTest.initialize(ControllerTest.java:88)
	at sun.reflect.NativeMethodAccessorImpl.invoke0(Native Method)
	at sun.reflect.NativeMethodAccessorImpl.invoke(NativeMethodAccessorImpl.java:62)
	at sun.reflect.DelegatingMethodAccessorImpl.invoke(DelegatingMethodAccessorImpl.java:43)
	at java.lang.reflect.Method.invoke(Method.java:498)
	at org.junit.runners.model.FrameworkMethod$1.runReflectiveCall(FrameworkMethod.java:50)
	at org.junit.internal.runners.model.ReflectiveCallable.run(ReflectiveCallable.java:12)
	at org.junit.runners.model.FrameworkMethod.invokeExplosively(FrameworkMethod.java:47)
	at org.junit.internal.runners.statements.RunBefores.evaluate(RunBefores.java:24)
	at org.junit.internal.runners.statements.RunAfters.evaluate(RunAfters.java:27)
	at org.junit.runners.ParentRunner.run(ParentRunner.java:363)
	at org.gradle.api.internal.tasks.testing.junit.JUnitTestClassExecuter.runTestClass(JUnitTestClassExecuter.java:105)
	at org.gradle.api.internal.tasks.testing.junit.JUnitTestClassExecuter.execute(JUnitTestClassExecuter.java:56)
	at org.gradle.api.internal.tasks.testing.junit.JUnitTestClassProcessor.processTestClass(JUnitTestClassProcessor.java:64)
	at org.gradle.api.internal.tasks.testing.SuiteTestClassProcessor.processTestClass(SuiteTestClassProcessor.java:50)
	at sun.reflect.GeneratedMethodAccessor10.invoke(Unknown Source)
	at sun.reflect.DelegatingMethodAccessorImpl.invoke(DelegatingMethodAccessorImpl.java:43)
	at java.lang.reflect.Method.invoke(Method.java:498)
	at org.gradle.messaging.dispatch.ReflectionDispatch.dispatch(ReflectionDispatch.java:35)
	at org.gradle.messaging.dispatch.ReflectionDispatch.dispatch(ReflectionDispatch.java:24)
	at org.gradle.messaging.dispatch.ContextClassLoaderDispatch.dispatch(ContextClassLoaderDispatch.java:32)
	at org.gradle.messaging.dispatch.ProxyDispatchAdapter$DispatchingInvocationHandler.invoke(ProxyDispatchAdapter.java:93)
	at com.sun.proxy.$Proxy2.processTestClass(Unknown Source)
	at org.gradle.api.internal.tasks.testing.worker.TestWorker.processTestClass(TestWorker.java:106)
	at sun.reflect.GeneratedMethodAccessor9.invoke(Unknown Source)
	at sun.reflect.DelegatingMethodAccessorImpl.invoke(DelegatingMethodAccessorImpl.java:43)
	at java.lang.reflect.Method.invoke(Method.java:498)
	at org.gradle.messaging.dispatch.ReflectionDispatch.dispatch(ReflectionDispatch.java:35)
	at org.gradle.messaging.dispatch.ReflectionDispatch.dispatch(ReflectionDispatch.java:24)
	at org.gradle.messaging.remote.internal.hub.MessageHub$Handler.run(MessageHub.java:360)
	at org.gradle.internal.concurrent.ExecutorPolicy$CatchAndRecordFailures.onExecute(ExecutorPolicy.java:54)
	at org.gradle.internal.concurrent.StoppableExecutorImpl$1.run(StoppableExecutorImpl.java:40)
	at java.util.concurrent.ThreadPoolExecutor.runWorker(ThreadPoolExecutor.java:1149)
	at java.util.concurrent.ThreadPoolExecutor$Worker.run(ThreadPoolExecutor.java:624)
	at java.lang.Thread.run(Thread.java:748)

Nov 18, 2017 7:02:10 PM org.jboss.netty.channel.SimpleChannelUpstreamHandler
WARNING: EXCEPTION, please implement org.jboss.netty.channel.socket.httptunnel.TunnelWrappedServerChannelHandler.exceptionCaught() for proper handling.
java.net.BindException: Address already in use
	at sun.nio.ch.Net.bind0(Native Method)
	at sun.nio.ch.Net.bind(Net.java:433)
	at sun.nio.ch.Net.bind(Net.java:425)
	at sun.nio.ch.ServerSocketChannelImpl.bind(ServerSocketChannelImpl.java:223)
	at sun.nio.ch.ServerSocketAdaptor.bind(ServerSocketAdaptor.java:74)
	at org.jboss.netty.channel.socket.nio.NioServerSocketPipelineSink.bind(NioServerSocketPipelineSink.java:140)
	at org.jboss.netty.channel.socket.nio.NioServerSocketPipelineSink.handleServerSocket(NioServerSocketPipelineSink.java:90)
	at org.jboss.netty.channel.socket.nio.NioServerSocketPipelineSink.eventSunk(NioServerSocketPipelineSink.java:64)
	at org.jboss.netty.channel.Channels.bind(Channels.java:569)
	at org.jboss.netty.channel.AbstractChannel.bind(AbstractChannel.java:189)
	at org.jboss.netty.channel.socket.httptunnel.HttpTunnelServerChannelSink.eventSunk(HttpTunnelServerChannelSink.java:50)
	at org.jboss.netty.channel.Channels.bind(Channels.java:569)
	at org.jboss.netty.channel.AbstractChannel.bind(AbstractChannel.java:189)
	at org.jboss.netty.bootstrap.ServerBootstrap$Binder.channelOpen(ServerBootstrap.java:343)
	at org.jboss.netty.channel.Channels.fireChannelOpen(Channels.java:170)
	at org.jboss.netty.channel.socket.httptunnel.HttpTunnelServerChannel.<init>(HttpTunnelServerChannel.java:57)
	at org.jboss.netty.channel.socket.httptunnel.HttpTunnelServerChannelFactory.newChannel(HttpTunnelServerChannelFactory.java:41)
	at org.jboss.netty.channel.socket.httptunnel.HttpTunnelServerChannelFactory.newChannel(HttpTunnelServerChannelFactory.java:30)
	at org.jboss.netty.bootstrap.ServerBootstrap.bind(ServerBootstrap.java:277)
	at net.jxta.impl.endpoint.netty.NettyTransportServer.bindServerChannel(NettyTransportServer.java:122)
	at net.jxta.impl.endpoint.netty.NettyTransportServer.init(NettyTransportServer.java:83)
	at net.jxta.impl.endpoint.netty.NettyTransport.initServer(NettyTransport.java:113)
	at net.jxta.impl.endpoint.netty.NettyTransport.init(NettyTransport.java:75)
	at net.jxta.impl.peergroup.GenericPeerGroup.loadModule(GenericPeerGroup.java:677)
	at net.jxta.impl.peergroup.GenericPeerGroup.loadModule(GenericPeerGroup.java:801)
	at net.jxta.impl.peergroup.StdPeerGroup.loadAllModules(StdPeerGroup.java:295)
	at net.jxta.impl.peergroup.StdPeerGroup.initFirst(StdPeerGroup.java:842)
	at net.jxta.impl.peergroup.Platform.initFirst(Platform.java:214)
	at net.jxta.impl.peergroup.GenericPeerGroup.init(GenericPeerGroup.java:907)
	at net.jxta.peergroup.WorldPeerGroupFactory.newWorldPeerGroup(WorldPeerGroupFactory.java:312)
	at net.jxta.peergroup.WorldPeerGroupFactory.<init>(WorldPeerGroupFactory.java:182)
	at net.jxta.peergroup.NetPeerGroupFactory.<init>(NetPeerGroupFactory.java:203)
	at net.jxta.platform.NetworkManager.startNetwork(NetworkManager.java:408)
	at network.impl.jxta.JxtaNode.start(JxtaNode.java:65)
	at network.impl.jxta.JxtaPeer.start(JxtaPeer.java:44)
	at network.factories.PeerFactory.createAndStartPeer(PeerFactory.java:158)
	at network.factories.PeerFactory.createDefaultAndStartPeerForTest(PeerFactory.java:96)
	at network.factories.PeerFactory.createDefaultAndStartPeerForTest(PeerFactory.java:88)
	at controller.Application.runForTests(Application.java:55)
	at controller.ControllerTest.initialize(ControllerTest.java:88)
	at sun.reflect.NativeMethodAccessorImpl.invoke0(Native Method)
	at sun.reflect.NativeMethodAccessorImpl.invoke(NativeMethodAccessorImpl.java:62)
	at sun.reflect.DelegatingMethodAccessorImpl.invoke(DelegatingMethodAccessorImpl.java:43)
	at java.lang.reflect.Method.invoke(Method.java:498)
	at org.junit.runners.model.FrameworkMethod$1.runReflectiveCall(FrameworkMethod.java:50)
	at org.junit.internal.runners.model.ReflectiveCallable.run(ReflectiveCallable.java:12)
	at org.junit.runners.model.FrameworkMethod.invokeExplosively(FrameworkMethod.java:47)
	at org.junit.internal.runners.statements.RunBefores.evaluate(RunBefores.java:24)
	at org.junit.internal.runners.statements.RunAfters.evaluate(RunAfters.java:27)
	at org.junit.runners.ParentRunner.run(ParentRunner.java:363)
	at org.gradle.api.internal.tasks.testing.junit.JUnitTestClassExecuter.runTestClass(JUnitTestClassExecuter.java:105)
	at org.gradle.api.internal.tasks.testing.junit.JUnitTestClassExecuter.execute(JUnitTestClassExecuter.java:56)
	at org.gradle.api.internal.tasks.testing.junit.JUnitTestClassProcessor.processTestClass(JUnitTestClassProcessor.java:64)
	at org.gradle.api.internal.tasks.testing.SuiteTestClassProcessor.processTestClass(SuiteTestClassProcessor.java:50)
	at sun.reflect.GeneratedMethodAccessor10.invoke(Unknown Source)
	at sun.reflect.DelegatingMethodAccessorImpl.invoke(DelegatingMethodAccessorImpl.java:43)
	at java.lang.reflect.Method.invoke(Method.java:498)
	at org.gradle.messaging.dispatch.ReflectionDispatch.dispatch(ReflectionDispatch.java:35)
	at org.gradle.messaging.dispatch.ReflectionDispatch.dispatch(ReflectionDispatch.java:24)
	at org.gradle.messaging.dispatch.ContextClassLoaderDispatch.dispatch(ContextClassLoaderDispatch.java:32)
	at org.gradle.messaging.dispatch.ProxyDispatchAdapter$DispatchingInvocationHandler.invoke(ProxyDispatchAdapter.java:93)
	at com.sun.proxy.$Proxy2.processTestClass(Unknown Source)
	at org.gradle.api.internal.tasks.testing.worker.TestWorker.processTestClass(TestWorker.java:106)
	at sun.reflect.GeneratedMethodAccessor9.invoke(Unknown Source)
	at sun.reflect.DelegatingMethodAccessorImpl.invoke(DelegatingMethodAccessorImpl.java:43)
	at java.lang.reflect.Method.invoke(Method.java:498)
	at org.gradle.messaging.dispatch.ReflectionDispatch.dispatch(ReflectionDispatch.java:35)
	at org.gradle.messaging.dispatch.ReflectionDispatch.dispatch(ReflectionDispatch.java:24)
	at org.gradle.messaging.remote.internal.hub.MessageHub$Handler.run(MessageHub.java:360)
	at org.gradle.internal.concurrent.ExecutorPolicy$CatchAndRecordFailures.onExecute(ExecutorPolicy.java:54)
	at org.gradle.internal.concurrent.StoppableExecutorImpl$1.run(StoppableExecutorImpl.java:40)
	at java.util.concurrent.ThreadPoolExecutor.runWorker(ThreadPoolExecutor.java:1149)
	at java.util.concurrent.ThreadPoolExecutor$Worker.run(ThreadPoolExecutor.java:624)
	at java.lang.Thread.run(Thread.java:748)

Nov 18, 2017 7:02:10 PM org.jboss.netty.channel.SimpleChannelUpstreamHandler
WARNING: EXCEPTION, please implement org.jboss.netty.channel.socket.httptunnel.TunnelWrappedServerChannelHandler.exceptionCaught() for proper handling.
java.net.BindException: Address already in use
	at sun.nio.ch.Net.bind0(Native Method)
	at sun.nio.ch.Net.bind(Net.java:433)
	at sun.nio.ch.Net.bind(Net.java:425)
	at sun.nio.ch.ServerSocketChannelImpl.bind(ServerSocketChannelImpl.java:223)
	at sun.nio.ch.ServerSocketAdaptor.bind(ServerSocketAdaptor.java:74)
	at org.jboss.netty.channel.socket.nio.NioServerSocketPipelineSink.bind(NioServerSocketPipelineSink.java:140)
	at org.jboss.netty.channel.socket.nio.NioServerSocketPipelineSink.handleServerSocket(NioServerSocketPipelineSink.java:90)
	at org.jboss.netty.channel.socket.nio.NioServerSocketPipelineSink.eventSunk(NioServerSocketPipelineSink.java:64)
	at org.jboss.netty.channel.Channels.bind(Channels.java:569)
	at org.jboss.netty.channel.AbstractChannel.bind(AbstractChannel.java:189)
	at org.jboss.netty.channel.socket.httptunnel.HttpTunnelServerChannelSink.eventSunk(HttpTunnelServerChannelSink.java:50)
	at org.jboss.netty.channel.Channels.bind(Channels.java:569)
	at org.jboss.netty.channel.AbstractChannel.bind(AbstractChannel.java:189)
	at org.jboss.netty.bootstrap.ServerBootstrap$Binder.channelOpen(ServerBootstrap.java:343)
	at org.jboss.netty.channel.Channels.fireChannelOpen(Channels.java:170)
	at org.jboss.netty.channel.socket.httptunnel.HttpTunnelServerChannel.<init>(HttpTunnelServerChannel.java:57)
	at org.jboss.netty.channel.socket.httptunnel.HttpTunnelServerChannelFactory.newChannel(HttpTunnelServerChannelFactory.java:41)
	at org.jboss.netty.channel.socket.httptunnel.HttpTunnelServerChannelFactory.newChannel(HttpTunnelServerChannelFactory.java:30)
	at org.jboss.netty.bootstrap.ServerBootstrap.bind(ServerBootstrap.java:277)
	at net.jxta.impl.endpoint.netty.NettyTransportServer.bindServerChannel(NettyTransportServer.java:122)
	at net.jxta.impl.endpoint.netty.NettyTransportServer.init(NettyTransportServer.java:83)
	at net.jxta.impl.endpoint.netty.NettyTransport.initServer(NettyTransport.java:113)
	at net.jxta.impl.endpoint.netty.NettyTransport.init(NettyTransport.java:75)
	at net.jxta.impl.peergroup.GenericPeerGroup.loadModule(GenericPeerGroup.java:677)
	at net.jxta.impl.peergroup.GenericPeerGroup.loadModule(GenericPeerGroup.java:801)
	at net.jxta.impl.peergroup.StdPeerGroup.loadAllModules(StdPeerGroup.java:295)
	at net.jxta.impl.peergroup.StdPeerGroup.initFirst(StdPeerGroup.java:842)
	at net.jxta.impl.peergroup.Platform.initFirst(Platform.java:214)
	at net.jxta.impl.peergroup.GenericPeerGroup.init(GenericPeerGroup.java:907)
	at net.jxta.peergroup.WorldPeerGroupFactory.newWorldPeerGroup(WorldPeerGroupFactory.java:312)
	at net.jxta.peergroup.WorldPeerGroupFactory.<init>(WorldPeerGroupFactory.java:182)
	at net.jxta.peergroup.NetPeerGroupFactory.<init>(NetPeerGroupFactory.java:203)
	at net.jxta.platform.NetworkManager.startNetwork(NetworkManager.java:408)
	at network.impl.jxta.JxtaNode.start(JxtaNode.java:65)
	at network.impl.jxta.JxtaPeer.start(JxtaPeer.java:44)
	at network.factories.PeerFactory.createAndStartPeer(PeerFactory.java:158)
	at network.factories.PeerFactory.createDefaultAndStartPeerForTest(PeerFactory.java:96)
	at network.factories.PeerFactory.createDefaultAndStartPeerForTest(PeerFactory.java:88)
	at controller.Application.runForTests(Application.java:55)
	at controller.ControllerTest.initialize(ControllerTest.java:88)
	at sun.reflect.NativeMethodAccessorImpl.invoke0(Native Method)
	at sun.reflect.NativeMethodAccessorImpl.invoke(NativeMethodAccessorImpl.java:62)
	at sun.reflect.DelegatingMethodAccessorImpl.invoke(DelegatingMethodAccessorImpl.java:43)
	at java.lang.reflect.Method.invoke(Method.java:498)
	at org.junit.runners.model.FrameworkMethod$1.runReflectiveCall(FrameworkMethod.java:50)
	at org.junit.internal.runners.model.ReflectiveCallable.run(ReflectiveCallable.java:12)
	at org.junit.runners.model.FrameworkMethod.invokeExplosively(FrameworkMethod.java:47)
	at org.junit.internal.runners.statements.RunBefores.evaluate(RunBefores.java:24)
	at org.junit.internal.runners.statements.RunAfters.evaluate(RunAfters.java:27)
	at org.junit.runners.ParentRunner.run(ParentRunner.java:363)
	at org.gradle.api.internal.tasks.testing.junit.JUnitTestClassExecuter.runTestClass(JUnitTestClassExecuter.java:105)
	at org.gradle.api.internal.tasks.testing.junit.JUnitTestClassExecuter.execute(JUnitTestClassExecuter.java:56)
	at org.gradle.api.internal.tasks.testing.junit.JUnitTestClassProcessor.processTestClass(JUnitTestClassProcessor.java:64)
	at org.gradle.api.internal.tasks.testing.SuiteTestClassProcessor.processTestClass(SuiteTestClassProcessor.java:50)
	at sun.reflect.GeneratedMethodAccessor10.invoke(Unknown Source)
	at sun.reflect.DelegatingMethodAccessorImpl.invoke(DelegatingMethodAccessorImpl.java:43)
	at java.lang.reflect.Method.invoke(Method.java:498)
	at org.gradle.messaging.dispatch.ReflectionDispatch.dispatch(ReflectionDispatch.java:35)
	at org.gradle.messaging.dispatch.ReflectionDispatch.dispatch(ReflectionDispatch.java:24)
	at org.gradle.messaging.dispatch.ContextClassLoaderDispatch.dispatch(ContextClassLoaderDispatch.java:32)
	at org.gradle.messaging.dispatch.ProxyDispatchAdapter$DispatchingInvocationHandler.invoke(ProxyDispatchAdapter.java:93)
	at com.sun.proxy.$Proxy2.processTestClass(Unknown Source)
	at org.gradle.api.internal.tasks.testing.worker.TestWorker.processTestClass(TestWorker.java:106)
	at sun.reflect.GeneratedMethodAccessor9.invoke(Unknown Source)
	at sun.reflect.DelegatingMethodAccessorImpl.invoke(DelegatingMethodAccessorImpl.java:43)
	at java.lang.reflect.Method.invoke(Method.java:498)
	at org.gradle.messaging.dispatch.ReflectionDispatch.dispatch(ReflectionDispatch.java:35)
	at org.gradle.messaging.dispatch.ReflectionDispatch.dispatch(ReflectionDispatch.java:24)
	at org.gradle.messaging.remote.internal.hub.MessageHub$Handler.run(MessageHub.java:360)
	at org.gradle.internal.concurrent.ExecutorPolicy$CatchAndRecordFailures.onExecute(ExecutorPolicy.java:54)
	at org.gradle.internal.concurrent.StoppableExecutorImpl$1.run(StoppableExecutorImpl.java:40)
	at java.util.concurrent.ThreadPoolExecutor.runWorker(ThreadPoolExecutor.java:1149)
	at java.util.concurrent.ThreadPoolExecutor$Worker.run(ThreadPoolExecutor.java:624)
	at java.lang.Thread.run(Thread.java:748)

Nov 18, 2017 7:02:10 PM org.jboss.netty.channel.SimpleChannelUpstreamHandler
WARNING: EXCEPTION, please implement org.jboss.netty.channel.socket.httptunnel.TunnelWrappedServerChannelHandler.exceptionCaught() for proper handling.
java.net.BindException: Address already in use
	at sun.nio.ch.Net.bind0(Native Method)
	at sun.nio.ch.Net.bind(Net.java:433)
	at sun.nio.ch.Net.bind(Net.java:425)
	at sun.nio.ch.ServerSocketChannelImpl.bind(ServerSocketChannelImpl.java:223)
	at sun.nio.ch.ServerSocketAdaptor.bind(ServerSocketAdaptor.java:74)
	at org.jboss.netty.channel.socket.nio.NioServerSocketPipelineSink.bind(NioServerSocketPipelineSink.java:140)
	at org.jboss.netty.channel.socket.nio.NioServerSocketPipelineSink.handleServerSocket(NioServerSocketPipelineSink.java:90)
	at org.jboss.netty.channel.socket.nio.NioServerSocketPipelineSink.eventSunk(NioServerSocketPipelineSink.java:64)
	at org.jboss.netty.channel.Channels.bind(Channels.java:569)
	at org.jboss.netty.channel.AbstractChannel.bind(AbstractChannel.java:189)
	at org.jboss.netty.channel.socket.httptunnel.HttpTunnelServerChannelSink.eventSunk(HttpTunnelServerChannelSink.java:50)
	at org.jboss.netty.channel.Channels.bind(Channels.java:569)
	at org.jboss.netty.channel.AbstractChannel.bind(AbstractChannel.java:189)
	at org.jboss.netty.bootstrap.ServerBootstrap$Binder.channelOpen(ServerBootstrap.java:343)
	at org.jboss.netty.channel.Channels.fireChannelOpen(Channels.java:170)
	at org.jboss.netty.channel.socket.httptunnel.HttpTunnelServerChannel.<init>(HttpTunnelServerChannel.java:57)
	at org.jboss.netty.channel.socket.httptunnel.HttpTunnelServerChannelFactory.newChannel(HttpTunnelServerChannelFactory.java:41)
	at org.jboss.netty.channel.socket.httptunnel.HttpTunnelServerChannelFactory.newChannel(HttpTunnelServerChannelFactory.java:30)
	at org.jboss.netty.bootstrap.ServerBootstrap.bind(ServerBootstrap.java:277)
	at net.jxta.impl.endpoint.netty.NettyTransportServer.bindServerChannel(NettyTransportServer.java:122)
	at net.jxta.impl.endpoint.netty.NettyTransportServer.init(NettyTransportServer.java:83)
	at net.jxta.impl.endpoint.netty.NettyTransport.initServer(NettyTransport.java:113)
	at net.jxta.impl.endpoint.netty.NettyTransport.init(NettyTransport.java:75)
	at net.jxta.impl.peergroup.GenericPeerGroup.loadModule(GenericPeerGroup.java:677)
	at net.jxta.impl.peergroup.GenericPeerGroup.loadModule(GenericPeerGroup.java:801)
	at net.jxta.impl.peergroup.StdPeerGroup.loadAllModules(StdPeerGroup.java:295)
	at net.jxta.impl.peergroup.StdPeerGroup.initFirst(StdPeerGroup.java:842)
	at net.jxta.impl.peergroup.Platform.initFirst(Platform.java:214)
	at net.jxta.impl.peergroup.GenericPeerGroup.init(GenericPeerGroup.java:907)
	at net.jxta.peergroup.WorldPeerGroupFactory.newWorldPeerGroup(WorldPeerGroupFactory.java:312)
	at net.jxta.peergroup.WorldPeerGroupFactory.<init>(WorldPeerGroupFactory.java:182)
	at net.jxta.peergroup.NetPeerGroupFactory.<init>(NetPeerGroupFactory.java:203)
	at net.jxta.platform.NetworkManager.startNetwork(NetworkManager.java:408)
	at network.impl.jxta.JxtaNode.start(JxtaNode.java:65)
	at network.impl.jxta.JxtaPeer.start(JxtaPeer.java:44)
	at network.factories.PeerFactory.createAndStartPeer(PeerFactory.java:158)
	at network.factories.PeerFactory.createDefaultAndStartPeerForTest(PeerFactory.java:96)
	at network.factories.PeerFactory.createDefaultAndStartPeerForTest(PeerFactory.java:88)
	at controller.Application.runForTests(Application.java:55)
	at controller.ControllerTest.initialize(ControllerTest.java:88)
	at sun.reflect.NativeMethodAccessorImpl.invoke0(Native Method)
	at sun.reflect.NativeMethodAccessorImpl.invoke(NativeMethodAccessorImpl.java:62)
	at sun.reflect.DelegatingMethodAccessorImpl.invoke(DelegatingMethodAccessorImpl.java:43)
	at java.lang.reflect.Method.invoke(Method.java:498)
	at org.junit.runners.model.FrameworkMethod$1.runReflectiveCall(FrameworkMethod.java:50)
	at org.junit.internal.runners.model.ReflectiveCallable.run(ReflectiveCallable.java:12)
	at org.junit.runners.model.FrameworkMethod.invokeExplosively(FrameworkMethod.java:47)
	at org.junit.internal.runners.statements.RunBefores.evaluate(RunBefores.java:24)
	at org.junit.internal.runners.statements.RunAfters.evaluate(RunAfters.java:27)
	at org.junit.runners.ParentRunner.run(ParentRunner.java:363)
	at org.gradle.api.internal.tasks.testing.junit.JUnitTestClassExecuter.runTestClass(JUnitTestClassExecuter.java:105)
	at org.gradle.api.internal.tasks.testing.junit.JUnitTestClassExecuter.execute(JUnitTestClassExecuter.java:56)
	at org.gradle.api.internal.tasks.testing.junit.JUnitTestClassProcessor.processTestClass(JUnitTestClassProcessor.java:64)
	at org.gradle.api.internal.tasks.testing.SuiteTestClassProcessor.processTestClass(SuiteTestClassProcessor.java:50)
	at sun.reflect.GeneratedMethodAccessor10.invoke(Unknown Source)
	at sun.reflect.DelegatingMethodAccessorImpl.invoke(DelegatingMethodAccessorImpl.java:43)
	at java.lang.reflect.Method.invoke(Method.java:498)
	at org.gradle.messaging.dispatch.ReflectionDispatch.dispatch(ReflectionDispatch.java:35)
	at org.gradle.messaging.dispatch.ReflectionDispatch.dispatch(ReflectionDispatch.java:24)
	at org.gradle.messaging.dispatch.ContextClassLoaderDispatch.dispatch(ContextClassLoaderDispatch.java:32)
	at org.gradle.messaging.dispatch.ProxyDispatchAdapter$DispatchingInvocationHandler.invoke(ProxyDispatchAdapter.java:93)
	at com.sun.proxy.$Proxy2.processTestClass(Unknown Source)
	at org.gradle.api.internal.tasks.testing.worker.TestWorker.processTestClass(TestWorker.java:106)
	at sun.reflect.GeneratedMethodAccessor9.invoke(Unknown Source)
	at sun.reflect.DelegatingMethodAccessorImpl.invoke(DelegatingMethodAccessorImpl.java:43)
	at java.lang.reflect.Method.invoke(Method.java:498)
	at org.gradle.messaging.dispatch.ReflectionDispatch.dispatch(ReflectionDispatch.java:35)
	at org.gradle.messaging.dispatch.ReflectionDispatch.dispatch(ReflectionDispatch.java:24)
	at org.gradle.messaging.remote.internal.hub.MessageHub$Handler.run(MessageHub.java:360)
	at org.gradle.internal.concurrent.ExecutorPolicy$CatchAndRecordFailures.onExecute(ExecutorPolicy.java:54)
	at org.gradle.internal.concurrent.StoppableExecutorImpl$1.run(StoppableExecutorImpl.java:40)
	at java.util.concurrent.ThreadPoolExecutor.runWorker(ThreadPoolExecutor.java:1149)
	at java.util.concurrent.ThreadPoolExecutor$Worker.run(ThreadPoolExecutor.java:624)
	at java.lang.Thread.run(Thread.java:748)

Nov 18, 2017 7:02:10 PM net.jxta.logging.Logging logCheckedSevere
SEVERE: Line 685 net.jxta.impl.peergroup.GenericPeerGroup.loadModule()
net.jxta.exception.PeerGroupException: Failed to bind to any address in the configured range
Line 89 net.jxta.impl.endpoint.netty.NettyTransportServer.init()
Line 113 net.jxta.impl.endpoint.netty.NettyTransport.initServer()
Line 75 net.jxta.impl.endpoint.netty.NettyTransport.init()
Line 677 net.jxta.impl.peergroup.GenericPeerGroup.loadModule()
Line 801 net.jxta.impl.peergroup.GenericPeerGroup.loadModule()
Line 295 net.jxta.impl.peergroup.StdPeerGroup.loadAllModules()
Line 842 net.jxta.impl.peergroup.StdPeerGroup.initFirst()
Line 214 net.jxta.impl.peergroup.Platform.initFirst()
Line 907 net.jxta.impl.peergroup.GenericPeerGroup.init()
Line 312 net.jxta.peergroup.WorldPeerGroupFactory.newWorldPeerGroup()
Line 182 net.jxta.peergroup.WorldPeerGroupFactory.<init>()
Line 203 net.jxta.peergroup.NetPeerGroupFactory.<init>()
Line 408 net.jxta.platform.NetworkManager.startNetwork()
Line 65 network.impl.jxta.JxtaNode.start()
Line 44 network.impl.jxta.JxtaPeer.start()
Line 158 network.factories.PeerFactory.createAndStartPeer()
Line 96 network.factories.PeerFactory.createDefaultAndStartPeerForTest()
Line 88 network.factories.PeerFactory.createDefaultAndStartPeerForTest()
Line 55 controller.Application.runForTests()
Line 88 controller.ControllerTest.initialize()
Line -2 sun.reflect.NativeMethodAccessorImpl.invoke0()
Line 62 sun.reflect.NativeMethodAccessorImpl.invoke()
Line 43 sun.reflect.DelegatingMethodAccessorImpl.invoke()
Line 498 java.lang.reflect.Method.invoke()
Line 50 org.junit.runners.model.FrameworkMethod$1.runReflectiveCall()
Line 12 org.junit.internal.runners.model.ReflectiveCallable.run()
Line 47 org.junit.runners.model.FrameworkMethod.invokeExplosively()
Line 24 org.junit.internal.runners.statements.RunBefores.evaluate()
Line 27 org.junit.internal.runners.statements.RunAfters.evaluate()
Line 363 org.junit.runners.ParentRunner.run()
Line 105 org.gradle.api.internal.tasks.testing.junit.JUnitTestClassExecuter.runTestClass()
Line 56 org.gradle.api.internal.tasks.testing.junit.JUnitTestClassExecuter.execute()
Line 64 org.gradle.api.internal.tasks.testing.junit.JUnitTestClassProcessor.processTestClass()
Line 50 org.gradle.api.internal.tasks.testing.SuiteTestClassProcessor.processTestClass()
Line -1 sun.reflect.GeneratedMethodAccessor10.invoke()
Line 43 sun.reflect.DelegatingMethodAccessorImpl.invoke()
Line 498 java.lang.reflect.Method.invoke()
Line 35 org.gradle.messaging.dispatch.ReflectionDispatch.dispatch()
Line 24 org.gradle.messaging.dispatch.ReflectionDispatch.dispatch()
Line 32 org.gradle.messaging.dispatch.ContextClassLoaderDispatch.dispatch()
Line 93 org.gradle.messaging.dispatch.ProxyDispatchAdapter$DispatchingInvocationHandler.invoke()
Line -1 com.sun.proxy.$Proxy2.processTestClass()
Line 106 org.gradle.api.internal.tasks.testing.worker.TestWorker.processTestClass()
Line -1 sun.reflect.GeneratedMethodAccessor9.invoke()
Line 43 sun.reflect.DelegatingMethodAccessorImpl.invoke()
Line 498 java.lang.reflect.Method.invoke()
Line 35 org.gradle.messaging.dispatch.ReflectionDispatch.dispatch()
Line 24 org.gradle.messaging.dispatch.ReflectionDispatch.dispatch()
Line 360 org.gradle.messaging.remote.internal.hub.MessageHub$Handler.run()
Line 54 org.gradle.internal.concurrent.ExecutorPolicy$CatchAndRecordFailures.onExecute()
Line 40 org.gradle.internal.concurrent.StoppableExecutorImpl$1.run()
Line 1149 java.util.concurrent.ThreadPoolExecutor.runWorker()
Line 624 java.util.concurrent.ThreadPoolExecutor$Worker.run()
Line 748 java.lang.Thread.run()

Nov 18, 2017 7:02:10 PM net.jxta.logging.Logging logCheckedSevere
SEVERE: Line 1421 net.jxta.impl.rendezvous.rpv.PeerView.rescheduleKick()
Cannot set timer. RPV will not work.
java.util.concurrent.RejectedExecutionException: Task java.util.concurrent.ScheduledThreadPoolExecutor$ScheduledFutureTask@35b59db4 rejected from java.util.concurrent.ScheduledThreadPoolExecutor@33dcf7a1[Terminated, pool size = 0, active threads = 0, queued tasks = 0, completed tasks = 3]
Line 2063 java.util.concurrent.ThreadPoolExecutor$AbortPolicy.rejectedExecution()
Line 830 java.util.concurrent.ThreadPoolExecutor.reject()
Line 326 java.util.concurrent.ScheduledThreadPoolExecutor.delayedExecute()
Line 533 java.util.concurrent.ScheduledThreadPoolExecutor.schedule()
Line 729 java.util.concurrent.Executors$DelegatedScheduledExecutorService.schedule()
Line 124 net.jxta.impl.util.threads.ProxiedScheduledExecutorService.schedule()
Line 930 net.jxta.impl.rendezvous.rpv.PeerView.addTask()
Line 1417 net.jxta.impl.rendezvous.rpv.PeerView.rescheduleKick()
Line 1303 net.jxta.impl.rendezvous.rpv.PeerView.notifyFailure()
Line 380 net.jxta.impl.rendezvous.rpv.PeerViewElement.getCachedMessenger()
Line 292 net.jxta.impl.rendezvous.rpv.PeerViewElement.sendMessage()
Line 1101 net.jxta.impl.rendezvous.rpv.PeerView.send()
Line 740 net.jxta.impl.rendezvous.rpv.PeerView.handlePeerViewMessage()
Line 666 net.jxta.impl.rendezvous.rpv.PeerView.processIncomingMessage()
Line 1024 net.jxta.impl.endpoint.EndpointServiceImpl.processIncomingMessage()
Line 132 net.jxta.impl.endpoint.netty.AsynchronousNettyMessenger$2.run()
Line 17 net.jxta.impl.util.threads.RunnableAsCallableWrapper.call()
Line 50 net.jxta.impl.util.threads.RunMetricsWrapper.call()
Line 34 net.jxta.impl.util.threads.QueueTimeRunMetricsWrapper.call()
Line 93 net.jxta.impl.util.threads.RunMetricsWrapper.run()
Line 9 net.jxta.impl.util.threads.QueueTimeRunMetricsWrapper.run()
Line 1149 java.util.concurrent.ThreadPoolExecutor.runWorker()
Line 624 java.util.concurrent.ThreadPoolExecutor$Worker.run()
Line 748 java.lang.Thread.run()

Nov 18, 2017 7:02:10 PM net.jxta.logging.Logging logCheckedSevere
SEVERE: Line 1421 net.jxta.impl.rendezvous.rpv.PeerView.rescheduleKick()
Cannot set timer. RPV will not work.
java.util.concurrent.RejectedExecutionException: Task java.util.concurrent.ScheduledThreadPoolExecutor$ScheduledFutureTask@6eb13235 rejected from java.util.concurrent.ScheduledThreadPoolExecutor@3dce1647[Terminated, pool size = 0, active threads = 0, queued tasks = 0, completed tasks = 3]
Line 2063 java.util.concurrent.ThreadPoolExecutor$AbortPolicy.rejectedExecution()
Line 830 java.util.concurrent.ThreadPoolExecutor.reject()
Line 326 java.util.concurrent.ScheduledThreadPoolExecutor.delayedExecute()
Line 533 java.util.concurrent.ScheduledThreadPoolExecutor.schedule()
Line 729 java.util.concurrent.Executors$DelegatedScheduledExecutorService.schedule()
Line 124 net.jxta.impl.util.threads.ProxiedScheduledExecutorService.schedule()
Line 930 net.jxta.impl.rendezvous.rpv.PeerView.addTask()
Line 1417 net.jxta.impl.rendezvous.rpv.PeerView.rescheduleKick()
Line 1303 net.jxta.impl.rendezvous.rpv.PeerView.notifyFailure()
Line 380 net.jxta.impl.rendezvous.rpv.PeerViewElement.getCachedMessenger()
Line 292 net.jxta.impl.rendezvous.rpv.PeerViewElement.sendMessage()
Line 1101 net.jxta.impl.rendezvous.rpv.PeerView.send()
Line 740 net.jxta.impl.rendezvous.rpv.PeerView.handlePeerViewMessage()
Line 666 net.jxta.impl.rendezvous.rpv.PeerView.processIncomingMessage()
Line 1024 net.jxta.impl.endpoint.EndpointServiceImpl.processIncomingMessage()
Line 767 net.jxta.impl.endpoint.mcast.McastTransport.processMulticast()
Line 890 net.jxta.impl.endpoint.mcast.McastTransport$DatagramProcessor.run()
Line 17 net.jxta.impl.util.threads.RunnableAsCallableWrapper.call()
Line 50 net.jxta.impl.util.threads.RunMetricsWrapper.call()
Line 34 net.jxta.impl.util.threads.QueueTimeRunMetricsWrapper.call()
Line 93 net.jxta.impl.util.threads.RunMetricsWrapper.run()
Line 9 net.jxta.impl.util.threads.QueueTimeRunMetricsWrapper.run()
Line 1149 java.util.concurrent.ThreadPoolExecutor.runWorker()
Line 624 java.util.concurrent.ThreadPoolExecutor$Worker.run()
Line 748 java.lang.Thread.run()

Nov 18, 2017 7:02:10 PM net.jxta.logging.Logging logCheckedSevere
SEVERE: Line 1421 net.jxta.impl.rendezvous.rpv.PeerView.rescheduleKick()
Cannot set timer. RPV will not work.
java.util.concurrent.RejectedExecutionException: Task java.util.concurrent.ScheduledThreadPoolExecutor$ScheduledFutureTask@44f9b4d2 rejected from java.util.concurrent.ScheduledThreadPoolExecutor@33dcf7a1[Terminated, pool size = 0, active threads = 0, queued tasks = 0, completed tasks = 3]
Line 2063 java.util.concurrent.ThreadPoolExecutor$AbortPolicy.rejectedExecution()
Line 830 java.util.concurrent.ThreadPoolExecutor.reject()
Line 326 java.util.concurrent.ScheduledThreadPoolExecutor.delayedExecute()
Line 533 java.util.concurrent.ScheduledThreadPoolExecutor.schedule()
Line 729 java.util.concurrent.Executors$DelegatedScheduledExecutorService.schedule()
Line 124 net.jxta.impl.util.threads.ProxiedScheduledExecutorService.schedule()
Line 930 net.jxta.impl.rendezvous.rpv.PeerView.addTask()
Line 1417 net.jxta.impl.rendezvous.rpv.PeerView.rescheduleKick()
Line 1303 net.jxta.impl.rendezvous.rpv.PeerView.notifyFailure()
Line 380 net.jxta.impl.rendezvous.rpv.PeerViewElement.getCachedMessenger()
Line 292 net.jxta.impl.rendezvous.rpv.PeerViewElement.sendMessage()
Line 1101 net.jxta.impl.rendezvous.rpv.PeerView.send()
Line 740 net.jxta.impl.rendezvous.rpv.PeerView.handlePeerViewMessage()
Line 666 net.jxta.impl.rendezvous.rpv.PeerView.processIncomingMessage()
Line 1024 net.jxta.impl.endpoint.EndpointServiceImpl.processIncomingMessage()
Line 767 net.jxta.impl.endpoint.mcast.McastTransport.processMulticast()
Line 890 net.jxta.impl.endpoint.mcast.McastTransport$DatagramProcessor.run()
Line 17 net.jxta.impl.util.threads.RunnableAsCallableWrapper.call()
Line 50 net.jxta.impl.util.threads.RunMetricsWrapper.call()
Line 34 net.jxta.impl.util.threads.QueueTimeRunMetricsWrapper.call()
Line 93 net.jxta.impl.util.threads.RunMetricsWrapper.run()
Line 9 net.jxta.impl.util.threads.QueueTimeRunMetricsWrapper.run()
Line 1149 java.util.concurrent.ThreadPoolExecutor.runWorker()
Line 624 java.util.concurrent.ThreadPoolExecutor$Worker.run()
Line 748 java.lang.Thread.run()

Nov 18, 2017 7:02:10 PM net.jxta.logging.Logging logCheckedSevere
SEVERE: Line 1421 net.jxta.impl.rendezvous.rpv.PeerView.rescheduleKick()
Cannot set timer. RPV will not work.
java.util.concurrent.RejectedExecutionException: Task java.util.concurrent.ScheduledThreadPoolExecutor$ScheduledFutureTask@18e88e22 rejected from java.util.concurrent.ScheduledThreadPoolExecutor@37a97d97[Terminated, pool size = 0, active threads = 0, queued tasks = 0, completed tasks = 2]
Line 2063 java.util.concurrent.ThreadPoolExecutor$AbortPolicy.rejectedExecution()
Line 830 java.util.concurrent.ThreadPoolExecutor.reject()
Line 326 java.util.concurrent.ScheduledThreadPoolExecutor.delayedExecute()
Line 533 java.util.concurrent.ScheduledThreadPoolExecutor.schedule()
Line 729 java.util.concurrent.Executors$DelegatedScheduledExecutorService.schedule()
Line 124 net.jxta.impl.util.threads.ProxiedScheduledExecutorService.schedule()
Line 930 net.jxta.impl.rendezvous.rpv.PeerView.addTask()
Line 1417 net.jxta.impl.rendezvous.rpv.PeerView.rescheduleKick()
Line 1303 net.jxta.impl.rendezvous.rpv.PeerView.notifyFailure()
Line 380 net.jxta.impl.rendezvous.rpv.PeerViewElement.getCachedMessenger()
Line 292 net.jxta.impl.rendezvous.rpv.PeerViewElement.sendMessage()
Line 1101 net.jxta.impl.rendezvous.rpv.PeerView.send()
Line 740 net.jxta.impl.rendezvous.rpv.PeerView.handlePeerViewMessage()
Line 666 net.jxta.impl.rendezvous.rpv.PeerView.processIncomingMessage()
Line 1024 net.jxta.impl.endpoint.EndpointServiceImpl.processIncomingMessage()
Line 767 net.jxta.impl.endpoint.mcast.McastTransport.processMulticast()
Line 890 net.jxta.impl.endpoint.mcast.McastTransport$DatagramProcessor.run()
Line 17 net.jxta.impl.util.threads.RunnableAsCallableWrapper.call()
Line 50 net.jxta.impl.util.threads.RunMetricsWrapper.call()
Line 34 net.jxta.impl.util.threads.QueueTimeRunMetricsWrapper.call()
Line 93 net.jxta.impl.util.threads.RunMetricsWrapper.run()
Line 9 net.jxta.impl.util.threads.QueueTimeRunMetricsWrapper.run()
Line 1149 java.util.concurrent.ThreadPoolExecutor.runWorker()
Line 624 java.util.concurrent.ThreadPoolExecutor$Worker.run()
Line 748 java.lang.Thread.run()

Nov 18, 2017 7:02:10 PM net.jxta.logging.Logging logCheckedSevere
SEVERE: Line 1421 net.jxta.impl.rendezvous.rpv.PeerView.rescheduleKick()
Cannot set timer. RPV will not work.
java.util.concurrent.RejectedExecutionException: Task java.util.concurrent.ScheduledThreadPoolExecutor$ScheduledFutureTask@50ce1cdd rejected from java.util.concurrent.ScheduledThreadPoolExecutor@17760bf4[Terminated, pool size = 0, active threads = 0, queued tasks = 0, completed tasks = 3]
Line 2063 java.util.concurrent.ThreadPoolExecutor$AbortPolicy.rejectedExecution()
Line 830 java.util.concurrent.ThreadPoolExecutor.reject()
Line 326 java.util.concurrent.ScheduledThreadPoolExecutor.delayedExecute()
Line 533 java.util.concurrent.ScheduledThreadPoolExecutor.schedule()
Line 729 java.util.concurrent.Executors$DelegatedScheduledExecutorService.schedule()
Line 124 net.jxta.impl.util.threads.ProxiedScheduledExecutorService.schedule()
Line 930 net.jxta.impl.rendezvous.rpv.PeerView.addTask()
Line 1417 net.jxta.impl.rendezvous.rpv.PeerView.rescheduleKick()
Line 1303 net.jxta.impl.rendezvous.rpv.PeerView.notifyFailure()
Line 380 net.jxta.impl.rendezvous.rpv.PeerViewElement.getCachedMessenger()
Line 292 net.jxta.impl.rendezvous.rpv.PeerViewElement.sendMessage()
Line 1101 net.jxta.impl.rendezvous.rpv.PeerView.send()
Line 740 net.jxta.impl.rendezvous.rpv.PeerView.handlePeerViewMessage()
Line 666 net.jxta.impl.rendezvous.rpv.PeerView.processIncomingMessage()
Line 1024 net.jxta.impl.endpoint.EndpointServiceImpl.processIncomingMessage()
Line 767 net.jxta.impl.endpoint.mcast.McastTransport.processMulticast()
Line 890 net.jxta.impl.endpoint.mcast.McastTransport$DatagramProcessor.run()
Line 17 net.jxta.impl.util.threads.RunnableAsCallableWrapper.call()
Line 50 net.jxta.impl.util.threads.RunMetricsWrapper.call()
Line 34 net.jxta.impl.util.threads.QueueTimeRunMetricsWrapper.call()
Line 93 net.jxta.impl.util.threads.RunMetricsWrapper.run()
Line 9 net.jxta.impl.util.threads.QueueTimeRunMetricsWrapper.run()
Line 1149 java.util.concurrent.ThreadPoolExecutor.runWorker()
Line 624 java.util.concurrent.ThreadPoolExecutor$Worker.run()
Line 748 java.lang.Thread.run()

Nov 18, 2017 7:02:10 PM net.jxta.logging.Logging logCheckedSevere
SEVERE: Line 1421 net.jxta.impl.rendezvous.rpv.PeerView.rescheduleKick()
Cannot set timer. RPV will not work.
java.util.concurrent.RejectedExecutionException: Task java.util.concurrent.ScheduledThreadPoolExecutor$ScheduledFutureTask@7c5ef757 rejected from java.util.concurrent.ScheduledThreadPoolExecutor@1bf3174c[Terminated, pool size = 0, active threads = 0, queued tasks = 0, completed tasks = 2]
Line 2063 java.util.concurrent.ThreadPoolExecutor$AbortPolicy.rejectedExecution()
Line 830 java.util.concurrent.ThreadPoolExecutor.reject()
Line 326 java.util.concurrent.ScheduledThreadPoolExecutor.delayedExecute()
Line 533 java.util.concurrent.ScheduledThreadPoolExecutor.schedule()
Line 729 java.util.concurrent.Executors$DelegatedScheduledExecutorService.schedule()
Line 124 net.jxta.impl.util.threads.ProxiedScheduledExecutorService.schedule()
Line 930 net.jxta.impl.rendezvous.rpv.PeerView.addTask()
Line 1417 net.jxta.impl.rendezvous.rpv.PeerView.rescheduleKick()
Line 1303 net.jxta.impl.rendezvous.rpv.PeerView.notifyFailure()
Line 380 net.jxta.impl.rendezvous.rpv.PeerViewElement.getCachedMessenger()
Line 292 net.jxta.impl.rendezvous.rpv.PeerViewElement.sendMessage()
Line 1101 net.jxta.impl.rendezvous.rpv.PeerView.send()
Line 740 net.jxta.impl.rendezvous.rpv.PeerView.handlePeerViewMessage()
Line 666 net.jxta.impl.rendezvous.rpv.PeerView.processIncomingMessage()
Line 1024 net.jxta.impl.endpoint.EndpointServiceImpl.processIncomingMessage()
Line 767 net.jxta.impl.endpoint.mcast.McastTransport.processMulticast()
Line 890 net.jxta.impl.endpoint.mcast.McastTransport$DatagramProcessor.run()
Line 17 net.jxta.impl.util.threads.RunnableAsCallableWrapper.call()
Line 50 net.jxta.impl.util.threads.RunMetricsWrapper.call()
Line 34 net.jxta.impl.util.threads.QueueTimeRunMetricsWrapper.call()
Line 93 net.jxta.impl.util.threads.RunMetricsWrapper.run()
Line 9 net.jxta.impl.util.threads.QueueTimeRunMetricsWrapper.run()
Line 1149 java.util.concurrent.ThreadPoolExecutor.runWorker()
Line 624 java.util.concurrent.ThreadPoolExecutor$Worker.run()
Line 748 java.lang.Thread.run()

Nov 18, 2017 7:02:10 PM net.jxta.logging.Logging logCheckedSevere
SEVERE: Line 1421 net.jxta.impl.rendezvous.rpv.PeerView.rescheduleKick()
Cannot set timer. RPV will not work.
java.util.concurrent.RejectedExecutionException: Task java.util.concurrent.ScheduledThreadPoolExecutor$ScheduledFutureTask@38906c48 rejected from java.util.concurrent.ScheduledThreadPoolExecutor@29143479[Terminated, pool size = 0, active threads = 0, queued tasks = 0, completed tasks = 38]
Line 2063 java.util.concurrent.ThreadPoolExecutor$AbortPolicy.rejectedExecution()
Line 830 java.util.concurrent.ThreadPoolExecutor.reject()
Line 326 java.util.concurrent.ScheduledThreadPoolExecutor.delayedExecute()
Line 533 java.util.concurrent.ScheduledThreadPoolExecutor.schedule()
Line 729 java.util.concurrent.Executors$DelegatedScheduledExecutorService.schedule()
Line 124 net.jxta.impl.util.threads.ProxiedScheduledExecutorService.schedule()
Line 930 net.jxta.impl.rendezvous.rpv.PeerView.addTask()
Line 1417 net.jxta.impl.rendezvous.rpv.PeerView.rescheduleKick()
Line 1303 net.jxta.impl.rendezvous.rpv.PeerView.notifyFailure()
Line 380 net.jxta.impl.rendezvous.rpv.PeerViewElement.getCachedMessenger()
Line 292 net.jxta.impl.rendezvous.rpv.PeerViewElement.sendMessage()
Line 151 net.jxta.impl.rendezvous.limited.LimitedRangeWalker.walkMessage()
Line 203 net.jxta.impl.rendezvous.limited.LimitedRangeWalker.walkMessage()
Line 699 net.jxta.impl.rendezvous.rdv.RdvPeerRdvService.walk()
Line 702 net.jxta.impl.rendezvous.RendezVousServiceImpl.walk()
Line 513 net.jxta.impl.pipe.WirePipe.sendMessage()
Line 214 net.jxta.impl.pipe.NonBlockingWireOutputPipe.sendUnModified()
Line 199 net.jxta.impl.pipe.NonBlockingWireOutputPipe.send()
Line 1185 net.jxta.impl.rendezvous.rpv.PeerView.send()
Line 1313 net.jxta.impl.rendezvous.rpv.PeerView.notifyFailure()
Line 380 net.jxta.impl.rendezvous.rpv.PeerViewElement.getCachedMessenger()
Line 292 net.jxta.impl.rendezvous.rpv.PeerViewElement.sendMessage()
Line 1101 net.jxta.impl.rendezvous.rpv.PeerView.send()
Line 740 net.jxta.impl.rendezvous.rpv.PeerView.handlePeerViewMessage()
Line 666 net.jxta.impl.rendezvous.rpv.PeerView.processIncomingMessage()
Line 1024 net.jxta.impl.endpoint.EndpointServiceImpl.processIncomingMessage()
Line 767 net.jxta.impl.endpoint.mcast.McastTransport.processMulticast()
Line 890 net.jxta.impl.endpoint.mcast.McastTransport$DatagramProcessor.run()
Line 17 net.jxta.impl.util.threads.RunnableAsCallableWrapper.call()
Line 50 net.jxta.impl.util.threads.RunMetricsWrapper.call()
Line 34 net.jxta.impl.util.threads.QueueTimeRunMetricsWrapper.call()
Line 93 net.jxta.impl.util.threads.RunMetricsWrapper.run()
Line 9 net.jxta.impl.util.threads.QueueTimeRunMetricsWrapper.run()
Line 1149 java.util.concurrent.ThreadPoolExecutor.runWorker()
Line 624 java.util.concurrent.ThreadPoolExecutor$Worker.run()
Line 748 java.lang.Thread.run()

Nov 18, 2017 7:02:10 PM net.jxta.logging.Logging logCheckedSevere
SEVERE: Line 1421 net.jxta.impl.rendezvous.rpv.PeerView.rescheduleKick()
Cannot set timer. RPV will not work.
java.util.concurrent.RejectedExecutionException: Task java.util.concurrent.ScheduledThreadPoolExecutor$ScheduledFutureTask@5eaab02d rejected from java.util.concurrent.ScheduledThreadPoolExecutor@29143479[Terminated, pool size = 0, active threads = 0, queued tasks = 0, completed tasks = 38]
[...]
Line 748 java.lang.Thread.run()

Nov 18, 2017 7:02:19 PM net.jxta.logging.Logging logCheckedSevere
SEVERE: Line 1421 net.jxta.impl.rendezvous.rpv.PeerView.rescheduleKick()
Cannot set timer. RPV will not work.
java.util.concurrent.RejectedExecutionException: Task java.util.concurrent.ScheduledThreadPoolExecutor$ScheduledFutureTask@5f883ea8 rejected from java.util.concurrent.ScheduledThreadPoolExecutor@33dcf7a1[Terminated, pool size = 0, active threads = 0, queued tasks = 0, completed tasks = 3]
Line 2063 java.util.concurrent.ThreadPoolExecutor$AbortPolicy.rejectedExecution()
Line 830 java.util.concurrent.ThreadPoolExecutor.reject()
Line 326 java.util.concurrent.ScheduledThreadPoolExecutor.delayedExecute()
Line 533 java.util.concurrent.ScheduledThreadPoolExecutor.schedule()
Line 729 java.util.concurrent.Executors$DelegatedScheduledExecutorService.schedule()
Line 124 net.jxta.impl.util.threads.ProxiedScheduledExecutorService.schedule()
Line 930 net.jxta.impl.rendezvous.rpv.PeerView.addTask()
Line 1417 net.jxta.impl.rendezvous.rpv.PeerView.rescheduleKick()
Line 1303 net.jxta.impl.rendezvous.rpv.PeerView.notifyFailure()
Line 380 net.jxta.impl.rendezvous.rpv.PeerViewElement.getCachedMessenger()
Line 292 net.jxta.impl.rendezvous.rpv.PeerViewElement.sendMessage()
Line 1101 net.jxta.impl.rendezvous.rpv.PeerView.send()
Line 740 net.jxta.impl.rendezvous.rpv.PeerView.handlePeerViewMessage()
Line 666 net.jxta.impl.rendezvous.rpv.PeerView.processIncomingMessage()
Line 1024 net.jxta.impl.endpoint.EndpointServiceImpl.processIncomingMessage()
Line 767 net.jxta.impl.endpoint.mcast.McastTransport.processMulticast()
Line 890 net.jxta.impl.endpoint.mcast.McastTransport$DatagramProcessor.run()
Line 17 net.jxta.impl.util.threads.RunnableAsCallableWrapper.call()
Line 50 net.jxta.impl.util.threads.RunMetricsWrapper.call()
Line 34 net.jxta.impl.util.threads.QueueTimeRunMetricsWrapper.call()
Line 93 net.jxta.impl.util.threads.RunMetricsWrapper.run()
Line 9 net.jxta.impl.util.threads.QueueTimeRunMetricsWrapper.run()
Line 1149 java.util.concurrent.ThreadPoolExecutor.runWorker()
Line 624 java.util.concurrent.ThreadPoolExecutor$Worker.run()
Line 748 java.lang.Thread.run()

Nov 18, 2017 7:02:19 PM net.jxta.logging.Logging logCheckedSevere
SEVERE: Line 1421 net.jxta.impl.rendezvous.rpv.PeerView.rescheduleKick()
Cannot set timer. RPV will not work.
java.util.concurrent.RejectedExecutionException: Task java.util.concurrent.ScheduledThreadPoolExecutor$ScheduledFutureTask@2dfd7710 rejected from java.util.concurrent.ScheduledThreadPoolExecutor@17760bf4[Terminated, pool size = 0, active threads = 0, queued tasks = 0, completed tasks = 3]
Line 2063 java.util.concurrent.ThreadPoolExecutor$AbortPolicy.rejectedExecution()
Line 830 java.util.concurrent.ThreadPoolExecutor.reject()
Line 326 java.util.concurrent.ScheduledThreadPoolExecutor.delayedExecute()
Line 533 java.util.concurrent.ScheduledThreadPoolExecutor.schedule()
Line 729 java.util.concurrent.Executors$DelegatedScheduledExecutorService.schedule()
Line 124 net.jxta.impl.util.threads.ProxiedScheduledExecutorService.schedule()
Line 930 net.jxta.impl.rendezvous.rpv.PeerView.addTask()
Line 1417 net.jxta.impl.rendezvous.rpv.PeerView.rescheduleKick()
Line 1303 net.jxta.impl.rendezvous.rpv.PeerView.notifyFailure()
Line 380 net.jxta.impl.rendezvous.rpv.PeerViewElement.getCachedMessenger()
Line 292 net.jxta.impl.rendezvous.rpv.PeerViewElement.sendMessage()
Line 1101 net.jxta.impl.rendezvous.rpv.PeerView.send()
Line 740 net.jxta.impl.rendezvous.rpv.PeerView.handlePeerViewMessage()
Line 666 net.jxta.impl.rendezvous.rpv.PeerView.processIncomingMessage()
Line 1024 net.jxta.impl.endpoint.EndpointServiceImpl.processIncomingMessage()
Line 767 net.jxta.impl.endpoint.mcast.McastTransport.processMulticast()
Line 890 net.jxta.impl.endpoint.mcast.McastTransport$DatagramProcessor.run()
Line 17 net.jxta.impl.util.threads.RunnableAsCallableWrapper.call()
Line 50 net.jxta.impl.util.threads.RunMetricsWrapper.call()
Line 34 net.jxta.impl.util.threads.QueueTimeRunMetricsWrapper.call()
Line 93 net.jxta.impl.util.threads.RunMetricsWrapper.run()
Line 9 net.jxta.impl.util.threads.QueueTimeRunMetricsWrapper.run()
Line 1149 java.util.concurrent.ThreadPoolExecutor.runWorker()
Line 624 java.util.concurrent.ThreadPoolExecutor$Worker.run()
Line 748 java.lang.Thread.run()

Nov 18, 2017 7:02:19 PM net.jxta.logging.Logging logCheckedSevere
SEVERE: Line 1421 net.jxta.impl.rendezvous.rpv.PeerView.rescheduleKick()
Cannot set timer. RPV will not work.
java.util.concurrent.RejectedExecutionException: Task java.util.concurrent.ScheduledThreadPoolExecutor$ScheduledFutureTask@1f8e0d19 rejected from java.util.concurrent.ScheduledThreadPoolExecutor@29143479[Terminated, pool size = 0, active threads = 0, queued tasks = 0, completed tasks = 38]
Line 2063 java.util.concurrent.ThreadPoolExecutor$AbortPolicy.rejectedExecution()
Line 830 java.util.concurrent.ThreadPoolExecutor.reject()
Line 326 java.util.concurrent.ScheduledThreadPoolExecutor.delayedExecute()
Line 533 java.util.concurrent.ScheduledThreadPoolExecutor.schedule()
Line 729 java.util.concurrent.Executors$DelegatedScheduledExecutorService.schedule()
Line 124 net.jxta.impl.util.threads.ProxiedScheduledExecutorService.schedule()
Line 930 net.jxta.impl.rendezvous.rpv.PeerView.addTask()
Line 1417 net.jxta.impl.rendezvous.rpv.PeerView.rescheduleKick()
Line 1303 net.jxta.impl.rendezvous.rpv.PeerView.notifyFailure()
Line 380 net.jxta.impl.rendezvous.rpv.PeerViewElement.getCachedMessenger()
Line 292 net.jxta.impl.rendezvous.rpv.PeerViewElement.sendMessage()
Line 1101 net.jxta.impl.rendezvous.rpv.PeerView.send()
Line 740 net.jxta.impl.rendezvous.rpv.PeerView.handlePeerViewMessage()
Line 666 net.jxta.impl.rendezvous.rpv.PeerView.processIncomingMessage()
Line 1024 net.jxta.impl.endpoint.EndpointServiceImpl.processIncomingMessage()
Line 767 net.jxta.impl.endpoint.mcast.McastTransport.processMulticast()
Line 890 net.jxta.impl.endpoint.mcast.McastTransport$DatagramProcessor.run()
Line 17 net.jxta.impl.util.threads.RunnableAsCallableWrapper.call()
Line 50 net.jxta.impl.util.threads.RunMetricsWrapper.call()
Line 34 net.jxta.impl.util.threads.QueueTimeRunMetricsWrapper.call()
Line 93 net.jxta.impl.util.threads.RunMetricsWrapper.run()
Line 9 net.jxta.impl.util.threads.QueueTimeRunMetricsWrapper.run()
Line 1149 java.util.concurrent.ThreadPoolExecutor.runWorker()
Line 624 java.util.concurrent.ThreadPoolExecutor$Worker.run()
Line 748 java.lang.Thread.run()

Nov 18, 2017 7:02:19 PM net.jxta.logging.Logging logCheckedSevere
SEVERE: Line 1421 net.jxta.impl.rendezvous.rpv.PeerView.rescheduleKick()
Cannot set timer. RPV will not work.
java.util.concurrent.RejectedExecutionException: Task java.util.concurrent.ScheduledThreadPoolExecutor$ScheduledFutureTask@264dca3e rejected from java.util.concurrent.ScheduledThreadPoolExecutor@33dcf7a1[Terminated, pool size = 0, active threads = 0, queued tasks = 0, completed tasks = 3]
Line 2063 java.util.concurrent.ThreadPoolExecutor$AbortPolicy.rejectedExecution()
Line 830 java.util.concurrent.ThreadPoolExecutor.reject()
Line 326 java.util.concurrent.ScheduledThreadPoolExecutor.delayedExecute()
Line 533 java.util.concurrent.ScheduledThreadPoolExecutor.schedule()
Line 729 java.util.concurrent.Executors$DelegatedScheduledExecutorService.schedule()
Line 124 net.jxta.impl.util.threads.ProxiedScheduledExecutorService.schedule()
Line 930 net.jxta.impl.rendezvous.rpv.PeerView.addTask()
Line 1417 net.jxta.impl.rendezvous.rpv.PeerView.rescheduleKick()
Line 1303 net.jxta.impl.rendezvous.rpv.PeerView.notifyFailure()
Line 380 net.jxta.impl.rendezvous.rpv.PeerViewElement.getCachedMessenger()
Line 292 net.jxta.impl.rendezvous.rpv.PeerViewElement.sendMessage()
Line 1101 net.jxta.impl.rendezvous.rpv.PeerView.send()
Line 740 net.jxta.impl.rendezvous.rpv.PeerView.handlePeerViewMessage()
Line 666 net.jxta.impl.rendezvous.rpv.PeerView.processIncomingMessage()
Line 1024 net.jxta.impl.endpoint.EndpointServiceImpl.processIncomingMessage()
Line 132 net.jxta.impl.endpoint.netty.AsynchronousNettyMessenger$2.run()
Line 17 net.jxta.impl.util.threads.RunnableAsCallableWrapper.call()
Line 50 net.jxta.impl.util.threads.RunMetricsWrapper.call()
Line 34 net.jxta.impl.util.threads.QueueTimeRunMetricsWrapper.call()
Line 93 net.jxta.impl.util.threads.RunMetricsWrapper.run()
Line 9 net.jxta.impl.util.threads.QueueTimeRunMetricsWrapper.run()
Line 1149 java.util.concurrent.ThreadPoolExecutor.runWorker()
Line 624 java.util.concurrent.ThreadPoolExecutor$Worker.run()
Line 748 java.lang.Thread.run()

Nov 18, 2017 7:02:19 PM net.jxta.logging.Logging logCheckedSevere
SEVERE: Line 1421 net.jxta.impl.rendezvous.rpv.PeerView.rescheduleKick()
Cannot set timer. RPV will not work.
java.util.concurrent.RejectedExecutionException: Task java.util.concurrent.ScheduledThreadPoolExecutor$ScheduledFutureTask@7fa1f256 rejected from java.util.concurrent.ScheduledThreadPoolExecutor@29143479[Terminated, pool size = 0, active threads = 0, queued tasks = 0, completed tasks = 38]
Line 2063 java.util.concurrent.ThreadPoolExecutor$AbortPolicy.rejectedExecution()
Line 830 java.util.concurrent.ThreadPoolExecutor.reject()
Line 326 java.util.concurrent.ScheduledThreadPoolExecutor.delayedExecute()
Line 533 java.util.concurrent.ScheduledThreadPoolExecutor.schedule()
Line 729 java.util.concurrent.Executors$DelegatedScheduledExecutorService.schedule()
Line 124 net.jxta.impl.util.threads.ProxiedScheduledExecutorService.schedule()
Line 930 net.jxta.impl.rendezvous.rpv.PeerView.addTask()
Line 1417 net.jxta.impl.rendezvous.rpv.PeerView.rescheduleKick()
Line 1303 net.jxta.impl.rendezvous.rpv.PeerView.notifyFailure()
Line 380 net.jxta.impl.rendezvous.rpv.PeerViewElement.getCachedMessenger()
Line 292 net.jxta.impl.rendezvous.rpv.PeerViewElement.sendMessage()
Line 1101 net.jxta.impl.rendezvous.rpv.PeerView.send()
Line 740 net.jxta.impl.rendezvous.rpv.PeerView.handlePeerViewMessage()
Line 666 net.jxta.impl.rendezvous.rpv.PeerView.processIncomingMessage()
Line 1024 net.jxta.impl.endpoint.EndpointServiceImpl.processIncomingMessage()
Line 767 net.jxta.impl.endpoint.mcast.McastTransport.processMulticast()
Line 890 net.jxta.impl.endpoint.mcast.McastTransport$DatagramProcessor.run()
Line 17 net.jxta.impl.util.threads.RunnableAsCallableWrapper.call()
Line 50 net.jxta.impl.util.threads.RunMetricsWrapper.call()
Line 34 net.jxta.impl.util.threads.QueueTimeRunMetricsWrapper.call()
Line 93 net.jxta.impl.util.threads.RunMetricsWrapper.run()
Line 9 net.jxta.impl.util.threads.QueueTimeRunMetricsWrapper.run()
Line 1149 java.util.concurrent.ThreadPoolExecutor.runWorker()
Line 624 java.util.concurrent.ThreadPoolExecutor$Worker.run()
Line 748 java.lang.Thread.run()

Nov 18, 2017 7:02:19 PM net.jxta.logging.Logging logCheckedSevere
SEVERE: Line 1421 net.jxta.impl.rendezvous.rpv.PeerView.rescheduleKick()
Cannot set timer. RPV will not work.
java.util.concurrent.RejectedExecutionException: Task java.util.concurrent.ScheduledThreadPoolExecutor$ScheduledFutureTask@7befe94e rejected from java.util.concurrent.ScheduledThreadPoolExecutor@29143479[Terminated, pool size = 0, active threads = 0, queued tasks = 0, completed tasks = 38]
Line 2063 java.util.concurrent.ThreadPoolExecutor$AbortPolicy.rejectedExecution()
Line 830 java.util.concurrent.ThreadPoolExecutor.reject()
Line 326 java.util.concurrent.ScheduledThreadPoolExecutor.delayedExecute()
Line 533 java.util.concurrent.ScheduledThreadPoolExecutor.schedule()
Line 729 java.util.concurrent.Executors$DelegatedScheduledExecutorService.schedule()
Line 124 net.jxta.impl.util.threads.ProxiedScheduledExecutorService.schedule()
Line 930 net.jxta.impl.rendezvous.rpv.PeerView.addTask()
Line 1417 net.jxta.impl.rendezvous.rpv.PeerView.rescheduleKick()
Line 1303 net.jxta.impl.rendezvous.rpv.PeerView.notifyFailure()
Line 380 net.jxta.impl.rendezvous.rpv.PeerViewElement.getCachedMessenger()
Line 292 net.jxta.impl.rendezvous.rpv.PeerViewElement.sendMessage()
Line 1101 net.jxta.impl.rendezvous.rpv.PeerView.send()
Line 740 net.jxta.impl.rendezvous.rpv.PeerView.handlePeerViewMessage()
Line 666 net.jxta.impl.rendezvous.rpv.PeerView.processIncomingMessage()
Line 1024 net.jxta.impl.endpoint.EndpointServiceImpl.processIncomingMessage()
Line 767 net.jxta.impl.endpoint.mcast.McastTransport.processMulticast()
Line 890 net.jxta.impl.endpoint.mcast.McastTransport$DatagramProcessor.run()
Line 17 net.jxta.impl.util.threads.RunnableAsCallableWrapper.call()
Line 50 net.jxta.impl.util.threads.RunMetricsWrapper.call()
Line 34 net.jxta.impl.util.threads.QueueTimeRunMetricsWrapper.call()
Line 93 net.jxta.impl.util.threads.RunMetricsWrapper.run()
Line 9 net.jxta.impl.util.threads.QueueTimeRunMetricsWrapper.run()
Line 1149 java.util.concurrent.ThreadPoolExecutor.runWorker()
Line 624 java.util.concurrent.ThreadPoolExecutor$Worker.run()
Line 748 java.lang.Thread.run()

Nov 18, 2017 7:02:19 PM net.jxta.logging.Logging logCheckedSevere
SEVERE: Line 1421 net.jxta.impl.rendezvous.rpv.PeerView.rescheduleKick()
Cannot set timer. RPV will not work.
java.util.concurrent.RejectedExecutionException: Task java.util.concurrent.ScheduledThreadPoolExecutor$ScheduledFutureTask@70992931 rejected from java.util.concurrent.ScheduledThreadPoolExecutor@29143479[Terminated, pool size = 0, active threads = 0, queued tasks = 0, completed tasks = 38]
Line 2063 java.util.concurrent.ThreadPoolExecutor$AbortPolicy.rejectedExecution()
Line 830 java.util.concurrent.ThreadPoolExecutor.reject()
Line 326 java.util.concurrent.ScheduledThreadPoolExecutor.delayedExecute()
Line 533 java.util.concurrent.ScheduledThreadPoolExecutor.schedule()
Line 729 java.util.concurrent.Executors$DelegatedScheduledExecutorService.schedule()
Line 124 net.jxta.impl.util.threads.ProxiedScheduledExecutorService.schedule()
Line 930 net.jxta.impl.rendezvous.rpv.PeerView.addTask()
Line 1417 net.jxta.impl.rendezvous.rpv.PeerView.rescheduleKick()
Line 1303 net.jxta.impl.rendezvous.rpv.PeerView.notifyFailure()
Line 380 net.jxta.impl.rendezvous.rpv.PeerViewElement.getCachedMessenger()
Line 292 net.jxta.impl.rendezvous.rpv.PeerViewElement.sendMessage()
Line 1101 net.jxta.impl.rendezvous.rpv.PeerView.send()
Line 740 net.jxta.impl.rendezvous.rpv.PeerView.handlePeerViewMessage()
Line 666 net.jxta.impl.rendezvous.rpv.PeerView.processIncomingMessage()
Line 1024 net.jxta.impl.endpoint.EndpointServiceImpl.processIncomingMessage()
Line 767 net.jxta.impl.endpoint.mcast.McastTransport.processMulticast()
Line 890 net.jxta.impl.endpoint.mcast.McastTransport$DatagramProcessor.run()
Line 17 net.jxta.impl.util.threads.RunnableAsCallableWrapper.call()
Line 50 net.jxta.impl.util.threads.RunMetricsWrapper.call()
Line 34 net.jxta.impl.util.threads.QueueTimeRunMetricsWrapper.call()
Line 93 net.jxta.impl.util.threads.RunMetricsWrapper.run()
Line 9 net.jxta.impl.util.threads.QueueTimeRunMetricsWrapper.run()
Line 1149 java.util.concurrent.ThreadPoolExecutor.runWorker()
Line 624 java.util.concurrent.ThreadPoolExecutor$Worker.run()
Line 748 java.lang.Thread.run()

Nov 18, 2017 7:02:19 PM net.jxta.logging.Logging logCheckedSevere
SEVERE: Line 1421 net.jxta.impl.rendezvous.rpv.PeerView.rescheduleKick()
Cannot set timer. RPV will not work.
java.util.concurrent.RejectedExecutionException: Task java.util.concurrent.ScheduledThreadPoolExecutor$ScheduledFutureTask@3348c3b rejected from java.util.concurrent.ScheduledThreadPoolExecutor@29143479[Terminated, pool size = 0, active threads = 0, queued tasks = 0, completed tasks = 38]
Line 2063 java.util.concurrent.ThreadPoolExecutor$AbortPolicy.rejectedExecution()
Line 830 java.util.concurrent.ThreadPoolExecutor.reject()
Line 326 java.util.concurrent.ScheduledThreadPoolExecutor.delayedExecute()
Line 533 java.util.concurrent.ScheduledThreadPoolExecutor.schedule()
Line 729 java.util.concurrent.Executors$DelegatedScheduledExecutorService.schedule()
Line 124 net.jxta.impl.util.threads.ProxiedScheduledExecutorService.schedule()
Line 930 net.jxta.impl.rendezvous.rpv.PeerView.addTask()
Line 1417 net.jxta.impl.rendezvous.rpv.PeerView.rescheduleKick()
Line 1303 net.jxta.impl.rendezvous.rpv.PeerView.notifyFailure()
Line 380 net.jxta.impl.rendezvous.rpv.PeerViewElement.getCachedMessenger()
Line 292 net.jxta.impl.rendezvous.rpv.PeerViewElement.sendMessage()
Line 151 net.jxta.impl.rendezvous.limited.LimitedRangeWalker.walkMessage()
Line 203 net.jxta.impl.rendezvous.limited.LimitedRangeWalker.walkMessage()
Line 699 net.jxta.impl.rendezvous.rdv.RdvPeerRdvService.walk()
Line 702 net.jxta.impl.rendezvous.RendezVousServiceImpl.walk()
Line 513 net.jxta.impl.pipe.WirePipe.sendMessage()
Line 214 net.jxta.impl.pipe.NonBlockingWireOutputPipe.sendUnModified()
Line 199 net.jxta.impl.pipe.NonBlockingWireOutputPipe.send()
Line 1185 net.jxta.impl.rendezvous.rpv.PeerView.send()
Line 1313 net.jxta.impl.rendezvous.rpv.PeerView.notifyFailure()
Line 380 net.jxta.impl.rendezvous.rpv.PeerViewElement.getCachedMessenger()
Line 292 net.jxta.impl.rendezvous.rpv.PeerViewElement.sendMessage()
Line 1101 net.jxta.impl.rendezvous.rpv.PeerView.send()
Line 740 net.jxta.impl.rendezvous.rpv.PeerView.handlePeerViewMessage()
Line 666 net.jxta.impl.rendezvous.rpv.PeerView.processIncomingMessage()
Line 1024 net.jxta.impl.endpoint.EndpointServiceImpl.processIncomingMessage()
Line 767 net.jxta.impl.endpoint.mcast.McastTransport.processMulticast()
Line 890 net.jxta.impl.endpoint.mcast.McastTransport$DatagramProcessor.run()
Line 17 net.jxta.impl.util.threads.RunnableAsCallableWrapper.call()
Line 50 net.jxta.impl.util.threads.RunMetricsWrapper.call()
Line 34 net.jxta.impl.util.threads.QueueTimeRunMetricsWrapper.call()
Line 93 net.jxta.impl.util.threads.RunMetricsWrapper.run()
Line 9 net.jxta.impl.util.threads.QueueTimeRunMetricsWrapper.run()
Line 1149 java.util.concurrent.ThreadPoolExecutor.runWorker()
Line 624 java.util.concurrent.ThreadPoolExecutor$Worker.run()
Line 748 java.lang.Thread.run()

Nov 18, 2017 7:02:20 PM net.jxta.logging.Logging logCheckedSevere
SEVERE: Line 1036 net.jxta.impl.endpoint.EndpointServiceImpl.processIncomingMessage()
Uncaught throwable from listener for mcast://224.0.1.85:1234/jxta.service.wirepipe/jxta-NetGroupjava.lang.UnsupportedOperationException: This channel was not configured to emulate this legacy method.
Line 201 net.jxta.endpoint.ChannelMessenger.sendMessage()
Line 306 net.jxta.impl.rendezvous.rpv.PeerViewElement.sendMessage()
Line 151 net.jxta.impl.rendezvous.limited.LimitedRangeWalker.walkMessage()
Line 203 net.jxta.impl.rendezvous.limited.LimitedRangeWalker.walkMessage()
Line 699 net.jxta.impl.rendezvous.rdv.RdvPeerRdvService.walk()
Line 702 net.jxta.impl.rendezvous.RendezVousServiceImpl.walk()
Line 513 net.jxta.impl.pipe.WirePipe.sendMessage()
Line 214 net.jxta.impl.pipe.NonBlockingWireOutputPipe.sendUnModified()
Line 446 net.jxta.impl.pipe.WirePipe.repropagate()
Line 364 net.jxta.impl.pipe.WirePipe.processIncomingMessage()
Line 349 net.jxta.impl.pipe.WirePipeImpl.processIncomingMessage()
Line 1024 net.jxta.impl.endpoint.EndpointServiceImpl.processIncomingMessage()
Line 500 net.jxta.impl.rendezvous.RendezVousServiceProvider.processReceivedMessage()
Line 241 net.jxta.impl.rendezvous.StdRendezVousService.processReceivedMessage()
Line 157 net.jxta.impl.rendezvous.RendezVousServiceProvider.processIncomingMessage()
Line 1024 net.jxta.impl.endpoint.EndpointServiceImpl.processIncomingMessage()
Line 767 net.jxta.impl.endpoint.mcast.McastTransport.processMulticast()
Line 890 net.jxta.impl.endpoint.mcast.McastTransport$DatagramProcessor.run()
Line 17 net.jxta.impl.util.threads.RunnableAsCallableWrapper.call()
Line 50 net.jxta.impl.util.threads.RunMetricsWrapper.call()
Line 34 net.jxta.impl.util.threads.QueueTimeRunMetricsWrapper.call()
Line 93 net.jxta.impl.util.threads.RunMetricsWrapper.run()
Line 9 net.jxta.impl.util.threads.QueueTimeRunMetricsWrapper.run()
Line 1149 java.util.concurrent.ThreadPoolExecutor.runWorker()
Line 624 java.util.concurrent.ThreadPoolExecutor$Worker.run()
Line 748 java.lang.Thread.run()

]]></system-err>
</testsuite>
