<?xml version="1.0" encoding="UTF-8"?>
<testsuite name="controller.ControllerTest" tests="22" skipped="0" failures="0" errors="0" timestamp="2017-11-09T16:26:35" hostname="raphael-laptop" time="20.837">
  <properties/>
  <testcase name="testA" classname="controller.ControllerTest" time="0.189"/>
  <testcase name="testB" classname="controller.ControllerTest" time="0.325"/>
  <testcase name="testC" classname="controller.ControllerTest" time="0.097"/>
  <testcase name="testCa" classname="controller.ControllerTest" time="0.117"/>
  <testcase name="testD" classname="controller.ControllerTest" time="0.212"/>
  <testcase name="testE" classname="controller.ControllerTest" time="5.915"/>
  <testcase name="testF" classname="controller.ControllerTest" time="0.132"/>
  <testcase name="testG" classname="controller.ControllerTest" time="0.039"/>
  <testcase name="testH" classname="controller.ControllerTest" time="1.014"/>
  <testcase name="testI" classname="controller.ControllerTest" time="5.191"/>
  <testcase name="testK" classname="controller.ControllerTest" time="1.129"/>
  <testcase name="testL" classname="controller.ControllerTest" time="0.2"/>
  <testcase name="testM" classname="controller.ControllerTest" time="2.722"/>
  <testcase name="testN" classname="controller.ControllerTest" time="0.101"/>
  <testcase name="testO" classname="controller.ControllerTest" time="0.055"/>
  <testcase name="testP" classname="controller.ControllerTest" time="0.318"/>
  <testcase name="testQ" classname="controller.ControllerTest" time="0.476"/>
  <testcase name="testR" classname="controller.ControllerTest" time="0.16"/>
  <testcase name="testS" classname="controller.ControllerTest" time="0.391"/>
  <testcase name="testSa" classname="controller.ControllerTest" time="1.057"/>
  <testcase name="testSb" classname="controller.ControllerTest" time="0.888"/>
  <testcase name="testT" classname="controller.ControllerTest" time="0.094"/>
  <system-out><![CDATA[jxta will run on port 9800
server added :tcp://145.239.76.112:9800
server added :tcp://localhost:9800
[EL Info]: connection: 2017-11-09 17:26:31.742--ServerSession(763821447)--/file:/home/raphael/git/ResilientSXP/build/resources/main/_persistence logout successful
Group created !

 START Services 

creating new group ..
creating new group ..
creating new group ..
creating new group ..
creating new group ..
creating new group ..
creating new group ..
Keystore already exist
[EL Info]: 2017-11-09 17:26:35.715--ServerSession(480720352)--EclipseLink, version: Eclipse Persistence Services - 2.6.3.v20160218-180e602
[EL Info]: connection: 2017-11-09 17:26:35.738--ServerSession(480720352)--/file:/home/raphael/git/ResilientSXP/build/resources/main/_persistence login successful
[EL Info]: connection: 2017-11-09 17:26:37.519--ServerSession(480720352)--/file:/home/raphael/git/ResilientSXP/build/resources/main/_persistence logout successful
[EL Info]: 2017-11-09 17:26:38.085--ServerSession(859038647)--EclipseLink, version: Eclipse Persistence Services - 2.6.3.v20160218-180e602
[EL Info]: connection: 2017-11-09 17:26:38.094--ServerSession(859038647)--/file:/home/raphael/git/ResilientSXP/build/resources/main/_persistence login successful

Starting protocol for : B2A65D11-1766-4F7D-823F-032959F5FF16 on contract Object_7

]]></system-out>
  <system-err><![CDATA[Nov 09, 2017 5:26:31 PM org.jboss.netty.channel.SimpleChannelUpstreamHandler
WARNING: EXCEPTION, please implement org.jboss.netty.channel.socket.httptunnel.TunnelWrappedServerChannelHandler.exceptionCaught() for proper handling.
java.net.BindException: Address already in use
	at sun.nio.ch.Net.bind0(Native Method)
	at sun.nio.ch.Net.bind(Net.java:433)
	at sun.nio.ch.Net.bind(Net.java:425)
	at sun.nio.ch.ServerSocketChannelImpl.bind(ServerSocketChannelImpl.java:223)
	at sun.nio.ch.ServerSocketAdaptor.bind(ServerSocketAdaptor.java:74)
	at org.jboss.netty.channel.socket.nio.NioServerSocketPipelineSink.bind(NioServerSocketPipelineSink.java:140)
	at org.jboss.netty.channel.socket.nio.NioServerSocketPipelineSink.handleServerSocket(NioServerSocketPipelineSink.java:90)
	at org.jboss.netty.channel.socket.nio.NioServerSocketPipelineSink.eventSunk(NioServerSocketPipelineSink.java:64)
	at org.jboss.netty.channel.Channels.bind(Channels.java:569)
	at org.jboss.netty.channel.AbstractChannel.bind(AbstractChannel.java:189)
	at org.jboss.netty.channel.socket.httptunnel.HttpTunnelServerChannelSink.eventSunk(HttpTunnelServerChannelSink.java:50)
	at org.jboss.netty.channel.Channels.bind(Channels.java:569)
	at org.jboss.netty.channel.AbstractChannel.bind(AbstractChannel.java:189)
	at org.jboss.netty.bootstrap.ServerBootstrap$Binder.channelOpen(ServerBootstrap.java:343)
	at org.jboss.netty.channel.Channels.fireChannelOpen(Channels.java:170)
	at org.jboss.netty.channel.socket.httptunnel.HttpTunnelServerChannel.<init>(HttpTunnelServerChannel.java:57)
	at org.jboss.netty.channel.socket.httptunnel.HttpTunnelServerChannelFactory.newChannel(HttpTunnelServerChannelFactory.java:41)
	at org.jboss.netty.channel.socket.httptunnel.HttpTunnelServerChannelFactory.newChannel(HttpTunnelServerChannelFactory.java:30)
	at org.jboss.netty.bootstrap.ServerBootstrap.bind(ServerBootstrap.java:277)
	at net.jxta.impl.endpoint.netty.NettyTransportServer.bindServerChannel(NettyTransportServer.java:122)
	at net.jxta.impl.endpoint.netty.NettyTransportServer.init(NettyTransportServer.java:83)
	at net.jxta.impl.endpoint.netty.NettyTransport.initServer(NettyTransport.java:113)
	at net.jxta.impl.endpoint.netty.NettyTransport.init(NettyTransport.java:75)
	at net.jxta.impl.peergroup.GenericPeerGroup.loadModule(GenericPeerGroup.java:677)
	at net.jxta.impl.peergroup.GenericPeerGroup.loadModule(GenericPeerGroup.java:801)
	at net.jxta.impl.peergroup.StdPeerGroup.loadAllModules(StdPeerGroup.java:295)
	at net.jxta.impl.peergroup.StdPeerGroup.initFirst(StdPeerGroup.java:842)
	at net.jxta.impl.peergroup.Platform.initFirst(Platform.java:214)
	at net.jxta.impl.peergroup.GenericPeerGroup.init(GenericPeerGroup.java:907)
	at net.jxta.peergroup.WorldPeerGroupFactory.newWorldPeerGroup(WorldPeerGroupFactory.java:312)
	at net.jxta.peergroup.WorldPeerGroupFactory.<init>(WorldPeerGroupFactory.java:182)
	at net.jxta.peergroup.NetPeerGroupFactory.<init>(NetPeerGroupFactory.java:203)
	at net.jxta.platform.NetworkManager.startNetwork(NetworkManager.java:408)
	at network.impl.jxta.JxtaNode.start(JxtaNode.java:65)
	at network.impl.jxta.JxtaPeer.start(JxtaPeer.java:44)
	at network.factories.PeerFactory.createAndStartPeer(PeerFactory.java:158)
	at network.factories.PeerFactory.createDefaultAndStartPeerForTest(PeerFactory.java:96)
	at network.factories.PeerFactory.createDefaultAndStartPeerForTest(PeerFactory.java:88)
	at controller.Application.runForTests(Application.java:55)
	at controller.ControllerTest.initialize(ControllerTest.java:88)
	at sun.reflect.NativeMethodAccessorImpl.invoke0(Native Method)
	at sun.reflect.NativeMethodAccessorImpl.invoke(NativeMethodAccessorImpl.java:62)
	at sun.reflect.DelegatingMethodAccessorImpl.invoke(DelegatingMethodAccessorImpl.java:43)
	at java.lang.reflect.Method.invoke(Method.java:498)
	at org.junit.runners.model.FrameworkMethod$1.runReflectiveCall(FrameworkMethod.java:50)
	at org.junit.internal.runners.model.ReflectiveCallable.run(ReflectiveCallable.java:12)
	at org.junit.runners.model.FrameworkMethod.invokeExplosively(FrameworkMethod.java:47)
	at org.junit.internal.runners.statements.RunBefores.evaluate(RunBefores.java:24)
	at org.junit.internal.runners.statements.RunAfters.evaluate(RunAfters.java:27)
	at org.junit.runners.ParentRunner.run(ParentRunner.java:363)
	at org.gradle.api.internal.tasks.testing.junit.JUnitTestClassExecuter.runTestClass(JUnitTestClassExecuter.java:114)
	at org.gradle.api.internal.tasks.testing.junit.JUnitTestClassExecuter.execute(JUnitTestClassExecuter.java:57)
	at org.gradle.api.internal.tasks.testing.junit.JUnitTestClassProcessor.processTestClass(JUnitTestClassProcessor.java:66)
	at org.gradle.api.internal.tasks.testing.SuiteTestClassProcessor.processTestClass(SuiteTestClassProcessor.java:51)
	at sun.reflect.GeneratedMethodAccessor11.invoke(Unknown Source)
	at sun.reflect.DelegatingMethodAccessorImpl.invoke(DelegatingMethodAccessorImpl.java:43)
	at java.lang.reflect.Method.invoke(Method.java:498)
	at org.gradle.internal.dispatch.ReflectionDispatch.dispatch(ReflectionDispatch.java:35)
	at org.gradle.internal.dispatch.ReflectionDispatch.dispatch(ReflectionDispatch.java:24)
	at org.gradle.internal.dispatch.ContextClassLoaderDispatch.dispatch(ContextClassLoaderDispatch.java:32)
	at org.gradle.internal.dispatch.ProxyDispatchAdapter$DispatchingInvocationHandler.invoke(ProxyDispatchAdapter.java:93)
	at com.sun.proxy.$Proxy2.processTestClass(Unknown Source)
	at org.gradle.api.internal.tasks.testing.worker.TestWorker.processTestClass(TestWorker.java:109)
	at sun.reflect.GeneratedMethodAccessor10.invoke(Unknown Source)
	at sun.reflect.DelegatingMethodAccessorImpl.invoke(DelegatingMethodAccessorImpl.java:43)
	at java.lang.reflect.Method.invoke(Method.java:498)
	at org.gradle.internal.dispatch.ReflectionDispatch.dispatch(ReflectionDispatch.java:35)
	at org.gradle.internal.dispatch.ReflectionDispatch.dispatch(ReflectionDispatch.java:24)
	at org.gradle.internal.remote.internal.hub.MessageHub$Handler.run(MessageHub.java:377)
	at org.gradle.internal.concurrent.ExecutorPolicy$CatchAndRecordFailures.onExecute(ExecutorPolicy.java:54)
	at org.gradle.internal.concurrent.StoppableExecutorImpl$1.run(StoppableExecutorImpl.java:40)
	at java.util.concurrent.ThreadPoolExecutor.runWorker(ThreadPoolExecutor.java:1149)
	at java.util.concurrent.ThreadPoolExecutor$Worker.run(ThreadPoolExecutor.java:624)
	at java.lang.Thread.run(Thread.java:748)

Nov 09, 2017 5:26:32 PM net.jxta.logging.Logging logCheckedSevere
SEVERE: Line 1421 net.jxta.impl.rendezvous.rpv.PeerView.rescheduleKick()
Cannot set timer. RPV will not work.
java.util.concurrent.RejectedExecutionException: Task java.util.concurrent.ScheduledThreadPoolExecutor$ScheduledFutureTask@76b9d9f7 rejected from java.util.concurrent.ScheduledThreadPoolExecutor@7a24c164[Terminated, pool size = 0, active threads = 0, queued tasks = 0, completed tasks = 52]
Line 2063 java.util.concurrent.ThreadPoolExecutor$AbortPolicy.rejectedExecution()
Line 830 java.util.concurrent.ThreadPoolExecutor.reject()
Line 326 java.util.concurrent.ScheduledThreadPoolExecutor.delayedExecute()
Line 533 java.util.concurrent.ScheduledThreadPoolExecutor.schedule()
Line 729 java.util.concurrent.Executors$DelegatedScheduledExecutorService.schedule()
Line 124 net.jxta.impl.util.threads.ProxiedScheduledExecutorService.schedule()
Line 930 net.jxta.impl.rendezvous.rpv.PeerView.addTask()
Line 1417 net.jxta.impl.rendezvous.rpv.PeerView.rescheduleKick()
Line 1303 net.jxta.impl.rendezvous.rpv.PeerView.notifyFailure()
Line 380 net.jxta.impl.rendezvous.rpv.PeerViewElement.getCachedMessenger()
Line 292 net.jxta.impl.rendezvous.rpv.PeerViewElement.sendMessage()
Line 1101 net.jxta.impl.rendezvous.rpv.PeerView.send()
Line 740 net.jxta.impl.rendezvous.rpv.PeerView.handlePeerViewMessage()
Line 666 net.jxta.impl.rendezvous.rpv.PeerView.processIncomingMessage()
Line 1024 net.jxta.impl.endpoint.EndpointServiceImpl.processIncomingMessage()
Line 767 net.jxta.impl.endpoint.mcast.McastTransport.processMulticast()
Line 890 net.jxta.impl.endpoint.mcast.McastTransport$DatagramProcessor.run()
Line 17 net.jxta.impl.util.threads.RunnableAsCallableWrapper.call()
Line 50 net.jxta.impl.util.threads.RunMetricsWrapper.call()
Line 34 net.jxta.impl.util.threads.QueueTimeRunMetricsWrapper.call()
Line 93 net.jxta.impl.util.threads.RunMetricsWrapper.run()
Line 9 net.jxta.impl.util.threads.QueueTimeRunMetricsWrapper.run()
Line 1149 java.util.concurrent.ThreadPoolExecutor.runWorker()
Line 624 java.util.concurrent.ThreadPoolExecutor$Worker.run()
Line 748 java.lang.Thread.run()

Nov 09, 2017 5:26:32 PM net.jxta.logging.Logging logCheckedSevere
SEVERE: Line 1421 net.jxta.impl.rendezvous.rpv.PeerView.rescheduleKick()
Cannot set timer. RPV will not work.
java.util.concurrent.RejectedExecutionException: Task java.util.concurrent.ScheduledThreadPoolExecutor$ScheduledFutureTask@3b005788 rejected from java.util.concurrent.ScheduledThreadPoolExecutor@7a24c164[Terminated, pool size = 0, active threads = 0, queued tasks = 0, completed tasks = 52]
Line 2063 java.util.concurrent.ThreadPoolExecutor$AbortPolicy.rejectedExecution()
Line 830 java.util.concurrent.ThreadPoolExecutor.reject()
Line 326 java.util.concurrent.ScheduledThreadPoolExecutor.delayedExecute()
Line 533 java.util.concurrent.ScheduledThreadPoolExecutor.schedule()
Line 729 java.util.concurrent.Executors$DelegatedScheduledExecutorService.schedule()
Line 124 net.jxta.impl.util.threads.ProxiedScheduledExecutorService.schedule()
Line 930 net.jxta.impl.rendezvous.rpv.PeerView.addTask()
Line 1417 net.jxta.impl.rendezvous.rpv.PeerView.rescheduleKick()
Line 1303 net.jxta.impl.rendezvous.rpv.PeerView.notifyFailure()
Line 380 net.jxta.impl.rendezvous.rpv.PeerViewElement.getCachedMessenger()
Line 292 net.jxta.impl.rendezvous.rpv.PeerViewElement.sendMessage()
Line 1101 net.jxta.impl.rendezvous.rpv.PeerView.send()
Line 740 net.jxta.impl.rendezvous.rpv.PeerView.handlePeerViewMessage()
Line 666 net.jxta.impl.rendezvous.rpv.PeerView.processIncomingMessage()
Line 1024 net.jxta.impl.endpoint.EndpointServiceImpl.processIncomingMessage()
Line 132 net.jxta.impl.endpoint.netty.AsynchronousNettyMessenger$2.run()
Line 17 net.jxta.impl.util.threads.RunnableAsCallableWrapper.call()
Line 50 net.jxta.impl.util.threads.RunMetricsWrapper.call()
Line 34 net.jxta.impl.util.threads.QueueTimeRunMetricsWrapper.call()
Line 93 net.jxta.impl.util.threads.RunMetricsWrapper.run()
Line 9 net.jxta.impl.util.threads.QueueTimeRunMetricsWrapper.run()
Line 1149 java.util.concurrent.ThreadPoolExecutor.runWorker()
Line 624 java.util.concurrent.ThreadPoolExecutor$Worker.run()
Line 748 java.lang.Thread.run()

Nov 09, 2017 5:26:32 PM net.jxta.logging.Logging logCheckedSevere
SEVERE: Line 1421 net.jxta.impl.rendezvous.rpv.PeerView.rescheduleKick()
Cannot set timer. RPV will not work.
java.util.concurrent.RejectedExecutionException: Task java.util.concurrent.ScheduledThreadPoolExecutor$ScheduledFutureTask@4cc25010 rejected from java.util.concurrent.ScheduledThreadPoolExecutor@7a24c164[Terminated, pool size = 0, active threads = 0, queued tasks = 0, completed tasks = 52]
Line 2063 java.util.concurrent.ThreadPoolExecutor$AbortPolicy.rejectedExecution()
Line 830 java.util.concurrent.ThreadPoolExecutor.reject()
Line 326 java.util.concurrent.ScheduledThreadPoolExecutor.delayedExecute()
Line 533 java.util.concurrent.ScheduledThreadPoolExecutor.schedule()
Line 729 java.util.concurrent.Executors$DelegatedScheduledExecutorService.schedule()
Line 124 net.jxta.impl.util.threads.ProxiedScheduledExecutorService.schedule()
Line 930 net.jxta.impl.rendezvous.rpv.PeerView.addTask()
Line 1417 net.jxta.impl.rendezvous.rpv.PeerView.rescheduleKick()
Line 1303 net.jxta.impl.rendezvous.rpv.PeerView.notifyFailure()
Line 380 net.jxta.impl.rendezvous.rpv.PeerViewElement.getCachedMessenger()
Line 292 net.jxta.impl.rendezvous.rpv.PeerViewElement.sendMessage()
Line 1101 net.jxta.impl.rendezvous.rpv.PeerView.send()
Line 740 net.jxta.impl.rendezvous.rpv.PeerView.handlePeerViewMessage()
Line 666 net.jxta.impl.rendezvous.rpv.PeerView.processIncomingMessage()
Line 1024 net.jxta.impl.endpoint.EndpointServiceImpl.processIncomingMessage()
Line 767 net.jxta.impl.endpoint.mcast.McastTransport.processMulticast()
Line 890 net.jxta.impl.endpoint.mcast.McastTransport$DatagramProcessor.run()
Line 17 net.jxta.impl.util.threads.RunnableAsCallableWrapper.call()
Line 50 net.jxta.impl.util.threads.RunMetricsWrapper.call()
Line 34 net.jxta.impl.util.threads.QueueTimeRunMetricsWrapper.call()
Line 93 net.jxta.impl.util.threads.RunMetricsWrapper.run()
Line 9 net.jxta.impl.util.threads.QueueTimeRunMetricsWrapper.run()
Line 1149 java.util.concurrent.ThreadPoolExecutor.runWorker()
Line 624 java.util.concurrent.ThreadPoolExecutor$Worker.run()
Line 748 java.lang.Thread.run()

Nov 09, 2017 5:26:32 PM net.jxta.logging.Logging logCheckedSevere
SEVERE: Line 1421 net.jxta.impl.rendezvous.rpv.PeerView.rescheduleKick()
Cannot set timer. RPV will not work.
java.util.concurrent.RejectedExecutionException: Task java.util.concurrent.ScheduledThreadPoolExecutor$ScheduledFutureTask@7daf968e rejected from java.util.concurrent.ScheduledThreadPoolExecutor@7a24c164[Terminated, pool size = 0, active threads = 0, queued tasks = 0, completed tasks = 52]
Line 2063 java.util.concurrent.ThreadPoolExecutor$AbortPolicy.rejectedExecution()
Line 830 java.util.concurrent.ThreadPoolExecutor.reject()
Line 326 java.util.concurrent.ScheduledThreadPoolExecutor.delayedExecute()
Line 533 java.util.concurrent.ScheduledThreadPoolExecutor.schedule()
Line 729 java.util.concurrent.Executors$DelegatedScheduledExecutorService.schedule()
Line 124 net.jxta.impl.util.threads.ProxiedScheduledExecutorService.schedule()
Line 930 net.jxta.impl.rendezvous.rpv.PeerView.addTask()
Line 1417 net.jxta.impl.rendezvous.rpv.PeerView.rescheduleKick()
Line 1303 net.jxta.impl.rendezvous.rpv.PeerView.notifyFailure()
Line 380 net.jxta.impl.rendezvous.rpv.PeerViewElement.getCachedMessenger()
Line 292 net.jxta.impl.rendezvous.rpv.PeerViewElement.sendMessage()
Line 1101 net.jxta.impl.rendezvous.rpv.PeerView.send()
Line 740 net.jxta.impl.rendezvous.rpv.PeerView.handlePeerViewMessage()
Line 666 net.jxta.impl.rendezvous.rpv.PeerView.processIncomingMessage()
Line 1024 net.jxta.impl.endpoint.EndpointServiceImpl.processIncomingMessage()
Line 132 net.jxta.impl.endpoint.netty.AsynchronousNettyMessenger$2.run()
Line 17 net.jxta.impl.util.threads.RunnableAsCallableWrapper.call()
Line 50 net.jxta.impl.util.threads.RunMetricsWrapper.call()
Line 34 net.jxta.impl.util.threads.QueueTimeRunMetricsWrapper.call()
Line 93 net.jxta.impl.util.threads.RunMetricsWrapper.run()
Line 9 net.jxta.impl.util.threads.QueueTimeRunMetricsWrapper.run()
Line 1149 java.util.concurrent.ThreadPoolExecutor.runWorker()
Line 624 java.util.concurrent.ThreadPoolExecutor$Worker.run()
Line 748 java.lang.Thread.run()

Nov 09, 2017 5:26:32 PM net.jxta.logging.Logging logCheckedSevere
SEVERE: Line 1421 net.jxta.impl.rendezvous.rpv.PeerView.rescheduleKick()
Cannot set timer. RPV will not work.
java.util.concurrent.RejectedExecutionException: Task java.util.concurrent.ScheduledThreadPoolExecutor$ScheduledFutureTask@43542612 rejected from java.util.concurrent.ScheduledThreadPoolExecutor@7a24c164[Terminated, pool size = 0, active threads = 0, queued tasks = 0, completed tasks = 52]
Line 2063 java.util.concurrent.ThreadPoolExecutor$AbortPolicy.rejectedExecution()
Line 830 java.util.concurrent.ThreadPoolExecutor.reject()
Line 326 java.util.concurrent.ScheduledThreadPoolExecutor.delayedExecute()
Line 533 java.util.concurrent.ScheduledThreadPoolExecutor.schedule()
Line 729 java.util.concurrent.Executors$DelegatedScheduledExecutorService.schedule()
Line 124 net.jxta.impl.util.threads.ProxiedScheduledExecutorService.schedule()
Line 930 net.jxta.impl.rendezvous.rpv.PeerView.addTask()
Line 1417 net.jxta.impl.rendezvous.rpv.PeerView.rescheduleKick()
Line 1303 net.jxta.impl.rendezvous.rpv.PeerView.notifyFailure()
Line 380 net.jxta.impl.rendezvous.rpv.PeerViewElement.getCachedMessenger()
Line 292 net.jxta.impl.rendezvous.rpv.PeerViewElement.sendMessage()
Line 1101 net.jxta.impl.rendezvous.rpv.PeerView.send()
Line 740 net.jxta.impl.rendezvous.rpv.PeerView.handlePeerViewMessage()
Line 666 net.jxta.impl.rendezvous.rpv.PeerView.processIncomingMessage()
Line 1024 net.jxta.impl.endpoint.EndpointServiceImpl.processIncomingMessage()
Line 767 net.jxta.impl.endpoint.mcast.McastTransport.processMulticast()
Line 890 net.jxta.impl.endpoint.mcast.McastTransport$DatagramProcessor.run()
Line 17 net.jxta.impl.util.threads.RunnableAsCallableWrapper.call()
Line 50 net.jxta.impl.util.threads.RunMetricsWrapper.call()
Line 34 net.jxta.impl.util.threads.QueueTimeRunMetricsWrapper.call()
Line 93 net.jxta.impl.util.threads.RunMetricsWrapper.run()
Line 9 net.jxta.impl.util.threads.QueueTimeRunMetricsWrapper.run()
Line 1149 java.util.concurrent.ThreadPoolExecutor.runWorker()
Line 624 java.util.concurrent.ThreadPoolExecutor$Worker.run()
Line 748 java.lang.Thread.run()

Nov 09, 2017 5:26:32 PM net.jxta.logging.Logging logCheckedSevere
SEVERE: Line 1421 net.jxta.impl.rendezvous.rpv.PeerView.rescheduleKick()
Cannot set timer. RPV will not work.
java.util.concurrent.RejectedExecutionException: Task java.util.concurrent.ScheduledThreadPoolExecutor$ScheduledFutureTask@602b939e rejected from java.util.concurrent.ScheduledThreadPoolExecutor@7a24c164[Terminated, pool size = 0, active threads = 0, queued tasks = 0, completed tasks = 52]
Line 2063 java.util.concurrent.ThreadPoolExecutor$AbortPolicy.rejectedExecution()
Line 830 java.util.concurrent.ThreadPoolExecutor.reject()
Line 326 java.util.concurrent.ScheduledThreadPoolExecutor.delayedExecute()
Line 533 java.util.concurrent.ScheduledThreadPoolExecutor.schedule()
Line 729 java.util.concurrent.Executors$DelegatedScheduledExecutorService.schedule()
Line 124 net.jxta.impl.util.threads.ProxiedScheduledExecutorService.schedule()
Line 930 net.jxta.impl.rendezvous.rpv.PeerView.addTask()
Line 1417 net.jxta.impl.rendezvous.rpv.PeerView.rescheduleKick()
Line 1303 net.jxta.impl.rendezvous.rpv.PeerView.notifyFailure()
Line 380 net.jxta.impl.rendezvous.rpv.PeerViewElement.getCachedMessenger()
Line 292 net.jxta.impl.rendezvous.rpv.PeerViewElement.sendMessage()
Line 1101 net.jxta.impl.rendezvous.rpv.PeerView.send()
Line 740 net.jxta.impl.rendezvous.rpv.PeerView.handlePeerViewMessage()
Line 666 net.jxta.impl.rendezvous.rpv.PeerView.processIncomingMessage()
Line 1024 net.jxta.impl.endpoint.EndpointServiceImpl.processIncomingMessage()
Line 132 net.jxta.impl.endpoint.netty.AsynchronousNettyMessenger$2.run()
Line 17 net.jxta.impl.util.threads.RunnableAsCallableWrapper.call()
Line 50 net.jxta.impl.util.threads.RunMetricsWrapper.call()
Line 34 net.jxta.impl.util.threads.QueueTimeRunMetricsWrapper.call()
Line 93 net.jxta.impl.util.threads.RunMetricsWrapper.run()
Line 9 net.jxta.impl.util.threads.QueueTimeRunMetricsWrapper.run()
Line 1149 java.util.concurrent.ThreadPoolExecutor.runWorker()
Line 624 java.util.concurrent.ThreadPoolExecutor$Worker.run()
Line 748 java.lang.Thread.run()

Nov 09, 2017 5:26:32 PM net.jxta.logging.Logging logCheckedSevere
SEVERE: Line 1421 net.jxta.impl.rendezvous.rpv.PeerView.rescheduleKick()
Cannot set timer. RPV will not work.
java.util.concurrent.RejectedExecutionException: Task java.util.concurrent.ScheduledThreadPoolExecutor$ScheduledFutureTask@5fcc60cf rejected from java.util.concurrent.ScheduledThreadPoolExecutor@7a24c164[Terminated, pool size = 0, active threads = 0, queued tasks = 0, completed tasks = 52]
Line 2063 java.util.concurrent.ThreadPoolExecutor$AbortPolicy.rejectedExecution()
Line 830 java.util.concurrent.ThreadPoolExecutor.reject()
Line 326 java.util.concurrent.ScheduledThreadPoolExecutor.delayedExecute()
Line 533 java.util.concurrent.ScheduledThreadPoolExecutor.schedule()
Line 729 java.util.concurrent.Executors$DelegatedScheduledExecutorService.schedule()
Line 124 net.jxta.impl.util.threads.ProxiedScheduledExecutorService.schedule()
Line 930 net.jxta.impl.rendezvous.rpv.PeerView.addTask()
Line 1417 net.jxta.impl.rendezvous.rpv.PeerView.rescheduleKick()
Line 1303 net.jxta.impl.rendezvous.rpv.PeerView.notifyFailure()
Line 380 net.jxta.impl.rendezvous.rpv.PeerViewElement.getCachedMessenger()
Line 292 net.jxta.impl.rendezvous.rpv.PeerViewElement.sendMessage()
Line 1101 net.jxta.impl.rendezvous.rpv.PeerView.send()
Line 740 net.jxta.impl.rendezvous.rpv.PeerView.handlePeerViewMessage()
Line 666 net.jxta.impl.rendezvous.rpv.PeerView.processIncomingMessage()
Line 1024 net.jxta.impl.endpoint.EndpointServiceImpl.processIncomingMessage()
Line 767 net.jxta.impl.endpoint.mcast.McastTransport.processMulticast()
Line 890 net.jxta.impl.endpoint.mcast.McastTransport$DatagramProcessor.run()
Line 17 net.jxta.impl.util.threads.RunnableAsCallableWrapper.call()
Line 50 net.jxta.impl.util.threads.RunMetricsWrapper.call()
Line 34 net.jxta.impl.util.threads.QueueTimeRunMetricsWrapper.call()
Line 93 net.jxta.impl.util.threads.RunMetricsWrapper.run()
Line 9 net.jxta.impl.util.threads.QueueTimeRunMetricsWrapper.run()
Line 1149 java.util.concurrent.ThreadPoolExecutor.runWorker()
Line 624 java.util.concurrent.ThreadPoolExecutor$Worker.run()
Line 748 java.lang.Thread.run()

Nov 09, 2017 5:26:32 PM net.jxta.logging.Logging logCheckedSevere
SEVERE: Line 1421 net.jxta.impl.rendezvous.rpv.PeerView.rescheduleKick()
Cannot set timer. RPV will not work.
java.util.concurrent.RejectedExecutionException: Task java.util.concurrent.ScheduledThreadPoolExecutor$ScheduledFutureTask@c21b966 rejected from java.util.concurrent.ScheduledThreadPoolExecutor@7a24c164[Terminated, pool size = 0, active threads = 0, queued tasks = 0, completed tasks = 52]
Line 2063 java.util.concurrent.ThreadPoolExecutor$AbortPolicy.rejectedExecution()
Line 830 java.util.concurrent.ThreadPoolExecutor.reject()
Line 326 java.util.concurrent.ScheduledThreadPoolExecutor.delayedExecute()
Line 533 java.util.concurrent.ScheduledThreadPoolExecutor.schedule()
Line 729 java.util.concurrent.Executors$DelegatedScheduledExecutorService.schedule()
Line 124 net.jxta.impl.util.threads.ProxiedScheduledExecutorService.schedule()
Line 930 net.jxta.impl.rendezvous.rpv.PeerView.addTask()
Line 1417 net.jxta.impl.rendezvous.rpv.PeerView.rescheduleKick()
Line 1303 net.jxta.impl.rendezvous.rpv.PeerView.notifyFailure()
Line 380 net.jxta.impl.rendezvous.rpv.PeerViewElement.getCachedMessenger()
Line 292 net.jxta.impl.rendezvous.rpv.PeerViewElement.sendMessage()
Line 1101 net.jxta.impl.rendezvous.rpv.PeerView.send()
Line 740 net.jxta.impl.rendezvous.rpv.PeerView.handlePeerViewMessage()
Line 666 net.jxta.impl.rendezvous.rpv.PeerView.processIncomingMessage()
Line 1024 net.jxta.impl.endpoint.EndpointServiceImpl.processIncomingMessage()
Line 132 net.jxta.impl.endpoint.netty.AsynchronousNettyMessenger$2.run()
Line 17 net.jxta.impl.util.threads.RunnableAsCallableWrapper.call()
Line 50 net.jxta.impl.util.threads.RunMetricsWrapper.call()
Line 34 net.jxta.impl.util.threads.QueueTimeRunMetricsWrapper.call()
Line 93 net.jxta.impl.util.threads.RunMetricsWrapper.run()
Line 9 net.jxta.impl.util.threads.QueueTimeRunMetricsWrapper.run()
Line 1149 java.util.concurrent.ThreadPoolExecutor.runWorker()
Line 624 java.util.concurrent.ThreadPoolExecutor$Worker.run()
Line 748 java.lang.Thread.run()

Nov 09, 2017 5:26:32 PM net.jxta.logging.Logging logCheckedSevere
SEVERE: Line 1421 net.jxta.impl.rendezvous.rpv.PeerView.rescheduleKick()
Cannot set timer. RPV will not work.
java.util.concurrent.RejectedExecutionException: Task java.util.concurrent.ScheduledThreadPoolExecutor$ScheduledFutureTask@157c9f07 rejected from java.util.concurrent.ScheduledThreadPoolExecutor@7a24c164[Terminated, pool size = 0, active threads = 0, queued tasks = 0, completed tasks = 52]
Line 2063 java.util.concurrent.ThreadPoolExecutor$AbortPolicy.rejectedExecution()
Line 830 java.util.concurrent.ThreadPoolExecutor.reject()
Line 326 java.util.concurrent.ScheduledThreadPoolExecutor.delayedExecute()
Line 533 java.util.concurrent.ScheduledThreadPoolExecutor.schedule()
Line 729 java.util.concurrent.Executors$DelegatedScheduledExecutorService.schedule()
Line 124 net.jxta.impl.util.threads.ProxiedScheduledExecutorService.schedule()
Line 930 net.jxta.impl.rendezvous.rpv.PeerView.addTask()
Line 1417 net.jxta.impl.rendezvous.rpv.PeerView.rescheduleKick()
Line 1303 net.jxta.impl.rendezvous.rpv.PeerView.notifyFailure()
Line 380 net.jxta.impl.rendezvous.rpv.PeerViewElement.getCachedMessenger()
Line 292 net.jxta.impl.rendezvous.rpv.PeerViewElement.sendMessage()
Line 1101 net.jxta.impl.rendezvous.rpv.PeerView.send()
Line 740 net.jxta.impl.rendezvous.rpv.PeerView.handlePeerViewMessage()
Line 666 net.jxta.impl.rendezvous.rpv.PeerView.processIncomingMessage()
Line 1024 net.jxta.impl.endpoint.EndpointServiceImpl.processIncomingMessage()
Line 767 net.jxta.impl.endpoint.mcast.McastTransport.processMulticast()
Line 890 net.jxta.impl.endpoint.mcast.McastTransport$DatagramProcessor.run()
Line 17 net.jxta.impl.util.threads.RunnableAsCallableWrapper.call()
Line 50 net.jxta.impl.util.threads.RunMetricsWrapper.call()
Line 34 net.jxta.impl.util.threads.QueueTimeRunMetricsWrapper.call()
Line 93 net.jxta.impl.util.threads.RunMetricsWrapper.run()
Line 9 net.jxta.impl.util.threads.QueueTimeRunMetricsWrapper.run()
Line 1149 java.util.concurrent.ThreadPoolExecutor.runWorker()
Line 624 java.util.concurrent.ThreadPoolExecutor$Worker.run()
Line 748 java.lang.Thread.run()

Nov 09, 2017 5:26:32 PM net.jxta.logging.Logging logCheckedSevere
SEVERE: Line 1421 net.jxta.impl.rendezvous.rpv.PeerView.rescheduleKick()
Cannot set timer. RPV will not work.
java.util.concurrent.RejectedExecutionException: Task java.util.concurrent.ScheduledThreadPoolExecutor$ScheduledFutureTask@7f53cbec rejected from java.util.concurrent.ScheduledThreadPoolExecutor@7a24c164[Terminated, pool size = 0, active threads = 0, queued tasks = 0, completed tasks = 52]
Line 2063 java.util.concurrent.ThreadPoolExecutor$AbortPolicy.rejectedExecution()
Line 830 java.util.concurrent.ThreadPoolExecutor.reject()
Line 326 java.util.concurrent.ScheduledThreadPoolExecutor.delayedExecute()
Line 533 java.util.concurrent.ScheduledThreadPoolExecutor.schedule()
Line 729 java.util.concurrent.Executors$DelegatedScheduledExecutorService.schedule()
Line 124 net.jxta.impl.util.threads.ProxiedScheduledExecutorService.schedule()
Line 930 net.jxta.impl.rendezvous.rpv.PeerView.addTask()
Line 1417 net.jxta.impl.rendezvous.rpv.PeerView.rescheduleKick()
Line 1303 net.jxta.impl.rendezvous.rpv.PeerView.notifyFailure()
Line 380 net.jxta.impl.rendezvous.rpv.PeerViewElement.getCachedMessenger()
Line 292 net.jxta.impl.rendezvous.rpv.PeerViewElement.sendMessage()
Line 1101 net.jxta.impl.rendezvous.rpv.PeerView.send()
Line 740 net.jxta.impl.rendezvous.rpv.PeerView.handlePeerViewMessage()
Line 666 net.jxta.impl.rendezvous.rpv.PeerView.processIncomingMessage()
Line 1024 net.jxta.impl.endpoint.EndpointServiceImpl.processIncomingMessage()
Line 132 net.jxta.impl.endpoint.netty.AsynchronousNettyMessenger$2.run()
Line 17 net.jxta.impl.util.threads.RunnableAsCallableWrapper.call()
Line 50 net.jxta.impl.util.threads.RunMetricsWrapper.call()
Line 34 net.jxta.impl.util.threads.QueueTimeRunMetricsWrapper.call()
Line 93 net.jxta.impl.util.threads.RunMetricsWrapper.run()
Line 9 net.jxta.impl.util.threads.QueueTimeRunMetricsWrapper.run()
Line 1149 java.util.concurrent.ThreadPoolExecutor.runWorker()
Line 624 java.util.concurrent.ThreadPoolExecutor$Worker.run()
Line 748 java.lang.Thread.run()

Nov 09, 2017 5:26:32 PM net.jxta.logging.Logging logCheckedSevere
SEVERE: Line 1421 net.jxta.impl.rendezvous.rpv.PeerView.rescheduleKick()
Cannot set timer. RPV will not work.
java.util.concurrent.RejectedExecutionException: Task java.util.concurrent.ScheduledThreadPoolExecutor$ScheduledFutureTask@6e03d237 rejected from java.util.concurrent.ScheduledThreadPoolExecutor@7a24c164[Terminated, pool size = 0, active threads = 0, queued tasks = 0, completed tasks = 52]
Line 2063 java.util.concurrent.ThreadPoolExecutor$AbortPolicy.rejectedExecution()
Line 830 java.util.concurrent.ThreadPoolExecutor.reject()
Line 326 java.util.concurrent.ScheduledThreadPoolExecutor.delayedExecute()
Line 533 java.util.concurrent.ScheduledThreadPoolExecutor.schedule()
Line 729 java.util.concurrent.Executors$DelegatedScheduledExecutorService.schedule()
Line 124 net.jxta.impl.util.threads.ProxiedScheduledExecutorService.schedule()
Line 930 net.jxta.impl.rendezvous.rpv.PeerView.addTask()
Line 1417 net.jxta.impl.rendezvous.rpv.PeerView.rescheduleKick()
Line 1303 net.jxta.impl.rendezvous.rpv.PeerView.notifyFailure()
Line 380 net.jxta.impl.rendezvous.rpv.PeerViewElement.getCachedMessenger()
Line 292 net.jxta.impl.rendezvous.rpv.PeerViewElement.sendMessage()
Line 1101 net.jxta.impl.rendezvous.rpv.PeerView.send()
Line 740 net.jxta.impl.rendezvous.rpv.PeerView.handlePeerViewMessage()
Line 666 net.jxta.impl.rendezvous.rpv.PeerView.processIncomingMessage()
Line 1024 net.jxta.impl.endpoint.EndpointServiceImpl.processIncomingMessage()
Line 767 net.jxta.impl.endpoint.mcast.McastTransport.processMulticast()
Line 890 net.jxta.impl.endpoint.mcast.McastTransport$DatagramProcessor.run()
Line 17 net.jxta.impl.util.threads.RunnableAsCallableWrapper.call()
Line 50 net.jxta.impl.util.threads.RunMetricsWrapper.call()
Line 34 net.jxta.impl.util.threads.QueueTimeRunMetricsWrapper.call()
Line 93 net.jxta.impl.util.threads.RunMetricsWrapper.run()
Line 9 net.jxta.impl.util.threads.QueueTimeRunMetricsWrapper.run()
Line 1149 java.util.concurrent.ThreadPoolExecutor.runWorker()
Line 624 java.util.concurrent.ThreadPoolExecutor$Worker.run()
Line 748 java.lang.Thread.run()

Nov 09, 2017 5:26:32 PM net.jxta.logging.Logging logCheckedSevere
SEVERE: Line 1421 net.jxta.impl.rendezvous.rpv.PeerView.rescheduleKick()
Cannot set timer. RPV will not work.
java.util.concurrent.RejectedExecutionException: Task java.util.concurrent.ScheduledThreadPoolExecutor$ScheduledFutureTask@704cddf7 rejected from java.util.concurrent.ScheduledThreadPoolExecutor@7a24c164[Terminated, pool size = 0, active threads = 0, queued tasks = 0, completed tasks = 52]
Line 2063 java.util.concurrent.ThreadPoolExecutor$AbortPolicy.rejectedExecution()
Line 830 java.util.concurrent.ThreadPoolExecutor.reject()
Line 326 java.util.concurrent.ScheduledThreadPoolExecutor.delayedExecute()
Line 533 java.util.concurrent.ScheduledThreadPoolExecutor.schedule()
Line 729 java.util.concurrent.Executors$DelegatedScheduledExecutorService.schedule()
Line 124 net.jxta.impl.util.threads.ProxiedScheduledExecutorService.schedule()
Line 930 net.jxta.impl.rendezvous.rpv.PeerView.addTask()
Line 1417 net.jxta.impl.rendezvous.rpv.PeerView.rescheduleKick()
Line 1303 net.jxta.impl.rendezvous.rpv.PeerView.notifyFailure()
Line 380 net.jxta.impl.rendezvous.rpv.PeerViewElement.getCachedMessenger()
Line 292 net.jxta.impl.rendezvous.rpv.PeerViewElement.sendMessage()
Line 1101 net.jxta.impl.rendezvous.rpv.PeerView.send()
Line 740 net.jxta.impl.rendezvous.rpv.PeerView.handlePeerViewMessage()
Line 666 net.jxta.impl.rendezvous.rpv.PeerView.processIncomingMessage()
Line 1024 net.jxta.impl.endpoint.EndpointServiceImpl.processIncomingMessage()
Line 132 net.jxta.impl.endpoint.netty.AsynchronousNettyMessenger$2.run()
Line 17 net.jxta.impl.util.threads.RunnableAsCallableWrapper.call()
Line 50 net.jxta.impl.util.threads.RunMetricsWrapper.call()
Line 34 net.jxta.impl.util.threads.QueueTimeRunMetricsWrapper.call()
Line 93 net.jxta.impl.util.threads.RunMetricsWrapper.run()
Line 9 net.jxta.impl.util.threads.QueueTimeRunMetricsWrapper.run()
Line 1149 java.util.concurrent.ThreadPoolExecutor.runWorker()
Line 624 java.util.concurrent.ThreadPoolExecutor$Worker.run()
Line 748 java.lang.Thread.run()

Nov 09, 2017 5:26:32 PM net.jxta.logging.Logging logCheckedSevere
SEVERE: Line 1421 net.jxta.impl.rendezvous.rpv.PeerView.rescheduleKick()
Cannot set timer. RPV will not work.
java.util.concurrent.RejectedExecutionException: Task java.util.concurrent.ScheduledThreadPoolExecutor$ScheduledFutureTask@31c4fb4a rejected from java.util.concurrent.ScheduledThreadPoolExecutor@7a24c164[Terminated, pool size = 0, active threads = 0, queued tasks = 0, completed tasks = 52]
Line 2063 java.util.concurrent.ThreadPoolExecutor$AbortPolicy.rejectedExecution()
Line 830 java.util.concurrent.ThreadPoolExecutor.reject()
Line 326 java.util.concurrent.ScheduledThreadPoolExecutor.delayedExecute()
Line 533 java.util.concurrent.ScheduledThreadPoolExecutor.schedule()
Line 729 java.util.concurrent.Executors$DelegatedScheduledExecutorService.schedule()
Line 124 net.jxta.impl.util.threads.ProxiedScheduledExecutorService.schedule()
Line 930 net.jxta.impl.rendezvous.rpv.PeerView.addTask()
Line 1417 net.jxta.impl.rendezvous.rpv.PeerView.rescheduleKick()
Line 1303 net.jxta.impl.rendezvous.rpv.PeerView.notifyFailure()
Line 380 net.jxta.impl.rendezvous.rpv.PeerViewElement.getCachedMessenger()
Line 292 net.jxta.impl.rendezvous.rpv.PeerViewElement.sendMessage()
Line 1101 net.jxta.impl.rendezvous.rpv.PeerView.send()
Line 740 net.jxta.impl.rendezvous.rpv.PeerView.handlePeerViewMessage()
Line 666 net.jxta.impl.rendezvous.rpv.PeerView.processIncomingMessage()
Line 1024 net.jxta.impl.endpoint.EndpointServiceImpl.processIncomingMessage()
Line 767 net.jxta.impl.endpoint.mcast.McastTransport.processMulticast()
Line 890 net.jxta.impl.endpoint.mcast.McastTransport$DatagramProcessor.run()
Line 17 net.jxta.impl.util.threads.RunnableAsCallableWrapper.call()
Line 50 net.jxta.impl.util.threads.RunMetricsWrapper.call()
Line 34 net.jxta.impl.util.threads.QueueTimeRunMetricsWrapper.call()
Line 93 net.jxta.impl.util.threads.RunMetricsWrapper.run()
Line 9 net.jxta.impl.util.threads.QueueTimeRunMetricsWrapper.run()
Line 1149 java.util.concurrent.ThreadPoolExecutor.runWorker()
Line 624 java.util.concurrent.ThreadPoolExecutor$Worker.run()
Line 748 java.lang.Thread.run()

Nov 09, 2017 5:26:32 PM net.jxta.logging.Logging logCheckedSevere
SEVERE: Line 1421 net.jxta.impl.rendezvous.rpv.PeerView.rescheduleKick()
Cannot set timer. RPV will not work.
java.util.concurrent.RejectedExecutionException: Task java.util.concurrent.ScheduledThreadPoolExecutor$ScheduledFutureTask@32216376 rejected from java.util.concurrent.ScheduledThreadPoolExecutor@7a24c164[Terminated, pool size = 0, active threads = 0, queued tasks = 0, completed tasks = 52]
Line 2063 java.util.concurrent.ThreadPoolExecutor$AbortPolicy.rejectedExecution()
Line 830 java.util.concurrent.ThreadPoolExecutor.reject()
Line 326 java.util.concurrent.ScheduledThreadPoolExecutor.delayedExecute()
Line 533 java.util.concurrent.ScheduledThreadPoolExecutor.schedule()
Line 729 java.util.concurrent.Executors$DelegatedScheduledExecutorService.schedule()
Line 124 net.jxta.impl.util.threads.ProxiedScheduledExecutorService.schedule()
Line 930 net.jxta.impl.rendezvous.rpv.PeerView.addTask()
Line 1417 net.jxta.impl.rendezvous.rpv.PeerView.rescheduleKick()
Line 1303 net.jxta.impl.rendezvous.rpv.PeerView.notifyFailure()
Line 380 net.jxta.impl.rendezvous.rpv.PeerViewElement.getCachedMessenger()
Line 292 net.jxta.impl.rendezvous.rpv.PeerViewElement.sendMessage()
Line 1101 net.jxta.impl.rendezvous.rpv.PeerView.send()
Line 740 net.jxta.impl.rendezvous.rpv.PeerView.handlePeerViewMessage()
Line 666 net.jxta.impl.rendezvous.rpv.PeerView.processIncomingMessage()
Line 1024 net.jxta.impl.endpoint.EndpointServiceImpl.processIncomingMessage()
Line 132 net.jxta.impl.endpoint.netty.AsynchronousNettyMessenger$2.run()
Line 17 net.jxta.impl.util.threads.RunnableAsCallableWrapper.call()
Line 50 net.jxta.impl.util.threads.RunMetricsWrapper.call()
Line 34 net.jxta.impl.util.threads.QueueTimeRunMetricsWrapper.call()
Line 93 net.jxta.impl.util.threads.RunMetricsWrapper.run()
Line 9 net.jxta.impl.util.threads.QueueTimeRunMetricsWrapper.run()
Line 1149 java.util.concurrent.ThreadPoolExecutor.runWorker()
Line 624 java.util.concurrent.ThreadPoolExecutor$Worker.run()
Line 748 java.lang.Thread.run()

Nov 09, 2017 5:26:32 PM net.jxta.logging.Logging logCheckedSevere
SEVERE: Line 1421 net.jxta.impl.rendezvous.rpv.PeerView.rescheduleKick()
Cannot set timer. RPV will not work.
java.util.concurrent.RejectedExecutionException: Task java.util.concurrent.ScheduledThreadPoolExecutor$ScheduledFutureTask@7aba49e6 rejected from java.util.concurrent.ScheduledThreadPoolExecutor@7a24c164[Terminated, pool size = 0, active threads = 0, queued tasks = 0, completed tasks = 52]
Line 2063 java.util.concurrent.ThreadPoolExecutor$AbortPolicy.rejectedExecution()
Line 830 java.util.concurrent.ThreadPoolExecutor.reject()
Line 326 java.util.concurrent.ScheduledThreadPoolExecutor.delayedExecute()
Line 533 java.util.concurrent.ScheduledThreadPoolExecutor.schedule()
Line 729 java.util.concurrent.Executors$DelegatedScheduledExecutorService.schedule()
Line 124 net.jxta.impl.util.threads.ProxiedScheduledExecutorService.schedule()
Line 930 net.jxta.impl.rendezvous.rpv.PeerView.addTask()
Line 1417 net.jxta.impl.rendezvous.rpv.PeerView.rescheduleKick()
Line 1303 net.jxta.impl.rendezvous.rpv.PeerView.notifyFailure()
Line 380 net.jxta.impl.rendezvous.rpv.PeerViewElement.getCachedMessenger()
Line 292 net.jxta.impl.rendezvous.rpv.PeerViewElement.sendMessage()
Line 1101 net.jxta.impl.rendezvous.rpv.PeerView.send()
Line 740 net.jxta.impl.rendezvous.rpv.PeerView.handlePeerViewMessage()
Line 666 net.jxta.impl.rendezvous.rpv.PeerView.processIncomingMessage()
Line 1024 net.jxta.impl.endpoint.EndpointServiceImpl.processIncomingMessage()
Line 767 net.jxta.impl.endpoint.mcast.McastTransport.processMulticast()
Line 890 net.jxta.impl.endpoint.mcast.McastTransport$DatagramProcessor.run()
Line 17 net.jxta.impl.util.threads.RunnableAsCallableWrapper.call()
Line 50 net.jxta.impl.util.threads.RunMetricsWrapper.call()
Line 34 net.jxta.impl.util.threads.QueueTimeRunMetricsWrapper.call()
Line 93 net.jxta.impl.util.threads.RunMetricsWrapper.run()
Line 9 net.jxta.impl.util.threads.QueueTimeRunMetricsWrapper.run()
Line 1149 java.util.concurrent.ThreadPoolExecutor.runWorker()
Line 624 java.util.concurrent.ThreadPoolExecutor$Worker.run()
Line 748 java.lang.Thread.run()

Nov 09, 2017 5:26:33 PM net.jxta.logging.Logging logCheckedSevere
SEVERE: Line 1421 net.jxta.impl.rendezvous.rpv.PeerView.rescheduleKick()
Cannot set timer. RPV will not work.
java.util.concurrent.RejectedExecutionException: Task java.util.concurrent.ScheduledThreadPoolExecutor$ScheduledFutureTask@46976f8 rejected from java.util.concurrent.ScheduledThreadPoolExecutor@7a24c164[Terminated, pool size = 0, active threads = 0, queued tasks = 0, completed tasks = 52]
Line 2063 java.util.concurrent.ThreadPoolExecutor$AbortPolicy.rejectedExecution()
Line 830 java.util.concurrent.ThreadPoolExecutor.reject()
Line 326 java.util.concurrent.ScheduledThreadPoolExecutor.delayedExecute()
Line 533 java.util.concurrent.ScheduledThreadPoolExecutor.schedule()
Line 729 java.util.concurrent.Executors$DelegatedScheduledExecutorService.schedule()
Line 124 net.jxta.impl.util.threads.ProxiedScheduledExecutorService.schedule()
Line 930 net.jxta.impl.rendezvous.rpv.PeerView.addTask()
Line 1417 net.jxta.impl.rendezvous.rpv.PeerView.rescheduleKick()
Line 1303 net.jxta.impl.rendezvous.rpv.PeerView.notifyFailure()
Line 380 net.jxta.impl.rendezvous.rpv.PeerViewElement.getCachedMessenger()
Line 292 net.jxta.impl.rendezvous.rpv.PeerViewElement.sendMessage()
Line 1101 net.jxta.impl.rendezvous.rpv.PeerView.send()
Line 740 net.jxta.impl.rendezvous.rpv.PeerView.handlePeerViewMessage()
Line 666 net.jxta.impl.rendezvous.rpv.PeerView.processIncomingMessage()
Line 1024 net.jxta.impl.endpoint.EndpointServiceImpl.processIncomingMessage()
Line 132 net.jxta.impl.endpoint.netty.AsynchronousNettyMessenger$2.run()
Line 17 net.jxta.impl.util.threads.RunnableAsCallableWrapper.call()
Line 50 net.jxta.impl.util.threads.RunMetricsWrapper.call()
Line 34 net.jxta.impl.util.threads.QueueTimeRunMetricsWrapper.call()
Line 93 net.jxta.impl.util.threads.RunMetricsWrapper.run()
Line 9 net.jxta.impl.util.threads.QueueTimeRunMetricsWrapper.run()
Line 1149 java.util.concurrent.ThreadPoolExecutor.runWorker()
Line 624 java.util.concurrent.ThreadPoolExecutor$Worker.run()
Line 748 java.lang.Thread.run()

java.net.ConnectException: Connection refused (Connection refused)
	at java.net.PlainSocketImpl.socketConnect(Native Method)
	at java.net.AbstractPlainSocketImpl.doConnect(AbstractPlainSocketImpl.java:350)
	at java.net.AbstractPlainSocketImpl.connectToAddress(AbstractPlainSocketImpl.java:206)
	at java.net.AbstractPlainSocketImpl.connect(AbstractPlainSocketImpl.java:188)
	at java.net.SocksSocketImpl.connect(SocksSocketImpl.java:392)
	at java.net.Socket.connect(Socket.java:589)
	at sun.security.ssl.SSLSocketImpl.connect(SSLSocketImpl.java:673)
	at sun.security.ssl.BaseSSLSocketImpl.connect(BaseSSLSocketImpl.java:173)
	at sun.net.NetworkClient.doConnect(NetworkClient.java:180)
	at sun.net.www.http.HttpClient.openServer(HttpClient.java:463)
	at sun.net.www.http.HttpClient.openServer(HttpClient.java:558)
	at sun.net.www.protocol.https.HttpsClient.<init>(HttpsClient.java:264)
	at sun.net.www.protocol.https.HttpsClient.New(HttpsClient.java:367)
	at sun.net.www.protocol.https.AbstractDelegateHttpsURLConnection.getNewHttpClient(AbstractDelegateHttpsURLConnection.java:191)
	at sun.net.www.protocol.http.HttpURLConnection.plainConnect0(HttpURLConnection.java:1156)
	at sun.net.www.protocol.http.HttpURLConnection.plainConnect(HttpURLConnection.java:1050)
	at sun.net.www.protocol.https.AbstractDelegateHttpsURLConnection.connect(AbstractDelegateHttpsURLConnection.java:177)
	at sun.net.www.protocol.http.HttpURLConnection.getInputStream0(HttpURLConnection.java:1564)
	at sun.net.www.protocol.http.HttpURLConnection.getInputStream(HttpURLConnection.java:1492)
	at java.net.HttpURLConnection.getResponseCode(HttpURLConnection.java:480)
	at sun.net.www.protocol.https.HttpsURLConnectionImpl.getResponseCode(HttpsURLConnectionImpl.java:347)
	at controller.ControllerTest.isJettyServerReady(ControllerTest.java:122)
	at controller.ControllerTest.initialize(ControllerTest.java:91)
	at sun.reflect.NativeMethodAccessorImpl.invoke0(Native Method)
	at sun.reflect.NativeMethodAccessorImpl.invoke(NativeMethodAccessorImpl.java:62)
	at sun.reflect.DelegatingMethodAccessorImpl.invoke(DelegatingMethodAccessorImpl.java:43)
	at java.lang.reflect.Method.invoke(Method.java:498)
	at org.junit.runners.model.FrameworkMethod$1.runReflectiveCall(FrameworkMethod.java:50)
	at org.junit.internal.runners.model.ReflectiveCallable.run(ReflectiveCallable.java:12)
	at org.junit.runners.model.FrameworkMethod.invokeExplosively(FrameworkMethod.java:47)
	at org.junit.internal.runners.statements.RunBefores.evaluate(RunBefores.java:24)
	at org.junit.internal.runners.statements.RunAfters.evaluate(RunAfters.java:27)
	at org.junit.runners.ParentRunner.run(ParentRunner.java:363)
	at org.gradle.api.internal.tasks.testing.junit.JUnitTestClassExecuter.runTestClass(JUnitTestClassExecuter.java:114)
	at org.gradle.api.internal.tasks.testing.junit.JUnitTestClassExecuter.execute(JUnitTestClassExecuter.java:57)
	at org.gradle.api.internal.tasks.testing.junit.JUnitTestClassProcessor.processTestClass(JUnitTestClassProcessor.java:66)
	at org.gradle.api.internal.tasks.testing.SuiteTestClassProcessor.processTestClass(SuiteTestClassProcessor.java:51)
	at sun.reflect.GeneratedMethodAccessor11.invoke(Unknown Source)
	at sun.reflect.DelegatingMethodAccessorImpl.invoke(DelegatingMethodAccessorImpl.java:43)
	at java.lang.reflect.Method.invoke(Method.java:498)
	at org.gradle.internal.dispatch.ReflectionDispatch.dispatch(ReflectionDispatch.java:35)
	at org.gradle.internal.dispatch.ReflectionDispatch.dispatch(ReflectionDispatch.java:24)
	at org.gradle.internal.dispatch.ContextClassLoaderDispatch.dispatch(ContextClassLoaderDispatch.java:32)
	at org.gradle.internal.dispatch.ProxyDispatchAdapter$DispatchingInvocationHandler.invoke(ProxyDispatchAdapter.java:93)
	at com.sun.proxy.$Proxy2.processTestClass(Unknown Source)
	at org.gradle.api.internal.tasks.testing.worker.TestWorker.processTestClass(TestWorker.java:109)
	at sun.reflect.GeneratedMethodAccessor10.invoke(Unknown Source)
	at sun.reflect.DelegatingMethodAccessorImpl.invoke(DelegatingMethodAccessorImpl.java:43)
	at java.lang.reflect.Method.invoke(Method.java:498)
	at org.gradle.internal.dispatch.ReflectionDispatch.dispatch(ReflectionDispatch.java:35)
	at org.gradle.internal.dispatch.ReflectionDispatch.dispatch(ReflectionDispatch.java:24)
	at org.gradle.internal.remote.internal.hub.MessageHub$Handler.run(MessageHub.java:377)
	at org.gradle.internal.concurrent.ExecutorPolicy$CatchAndRecordFailures.onExecute(ExecutorPolicy.java:54)
	at org.gradle.internal.concurrent.StoppableExecutorImpl$1.run(StoppableExecutorImpl.java:40)
	at java.util.concurrent.ThreadPoolExecutor.runWorker(ThreadPoolExecutor.java:1149)
	at java.util.concurrent.ThreadPoolExecutor$Worker.run(ThreadPoolExecutor.java:624)
	at java.lang.Thread.run(Thread.java:748)
2017-11-09 17:26:33.733:INFO:oejs.Server:Thread-16: jetty-9.3.22.v20171030
Nov 09, 2017 5:26:33 PM org.glassfish.jersey.server.ApplicationHandler initialize
INFO: Initiating Jersey application, version Jersey: 2.7 2014-03-12 18:11:31...
java.net.ConnectException: Connection refused (Connection refused)
	at java.net.PlainSocketImpl.socketConnect(Native Method)
	at java.net.AbstractPlainSocketImpl.doConnect(AbstractPlainSocketImpl.java:350)
	at java.net.AbstractPlainSocketImpl.connectToAddress(AbstractPlainSocketImpl.java:206)
	at java.net.AbstractPlainSocketImpl.connect(AbstractPlainSocketImpl.java:188)
	at java.net.SocksSocketImpl.connect(SocksSocketImpl.java:392)
	at java.net.Socket.connect(Socket.java:589)
	at sun.security.ssl.SSLSocketImpl.connect(SSLSocketImpl.java:673)
	at sun.security.ssl.BaseSSLSocketImpl.connect(BaseSSLSocketImpl.java:173)
	at sun.net.NetworkClient.doConnect(NetworkClient.java:180)
	at sun.net.www.http.HttpClient.openServer(HttpClient.java:463)
	at sun.net.www.http.HttpClient.openServer(HttpClient.java:558)
	at sun.net.www.protocol.https.HttpsClient.<init>(HttpsClient.java:264)
	at sun.net.www.protocol.https.HttpsClient.New(HttpsClient.java:367)
	at sun.net.www.protocol.https.AbstractDelegateHttpsURLConnection.getNewHttpClient(AbstractDelegateHttpsURLConnection.java:191)
	at sun.net.www.protocol.http.HttpURLConnection.plainConnect0(HttpURLConnection.java:1156)
	at sun.net.www.protocol.http.HttpURLConnection.plainConnect(HttpURLConnection.java:1050)
	at sun.net.www.protocol.https.AbstractDelegateHttpsURLConnection.connect(AbstractDelegateHttpsURLConnection.java:177)
	at sun.net.www.protocol.http.HttpURLConnection.getInputStream0(HttpURLConnection.java:1564)
	at sun.net.www.protocol.http.HttpURLConnection.getInputStream(HttpURLConnection.java:1492)
	at java.net.HttpURLConnection.getResponseCode(HttpURLConnection.java:480)
	at sun.net.www.protocol.https.HttpsURLConnectionImpl.getResponseCode(HttpsURLConnectionImpl.java:347)
	at controller.ControllerTest.isJettyServerReady(ControllerTest.java:122)
	at controller.ControllerTest.initialize(ControllerTest.java:91)
	at sun.reflect.NativeMethodAccessorImpl.invoke0(Native Method)
	at sun.reflect.NativeMethodAccessorImpl.invoke(NativeMethodAccessorImpl.java:62)
	at sun.reflect.DelegatingMethodAccessorImpl.invoke(DelegatingMethodAccessorImpl.java:43)
	at java.lang.reflect.Method.invoke(Method.java:498)
	at org.junit.runners.model.FrameworkMethod$1.runReflectiveCall(FrameworkMethod.java:50)
	at org.junit.internal.runners.model.ReflectiveCallable.run(ReflectiveCallable.java:12)
	at org.junit.runners.model.FrameworkMethod.invokeExplosively(FrameworkMethod.java:47)
	at org.junit.internal.runners.statements.RunBefores.evaluate(RunBefores.java:24)
	at org.junit.internal.runners.statements.RunAfters.evaluate(RunAfters.java:27)
	at org.junit.runners.ParentRunner.run(ParentRunner.java:363)
	at org.gradle.api.internal.tasks.testing.junit.JUnitTestClassExecuter.runTestClass(JUnitTestClassExecuter.java:114)
	at org.gradle.api.internal.tasks.testing.junit.JUnitTestClassExecuter.execute(JUnitTestClassExecuter.java:57)
	at org.gradle.api.internal.tasks.testing.junit.JUnitTestClassProcessor.processTestClass(JUnitTestClassProcessor.java:66)
	at org.gradle.api.internal.tasks.testing.SuiteTestClassProcessor.processTestClass(SuiteTestClassProcessor.java:51)
	at sun.reflect.GeneratedMethodAccessor11.invoke(Unknown Source)
	at sun.reflect.DelegatingMethodAccessorImpl.invoke(DelegatingMethodAccessorImpl.java:43)
	at java.lang.reflect.Method.invoke(Method.java:498)
	at org.gradle.internal.dispatch.ReflectionDispatch.dispatch(ReflectionDispatch.java:35)
	at org.gradle.internal.dispatch.ReflectionDispatch.dispatch(ReflectionDispatch.java:24)
	at org.gradle.internal.dispatch.ContextClassLoaderDispatch.dispatch(ContextClassLoaderDispatch.java:32)
	at org.gradle.internal.dispatch.ProxyDispatchAdapter$DispatchingInvocationHandler.invoke(ProxyDispatchAdapter.java:93)
	at com.sun.proxy.$Proxy2.processTestClass(Unknown Source)
	at org.gradle.api.internal.tasks.testing.worker.TestWorker.processTestClass(TestWorker.java:109)
	at sun.reflect.GeneratedMethodAccessor10.invoke(Unknown Source)
	at sun.reflect.DelegatingMethodAccessorImpl.invoke(DelegatingMethodAccessorImpl.java:43)
	at java.lang.reflect.Method.invoke(Method.java:498)
	at org.gradle.internal.dispatch.ReflectionDispatch.dispatch(ReflectionDispatch.java:35)
	at org.gradle.internal.dispatch.ReflectionDispatch.dispatch(ReflectionDispatch.java:24)
	at org.gradle.internal.remote.internal.hub.MessageHub$Handler.run(MessageHub.java:377)
	at org.gradle.internal.concurrent.ExecutorPolicy$CatchAndRecordFailures.onExecute(ExecutorPolicy.java:54)
	at org.gradle.internal.concurrent.StoppableExecutorImpl$1.run(StoppableExecutorImpl.java:40)
	at java.util.concurrent.ThreadPoolExecutor.runWorker(ThreadPoolExecutor.java:1149)
	at java.util.concurrent.ThreadPoolExecutor$Worker.run(ThreadPoolExecutor.java:624)
	at java.lang.Thread.run(Thread.java:748)
java.net.ConnectException: Connection refused (Connection refused)
	at java.net.PlainSocketImpl.socketConnect(Native Method)
	at java.net.AbstractPlainSocketImpl.doConnect(AbstractPlainSocketImpl.java:350)
	at java.net.AbstractPlainSocketImpl.connectToAddress(AbstractPlainSocketImpl.java:206)
	at java.net.AbstractPlainSocketImpl.connect(AbstractPlainSocketImpl.java:188)
	at java.net.SocksSocketImpl.connect(SocksSocketImpl.java:392)
	at java.net.Socket.connect(Socket.java:589)
	at sun.security.ssl.SSLSocketImpl.connect(SSLSocketImpl.java:673)
	at sun.security.ssl.BaseSSLSocketImpl.connect(BaseSSLSocketImpl.java:173)
	at sun.net.NetworkClient.doConnect(NetworkClient.java:180)
	at sun.net.www.http.HttpClient.openServer(HttpClient.java:463)
	at sun.net.www.http.HttpClient.openServer(HttpClient.java:558)
	at sun.net.www.protocol.https.HttpsClient.<init>(HttpsClient.java:264)
	at sun.net.www.protocol.https.HttpsClient.New(HttpsClient.java:367)
	at sun.net.www.protocol.https.AbstractDelegateHttpsURLConnection.getNewHttpClient(AbstractDelegateHttpsURLConnection.java:191)
	at sun.net.www.protocol.http.HttpURLConnection.plainConnect0(HttpURLConnection.java:1156)
	at sun.net.www.protocol.http.HttpURLConnection.plainConnect(HttpURLConnection.java:1050)
	at sun.net.www.protocol.https.AbstractDelegateHttpsURLConnection.connect(AbstractDelegateHttpsURLConnection.java:177)
	at sun.net.www.protocol.http.HttpURLConnection.getInputStream0(HttpURLConnection.java:1564)
	at sun.net.www.protocol.http.HttpURLConnection.getInputStream(HttpURLConnection.java:1492)
	at java.net.HttpURLConnection.getResponseCode(HttpURLConnection.java:480)
	at sun.net.www.protocol.https.HttpsURLConnectionImpl.getResponseCode(HttpsURLConnectionImpl.java:347)
	at controller.ControllerTest.isJettyServerReady(ControllerTest.java:122)
	at controller.ControllerTest.initialize(ControllerTest.java:91)
	at sun.reflect.NativeMethodAccessorImpl.invoke0(Native Method)
	at sun.reflect.NativeMethodAccessorImpl.invoke(NativeMethodAccessorImpl.java:62)
	at sun.reflect.DelegatingMethodAccessorImpl.invoke(DelegatingMethodAccessorImpl.java:43)
	at java.lang.reflect.Method.invoke(Method.java:498)
	at org.junit.runners.model.FrameworkMethod$1.runReflectiveCall(FrameworkMethod.java:50)
	at org.junit.internal.runners.model.ReflectiveCallable.run(ReflectiveCallable.java:12)
	at org.junit.runners.model.FrameworkMethod.invokeExplosively(FrameworkMethod.java:47)
	at org.junit.internal.runners.statements.RunBefores.evaluate(RunBefores.java:24)
	at org.junit.internal.runners.statements.RunAfters.evaluate(RunAfters.java:27)
	at org.junit.runners.ParentRunner.run(ParentRunner.java:363)
	at org.gradle.api.internal.tasks.testing.junit.JUnitTestClassExecuter.runTestClass(JUnitTestClassExecuter.java:114)
	at org.gradle.api.internal.tasks.testing.junit.JUnitTestClassExecuter.execute(JUnitTestClassExecuter.java:57)
	at org.gradle.api.internal.tasks.testing.junit.JUnitTestClassProcessor.processTestClass(JUnitTestClassProcessor.java:66)
	at org.gradle.api.internal.tasks.testing.SuiteTestClassProcessor.processTestClass(SuiteTestClassProcessor.java:51)
	at sun.reflect.GeneratedMethodAccessor11.invoke(Unknown Source)
	at sun.reflect.DelegatingMethodAccessorImpl.invoke(DelegatingMethodAccessorImpl.java:43)
	at java.lang.reflect.Method.invoke(Method.java:498)
	at org.gradle.internal.dispatch.ReflectionDispatch.dispatch(ReflectionDispatch.java:35)
	at org.gradle.internal.dispatch.ReflectionDispatch.dispatch(ReflectionDispatch.java:24)
	at org.gradle.internal.dispatch.ContextClassLoaderDispatch.dispatch(ContextClassLoaderDispatch.java:32)
	at org.gradle.internal.dispatch.ProxyDispatchAdapter$DispatchingInvocationHandler.invoke(ProxyDispatchAdapter.java:93)
	at com.sun.proxy.$Proxy2.processTestClass(Unknown Source)
	at org.gradle.api.internal.tasks.testing.worker.TestWorker.processTestClass(TestWorker.java:109)
	at sun.reflect.GeneratedMethodAccessor10.invoke(Unknown Source)
	at sun.reflect.DelegatingMethodAccessorImpl.invoke(DelegatingMethodAccessorImpl.java:43)
	at java.lang.reflect.Method.invoke(Method.java:498)
	at org.gradle.internal.dispatch.ReflectionDispatch.dispatch(ReflectionDispatch.java:35)
	at org.gradle.internal.dispatch.ReflectionDispatch.dispatch(ReflectionDispatch.java:24)
	at org.gradle.internal.remote.internal.hub.MessageHub$Handler.run(MessageHub.java:377)
	at org.gradle.internal.concurrent.ExecutorPolicy$CatchAndRecordFailures.onExecute(ExecutorPolicy.java:54)
	at org.gradle.internal.concurrent.StoppableExecutorImpl$1.run(StoppableExecutorImpl.java:40)
	at java.util.concurrent.ThreadPoolExecutor.runWorker(ThreadPoolExecutor.java:1149)
	at java.util.concurrent.ThreadPoolExecutor$Worker.run(ThreadPoolExecutor.java:624)
	at java.lang.Thread.run(Thread.java:748)
Nov 09, 2017 5:26:33 PM org.glassfish.jersey.internal.Errors logErrors
WARNING: The following warnings have been detected: WARNING: The (sub)resource method get in controller.Users contains empty path annotation.
WARNING: The (sub)resource method add in controller.Users contains empty path annotation.

Nov 09, 2017 5:26:33 PM org.glassfish.jersey.server.ApplicationHandler initialize
INFO: Initiating Jersey application, version Jersey: 2.7 2014-03-12 18:11:31...
java.net.ConnectException: Connection refused (Connection refused)
	at java.net.PlainSocketImpl.socketConnect(Native Method)
	at java.net.AbstractPlainSocketImpl.doConnect(AbstractPlainSocketImpl.java:350)
	at java.net.AbstractPlainSocketImpl.connectToAddress(AbstractPlainSocketImpl.java:206)
	at java.net.AbstractPlainSocketImpl.connect(AbstractPlainSocketImpl.java:188)
	at java.net.SocksSocketImpl.connect(SocksSocketImpl.java:392)
	at java.net.Socket.connect(Socket.java:589)
	at sun.security.ssl.SSLSocketImpl.connect(SSLSocketImpl.java:673)
	at sun.security.ssl.BaseSSLSocketImpl.connect(BaseSSLSocketImpl.java:173)
	at sun.net.NetworkClient.doConnect(NetworkClient.java:180)
	at sun.net.www.http.HttpClient.openServer(HttpClient.java:463)
	at sun.net.www.http.HttpClient.openServer(HttpClient.java:558)
	at sun.net.www.protocol.https.HttpsClient.<init>(HttpsClient.java:264)
	at sun.net.www.protocol.https.HttpsClient.New(HttpsClient.java:367)
	at sun.net.www.protocol.https.AbstractDelegateHttpsURLConnection.getNewHttpClient(AbstractDelegateHttpsURLConnection.java:191)
	at sun.net.www.protocol.http.HttpURLConnection.plainConnect0(HttpURLConnection.java:1156)
	at sun.net.www.protocol.http.HttpURLConnection.plainConnect(HttpURLConnection.java:1050)
	at sun.net.www.protocol.https.AbstractDelegateHttpsURLConnection.connect(AbstractDelegateHttpsURLConnection.java:177)
	at sun.net.www.protocol.http.HttpURLConnection.getInputStream0(HttpURLConnection.java:1564)
	at sun.net.www.protocol.http.HttpURLConnection.getInputStream(HttpURLConnection.java:1492)
	at java.net.HttpURLConnection.getResponseCode(HttpURLConnection.java:480)
	at sun.net.www.protocol.https.HttpsURLConnectionImpl.getResponseCode(HttpsURLConnectionImpl.java:347)
	at controller.ControllerTest.isJettyServerReady(ControllerTest.java:122)
	at controller.ControllerTest.initialize(ControllerTest.java:91)
	at sun.reflect.NativeMethodAccessorImpl.invoke0(Native Method)
	at sun.reflect.NativeMethodAccessorImpl.invoke(NativeMethodAccessorImpl.java:62)
	at sun.reflect.DelegatingMethodAccessorImpl.invoke(DelegatingMethodAccessorImpl.java:43)
	at java.lang.reflect.Method.invoke(Method.java:498)
	at org.junit.runners.model.FrameworkMethod$1.runReflectiveCall(FrameworkMethod.java:50)
	at org.junit.internal.runners.model.ReflectiveCallable.run(ReflectiveCallable.java:12)
	at org.junit.runners.model.FrameworkMethod.invokeExplosively(FrameworkMethod.java:47)
	at org.junit.internal.runners.statements.RunBefores.evaluate(RunBefores.java:24)
	at org.junit.internal.runners.statements.RunAfters.evaluate(RunAfters.java:27)
	at org.junit.runners.ParentRunner.run(ParentRunner.java:363)
	at org.gradle.api.internal.tasks.testing.junit.JUnitTestClassExecuter.runTestClass(JUnitTestClassExecuter.java:114)
	at org.gradle.api.internal.tasks.testing.junit.JUnitTestClassExecuter.execute(JUnitTestClassExecuter.java:57)
	at org.gradle.api.internal.tasks.testing.junit.JUnitTestClassProcessor.processTestClass(JUnitTestClassProcessor.java:66)
	at org.gradle.api.internal.tasks.testing.SuiteTestClassProcessor.processTestClass(SuiteTestClassProcessor.java:51)
	at sun.reflect.GeneratedMethodAccessor11.invoke(Unknown Source)
	at sun.reflect.DelegatingMethodAccessorImpl.invoke(DelegatingMethodAccessorImpl.java:43)
	at java.lang.reflect.Method.invoke(Method.java:498)
	at org.gradle.internal.dispatch.ReflectionDispatch.dispatch(ReflectionDispatch.java:35)
	at org.gradle.internal.dispatch.ReflectionDispatch.dispatch(ReflectionDispatch.java:24)
	at org.gradle.internal.dispatch.ContextClassLoaderDispatch.dispatch(ContextClassLoaderDispatch.java:32)
	at org.gradle.internal.dispatch.ProxyDispatchAdapter$DispatchingInvocationHandler.invoke(ProxyDispatchAdapter.java:93)
	at com.sun.proxy.$Proxy2.processTestClass(Unknown Source)
	at org.gradle.api.internal.tasks.testing.worker.TestWorker.processTestClass(TestWorker.java:109)
	at sun.reflect.GeneratedMethodAccessor10.invoke(Unknown Source)
	at sun.reflect.DelegatingMethodAccessorImpl.invoke(DelegatingMethodAccessorImpl.java:43)
	at java.lang.reflect.Method.invoke(Method.java:498)
	at org.gradle.internal.dispatch.ReflectionDispatch.dispatch(ReflectionDispatch.java:35)
	at org.gradle.internal.dispatch.ReflectionDispatch.dispatch(ReflectionDispatch.java:24)
	at org.gradle.internal.remote.internal.hub.MessageHub$Handler.run(MessageHub.java:377)
	at org.gradle.internal.concurrent.ExecutorPolicy$CatchAndRecordFailures.onExecute(ExecutorPolicy.java:54)
	at org.gradle.internal.concurrent.StoppableExecutorImpl$1.run(StoppableExecutorImpl.java:40)
	at java.util.concurrent.ThreadPoolExecutor.runWorker(ThreadPoolExecutor.java:1149)
	at java.util.concurrent.ThreadPoolExecutor$Worker.run(ThreadPoolExecutor.java:624)
	at java.lang.Thread.run(Thread.java:748)
Nov 09, 2017 5:26:34 PM org.glassfish.jersey.server.ApplicationHandler initialize
INFO: Initiating Jersey application, version Jersey: 2.7 2014-03-12 18:11:31...
java.net.ConnectException: Connection refused (Connection refused)
	at java.net.PlainSocketImpl.socketConnect(Native Method)
	at java.net.AbstractPlainSocketImpl.doConnect(AbstractPlainSocketImpl.java:350)
	at java.net.AbstractPlainSocketImpl.connectToAddress(AbstractPlainSocketImpl.java:206)
	at java.net.AbstractPlainSocketImpl.connect(AbstractPlainSocketImpl.java:188)
	at java.net.SocksSocketImpl.connect(SocksSocketImpl.java:392)
	at java.net.Socket.connect(Socket.java:589)
	at sun.security.ssl.SSLSocketImpl.connect(SSLSocketImpl.java:673)
	at sun.security.ssl.BaseSSLSocketImpl.connect(BaseSSLSocketImpl.java:173)
	at sun.net.NetworkClient.doConnect(NetworkClient.java:180)
	at sun.net.www.http.HttpClient.openServer(HttpClient.java:463)
	at sun.net.www.http.HttpClient.openServer(HttpClient.java:558)
	at sun.net.www.protocol.https.HttpsClient.<init>(HttpsClient.java:264)
	at sun.net.www.protocol.https.HttpsClient.New(HttpsClient.java:367)
	at sun.net.www.protocol.https.AbstractDelegateHttpsURLConnection.getNewHttpClient(AbstractDelegateHttpsURLConnection.java:191)
	at sun.net.www.protocol.http.HttpURLConnection.plainConnect0(HttpURLConnection.java:1156)
	at sun.net.www.protocol.http.HttpURLConnection.plainConnect(HttpURLConnection.java:1050)
	at sun.net.www.protocol.https.AbstractDelegateHttpsURLConnection.connect(AbstractDelegateHttpsURLConnection.java:177)
	at sun.net.www.protocol.http.HttpURLConnection.getInputStream0(HttpURLConnection.java:1564)
	at sun.net.www.protocol.http.HttpURLConnection.getInputStream(HttpURLConnection.java:1492)
	at java.net.HttpURLConnection.getResponseCode(HttpURLConnection.java:480)
	at sun.net.www.protocol.https.HttpsURLConnectionImpl.getResponseCode(HttpsURLConnectionImpl.java:347)
	at controller.ControllerTest.isJettyServerReady(ControllerTest.java:122)
	at controller.ControllerTest.initialize(ControllerTest.java:91)
	at sun.reflect.NativeMethodAccessorImpl.invoke0(Native Method)
	at sun.reflect.NativeMethodAccessorImpl.invoke(NativeMethodAccessorImpl.java:62)
	at sun.reflect.DelegatingMethodAccessorImpl.invoke(DelegatingMethodAccessorImpl.java:43)
	at java.lang.reflect.Method.invoke(Method.java:498)
	at org.junit.runners.model.FrameworkMethod$1.runReflectiveCall(FrameworkMethod.java:50)
	at org.junit.internal.runners.model.ReflectiveCallable.run(ReflectiveCallable.java:12)
	at org.junit.runners.model.FrameworkMethod.invokeExplosively(FrameworkMethod.java:47)
	at org.junit.internal.runners.statements.RunBefores.evaluate(RunBefores.java:24)
	at org.junit.internal.runners.statements.RunAfters.evaluate(RunAfters.java:27)
	at org.junit.runners.ParentRunner.run(ParentRunner.java:363)
	at org.gradle.api.internal.tasks.testing.junit.JUnitTestClassExecuter.runTestClass(JUnitTestClassExecuter.java:114)
	at org.gradle.api.internal.tasks.testing.junit.JUnitTestClassExecuter.execute(JUnitTestClassExecuter.java:57)
	at org.gradle.api.internal.tasks.testing.junit.JUnitTestClassProcessor.processTestClass(JUnitTestClassProcessor.java:66)
	at org.gradle.api.internal.tasks.testing.SuiteTestClassProcessor.processTestClass(SuiteTestClassProcessor.java:51)
	at sun.reflect.GeneratedMethodAccessor11.invoke(Unknown Source)
	at sun.reflect.DelegatingMethodAccessorImpl.invoke(DelegatingMethodAccessorImpl.java:43)
	at java.lang.reflect.Method.invoke(Method.java:498)
	at org.gradle.internal.dispatch.ReflectionDispatch.dispatch(ReflectionDispatch.java:35)
	at org.gradle.internal.dispatch.ReflectionDispatch.dispatch(ReflectionDispatch.java:24)
	at org.gradle.internal.dispatch.ContextClassLoaderDispatch.dispatch(ContextClassLoaderDispatch.java:32)
	at org.gradle.internal.dispatch.ProxyDispatchAdapter$DispatchingInvocationHandler.invoke(ProxyDispatchAdapter.java:93)
	at com.sun.proxy.$Proxy2.processTestClass(Unknown Source)
	at org.gradle.api.internal.tasks.testing.worker.TestWorker.processTestClass(TestWorker.java:109)
	at sun.reflect.GeneratedMethodAccessor10.invoke(Unknown Source)
	at sun.reflect.DelegatingMethodAccessorImpl.invoke(DelegatingMethodAccessorImpl.java:43)
	at java.lang.reflect.Method.invoke(Method.java:498)
	at org.gradle.internal.dispatch.ReflectionDispatch.dispatch(ReflectionDispatch.java:35)
	at org.gradle.internal.dispatch.ReflectionDispatch.dispatch(ReflectionDispatch.java:24)
	at org.gradle.internal.remote.internal.hub.MessageHub$Handler.run(MessageHub.java:377)
	at org.gradle.internal.concurrent.ExecutorPolicy$CatchAndRecordFailures.onExecute(ExecutorPolicy.java:54)
	at org.gradle.internal.concurrent.StoppableExecutorImpl$1.run(StoppableExecutorImpl.java:40)
	at java.util.concurrent.ThreadPoolExecutor.runWorker(ThreadPoolExecutor.java:1149)
	at java.util.concurrent.ThreadPoolExecutor$Worker.run(ThreadPoolExecutor.java:624)
	at java.lang.Thread.run(Thread.java:748)
Nov 09, 2017 5:26:34 PM org.glassfish.jersey.server.ApplicationHandler initialize
INFO: Initiating Jersey application, version Jersey: 2.7 2014-03-12 18:11:31...
java.net.ConnectException: Connection refused (Connection refused)
	at java.net.PlainSocketImpl.socketConnect(Native Method)
	at java.net.AbstractPlainSocketImpl.doConnect(AbstractPlainSocketImpl.java:350)
	at java.net.AbstractPlainSocketImpl.connectToAddress(AbstractPlainSocketImpl.java:206)
	at java.net.AbstractPlainSocketImpl.connect(AbstractPlainSocketImpl.java:188)
	at java.net.SocksSocketImpl.connect(SocksSocketImpl.java:392)
	at java.net.Socket.connect(Socket.java:589)
	at sun.security.ssl.SSLSocketImpl.connect(SSLSocketImpl.java:673)
	at sun.security.ssl.BaseSSLSocketImpl.connect(BaseSSLSocketImpl.java:173)
	at sun.net.NetworkClient.doConnect(NetworkClient.java:180)
	at sun.net.www.http.HttpClient.openServer(HttpClient.java:463)
	at sun.net.www.http.HttpClient.openServer(HttpClient.java:558)
	at sun.net.www.protocol.https.HttpsClient.<init>(HttpsClient.java:264)
	at sun.net.www.protocol.https.HttpsClient.New(HttpsClient.java:367)
	at sun.net.www.protocol.https.AbstractDelegateHttpsURLConnection.getNewHttpClient(AbstractDelegateHttpsURLConnection.java:191)
	at sun.net.www.protocol.http.HttpURLConnection.plainConnect0(HttpURLConnection.java:1156)
	at sun.net.www.protocol.http.HttpURLConnection.plainConnect(HttpURLConnection.java:1050)
	at sun.net.www.protocol.https.AbstractDelegateHttpsURLConnection.connect(AbstractDelegateHttpsURLConnection.java:177)
	at sun.net.www.protocol.http.HttpURLConnection.getInputStream0(HttpURLConnection.java:1564)
	at sun.net.www.protocol.http.HttpURLConnection.getInputStream(HttpURLConnection.java:1492)
	at java.net.HttpURLConnection.getResponseCode(HttpURLConnection.java:480)
	at sun.net.www.protocol.https.HttpsURLConnectionImpl.getResponseCode(HttpsURLConnectionImpl.java:347)
	at controller.ControllerTest.isJettyServerReady(ControllerTest.java:122)
	at controller.ControllerTest.initialize(ControllerTest.java:91)
	at sun.reflect.NativeMethodAccessorImpl.invoke0(Native Method)
	at sun.reflect.NativeMethodAccessorImpl.invoke(NativeMethodAccessorImpl.java:62)
	at sun.reflect.DelegatingMethodAccessorImpl.invoke(DelegatingMethodAccessorImpl.java:43)
	at java.lang.reflect.Method.invoke(Method.java:498)
	at org.junit.runners.model.FrameworkMethod$1.runReflectiveCall(FrameworkMethod.java:50)
	at org.junit.internal.runners.model.ReflectiveCallable.run(ReflectiveCallable.java:12)
	at org.junit.runners.model.FrameworkMethod.invokeExplosively(FrameworkMethod.java:47)
	at org.junit.internal.runners.statements.RunBefores.evaluate(RunBefores.java:24)
	at org.junit.internal.runners.statements.RunAfters.evaluate(RunAfters.java:27)
	at org.junit.runners.ParentRunner.run(ParentRunner.java:363)
	at org.gradle.api.internal.tasks.testing.junit.JUnitTestClassExecuter.runTestClass(JUnitTestClassExecuter.java:114)
	at org.gradle.api.internal.tasks.testing.junit.JUnitTestClassExecuter.execute(JUnitTestClassExecuter.java:57)
	at org.gradle.api.internal.tasks.testing.junit.JUnitTestClassProcessor.processTestClass(JUnitTestClassProcessor.java:66)
	at org.gradle.api.internal.tasks.testing.SuiteTestClassProcessor.processTestClass(SuiteTestClassProcessor.java:51)
	at sun.reflect.GeneratedMethodAccessor11.invoke(Unknown Source)
	at sun.reflect.DelegatingMethodAccessorImpl.invoke(DelegatingMethodAccessorImpl.java:43)
	at java.lang.reflect.Method.invoke(Method.java:498)
	at org.gradle.internal.dispatch.ReflectionDispatch.dispatch(ReflectionDispatch.java:35)
	at org.gradle.internal.dispatch.ReflectionDispatch.dispatch(ReflectionDispatch.java:24)
	at org.gradle.internal.dispatch.ContextClassLoaderDispatch.dispatch(ContextClassLoaderDispatch.java:32)
	at org.gradle.internal.dispatch.ProxyDispatchAdapter$DispatchingInvocationHandler.invoke(ProxyDispatchAdapter.java:93)
	at com.sun.proxy.$Proxy2.processTestClass(Unknown Source)
	at org.gradle.api.internal.tasks.testing.worker.TestWorker.processTestClass(TestWorker.java:109)
	at sun.reflect.GeneratedMethodAccessor10.invoke(Unknown Source)
	at sun.reflect.DelegatingMethodAccessorImpl.invoke(DelegatingMethodAccessorImpl.java:43)
	at java.lang.reflect.Method.invoke(Method.java:498)
	at org.gradle.internal.dispatch.ReflectionDispatch.dispatch(ReflectionDispatch.java:35)
	at org.gradle.internal.dispatch.ReflectionDispatch.dispatch(ReflectionDispatch.java:24)
	at org.gradle.internal.remote.internal.hub.MessageHub$Handler.run(MessageHub.java:377)
	at org.gradle.internal.concurrent.ExecutorPolicy$CatchAndRecordFailures.onExecute(ExecutorPolicy.java:54)
	at org.gradle.internal.concurrent.StoppableExecutorImpl$1.run(StoppableExecutorImpl.java:40)
	at java.util.concurrent.ThreadPoolExecutor.runWorker(ThreadPoolExecutor.java:1149)
	at java.util.concurrent.ThreadPoolExecutor$Worker.run(ThreadPoolExecutor.java:624)
	at java.lang.Thread.run(Thread.java:748)
Nov 09, 2017 5:26:34 PM org.glassfish.jersey.server.ApplicationHandler initialize
INFO: Initiating Jersey application, version Jersey: 2.7 2014-03-12 18:11:31...
java.net.ConnectException: Connection refused (Connection refused)
	at java.net.PlainSocketImpl.socketConnect(Native Method)
	at java.net.AbstractPlainSocketImpl.doConnect(AbstractPlainSocketImpl.java:350)
	at java.net.AbstractPlainSocketImpl.connectToAddress(AbstractPlainSocketImpl.java:206)
	at java.net.AbstractPlainSocketImpl.connect(AbstractPlainSocketImpl.java:188)
	at java.net.SocksSocketImpl.connect(SocksSocketImpl.java:392)
	at java.net.Socket.connect(Socket.java:589)
	at sun.security.ssl.SSLSocketImpl.connect(SSLSocketImpl.java:673)
	at sun.security.ssl.BaseSSLSocketImpl.connect(BaseSSLSocketImpl.java:173)
	at sun.net.NetworkClient.doConnect(NetworkClient.java:180)
	at sun.net.www.http.HttpClient.openServer(HttpClient.java:463)
	at sun.net.www.http.HttpClient.openServer(HttpClient.java:558)
	at sun.net.www.protocol.https.HttpsClient.<init>(HttpsClient.java:264)
	at sun.net.www.protocol.https.HttpsClient.New(HttpsClient.java:367)
	at sun.net.www.protocol.https.AbstractDelegateHttpsURLConnection.getNewHttpClient(AbstractDelegateHttpsURLConnection.java:191)
	at sun.net.www.protocol.http.HttpURLConnection.plainConnect0(HttpURLConnection.java:1156)
	at sun.net.www.protocol.http.HttpURLConnection.plainConnect(HttpURLConnection.java:1050)
	at sun.net.www.protocol.https.AbstractDelegateHttpsURLConnection.connect(AbstractDelegateHttpsURLConnection.java:177)
	at sun.net.www.protocol.http.HttpURLConnection.getInputStream0(HttpURLConnection.java:1564)
	at sun.net.www.protocol.http.HttpURLConnection.getInputStream(HttpURLConnection.java:1492)
	at java.net.HttpURLConnection.getResponseCode(HttpURLConnection.java:480)
	at sun.net.www.protocol.https.HttpsURLConnectionImpl.getResponseCode(HttpsURLConnectionImpl.java:347)
	at controller.ControllerTest.isJettyServerReady(ControllerTest.java:122)
	at controller.ControllerTest.initialize(ControllerTest.java:91)
	at sun.reflect.NativeMethodAccessorImpl.invoke0(Native Method)
	at sun.reflect.NativeMethodAccessorImpl.invoke(NativeMethodAccessorImpl.java:62)
	at sun.reflect.DelegatingMethodAccessorImpl.invoke(DelegatingMethodAccessorImpl.java:43)
	at java.lang.reflect.Method.invoke(Method.java:498)
	at org.junit.runners.model.FrameworkMethod$1.runReflectiveCall(FrameworkMethod.java:50)
	at org.junit.internal.runners.model.ReflectiveCallable.run(ReflectiveCallable.java:12)
	at org.junit.runners.model.FrameworkMethod.invokeExplosively(FrameworkMethod.java:47)
	at org.junit.internal.runners.statements.RunBefores.evaluate(RunBefores.java:24)
	at org.junit.internal.runners.statements.RunAfters.evaluate(RunAfters.java:27)
	at org.junit.runners.ParentRunner.run(ParentRunner.java:363)
	at org.gradle.api.internal.tasks.testing.junit.JUnitTestClassExecuter.runTestClass(JUnitTestClassExecuter.java:114)
	at org.gradle.api.internal.tasks.testing.junit.JUnitTestClassExecuter.execute(JUnitTestClassExecuter.java:57)
	at org.gradle.api.internal.tasks.testing.junit.JUnitTestClassProcessor.processTestClass(JUnitTestClassProcessor.java:66)
	at org.gradle.api.internal.tasks.testing.SuiteTestClassProcessor.processTestClass(SuiteTestClassProcessor.java:51)
	at sun.reflect.GeneratedMethodAccessor11.invoke(Unknown Source)
	at sun.reflect.DelegatingMethodAccessorImpl.invoke(DelegatingMethodAccessorImpl.java:43)
	at java.lang.reflect.Method.invoke(Method.java:498)
	at org.gradle.internal.dispatch.ReflectionDispatch.dispatch(ReflectionDispatch.java:35)
	at org.gradle.internal.dispatch.ReflectionDispatch.dispatch(ReflectionDispatch.java:24)
	at org.gradle.internal.dispatch.ContextClassLoaderDispatch.dispatch(ContextClassLoaderDispatch.java:32)
	at org.gradle.internal.dispatch.ProxyDispatchAdapter$DispatchingInvocationHandler.invoke(ProxyDispatchAdapter.java:93)
	at com.sun.proxy.$Proxy2.processTestClass(Unknown Source)
	at org.gradle.api.internal.tasks.testing.worker.TestWorker.processTestClass(TestWorker.java:109)
	at sun.reflect.GeneratedMethodAccessor10.invoke(Unknown Source)
	at sun.reflect.DelegatingMethodAccessorImpl.invoke(DelegatingMethodAccessorImpl.java:43)
	at java.lang.reflect.Method.invoke(Method.java:498)
	at org.gradle.internal.dispatch.ReflectionDispatch.dispatch(ReflectionDispatch.java:35)
	at org.gradle.internal.dispatch.ReflectionDispatch.dispatch(ReflectionDispatch.java:24)
	at org.gradle.internal.remote.internal.hub.MessageHub$Handler.run(MessageHub.java:377)
	at org.gradle.internal.concurrent.ExecutorPolicy$CatchAndRecordFailures.onExecute(ExecutorPolicy.java:54)
	at org.gradle.internal.concurrent.StoppableExecutorImpl$1.run(StoppableExecutorImpl.java:40)
	at java.util.concurrent.ThreadPoolExecutor.runWorker(ThreadPoolExecutor.java:1149)
	at java.util.concurrent.ThreadPoolExecutor$Worker.run(ThreadPoolExecutor.java:624)
	at java.lang.Thread.run(Thread.java:748)
Nov 09, 2017 5:26:34 PM org.glassfish.jersey.internal.Errors logErrors
WARNING: The following warnings have been detected: WARNING: The (sub)resource method add in controller.Contracts contains empty path annotation.
WARNING: The (sub)resource method get in controller.Contracts contains empty path annotation.

Nov 09, 2017 5:26:34 PM org.glassfish.jersey.server.ApplicationHandler initialize
INFO: Initiating Jersey application, version Jersey: 2.7 2014-03-12 18:11:31...
java.net.ConnectException: Connection refused (Connection refused)
	at java.net.PlainSocketImpl.socketConnect(Native Method)
	at java.net.AbstractPlainSocketImpl.doConnect(AbstractPlainSocketImpl.java:350)
	at java.net.AbstractPlainSocketImpl.connectToAddress(AbstractPlainSocketImpl.java:206)
	at java.net.AbstractPlainSocketImpl.connect(AbstractPlainSocketImpl.java:188)
	at java.net.SocksSocketImpl.connect(SocksSocketImpl.java:392)
	at java.net.Socket.connect(Socket.java:589)
	at sun.security.ssl.SSLSocketImpl.connect(SSLSocketImpl.java:673)
	at sun.security.ssl.BaseSSLSocketImpl.connect(BaseSSLSocketImpl.java:173)
	at sun.net.NetworkClient.doConnect(NetworkClient.java:180)
	at sun.net.www.http.HttpClient.openServer(HttpClient.java:463)
	at sun.net.www.http.HttpClient.openServer(HttpClient.java:558)
	at sun.net.www.protocol.https.HttpsClient.<init>(HttpsClient.java:264)
	at sun.net.www.protocol.https.HttpsClient.New(HttpsClient.java:367)
	at sun.net.www.protocol.https.AbstractDelegateHttpsURLConnection.getNewHttpClient(AbstractDelegateHttpsURLConnection.java:191)
	at sun.net.www.protocol.http.HttpURLConnection.plainConnect0(HttpURLConnection.java:1156)
	at sun.net.www.protocol.http.HttpURLConnection.plainConnect(HttpURLConnection.java:1050)
[...]
Line 292 net.jxta.impl.rendezvous.rpv.PeerViewElement.sendMessage()
Line 1101 net.jxta.impl.rendezvous.rpv.PeerView.send()
Line 740 net.jxta.impl.rendezvous.rpv.PeerView.handlePeerViewMessage()
Line 666 net.jxta.impl.rendezvous.rpv.PeerView.processIncomingMessage()
Line 1024 net.jxta.impl.endpoint.EndpointServiceImpl.processIncomingMessage()
Line 767 net.jxta.impl.endpoint.mcast.McastTransport.processMulticast()
Line 890 net.jxta.impl.endpoint.mcast.McastTransport$DatagramProcessor.run()
Line 17 net.jxta.impl.util.threads.RunnableAsCallableWrapper.call()
Line 50 net.jxta.impl.util.threads.RunMetricsWrapper.call()
Line 34 net.jxta.impl.util.threads.QueueTimeRunMetricsWrapper.call()
Line 93 net.jxta.impl.util.threads.RunMetricsWrapper.run()
Line 9 net.jxta.impl.util.threads.QueueTimeRunMetricsWrapper.run()
Line 1149 java.util.concurrent.ThreadPoolExecutor.runWorker()
Line 624 java.util.concurrent.ThreadPoolExecutor$Worker.run()
Line 748 java.lang.Thread.run()

Nov 09, 2017 5:26:41 PM net.jxta.logging.Logging logCheckedSevere
SEVERE: Line 1421 net.jxta.impl.rendezvous.rpv.PeerView.rescheduleKick()
Cannot set timer. RPV will not work.
java.util.concurrent.RejectedExecutionException: Task java.util.concurrent.ScheduledThreadPoolExecutor$ScheduledFutureTask@4ab448a9 rejected from java.util.concurrent.ScheduledThreadPoolExecutor@7a24c164[Terminated, pool size = 0, active threads = 0, queued tasks = 0, completed tasks = 52]
Line 2063 java.util.concurrent.ThreadPoolExecutor$AbortPolicy.rejectedExecution()
Line 830 java.util.concurrent.ThreadPoolExecutor.reject()
Line 326 java.util.concurrent.ScheduledThreadPoolExecutor.delayedExecute()
Line 533 java.util.concurrent.ScheduledThreadPoolExecutor.schedule()
Line 729 java.util.concurrent.Executors$DelegatedScheduledExecutorService.schedule()
Line 124 net.jxta.impl.util.threads.ProxiedScheduledExecutorService.schedule()
Line 930 net.jxta.impl.rendezvous.rpv.PeerView.addTask()
Line 1417 net.jxta.impl.rendezvous.rpv.PeerView.rescheduleKick()
Line 1303 net.jxta.impl.rendezvous.rpv.PeerView.notifyFailure()
Line 380 net.jxta.impl.rendezvous.rpv.PeerViewElement.getCachedMessenger()
Line 292 net.jxta.impl.rendezvous.rpv.PeerViewElement.sendMessage()
Line 1101 net.jxta.impl.rendezvous.rpv.PeerView.send()
Line 740 net.jxta.impl.rendezvous.rpv.PeerView.handlePeerViewMessage()
Line 666 net.jxta.impl.rendezvous.rpv.PeerView.processIncomingMessage()
Line 1024 net.jxta.impl.endpoint.EndpointServiceImpl.processIncomingMessage()
Line 132 net.jxta.impl.endpoint.netty.AsynchronousNettyMessenger$2.run()
Line 17 net.jxta.impl.util.threads.RunnableAsCallableWrapper.call()
Line 50 net.jxta.impl.util.threads.RunMetricsWrapper.call()
Line 34 net.jxta.impl.util.threads.QueueTimeRunMetricsWrapper.call()
Line 93 net.jxta.impl.util.threads.RunMetricsWrapper.run()
Line 9 net.jxta.impl.util.threads.QueueTimeRunMetricsWrapper.run()
Line 1149 java.util.concurrent.ThreadPoolExecutor.runWorker()
Line 624 java.util.concurrent.ThreadPoolExecutor$Worker.run()
Line 748 java.lang.Thread.run()

Nov 09, 2017 5:26:41 PM net.jxta.logging.Logging logCheckedSevere
SEVERE: Line 1421 net.jxta.impl.rendezvous.rpv.PeerView.rescheduleKick()
Cannot set timer. RPV will not work.
java.util.concurrent.RejectedExecutionException: Task java.util.concurrent.ScheduledThreadPoolExecutor$ScheduledFutureTask@5181c34d rejected from java.util.concurrent.ScheduledThreadPoolExecutor@7a24c164[Terminated, pool size = 0, active threads = 0, queued tasks = 0, completed tasks = 52]
Line 2063 java.util.concurrent.ThreadPoolExecutor$AbortPolicy.rejectedExecution()
Line 830 java.util.concurrent.ThreadPoolExecutor.reject()
Line 326 java.util.concurrent.ScheduledThreadPoolExecutor.delayedExecute()
Line 533 java.util.concurrent.ScheduledThreadPoolExecutor.schedule()
Line 729 java.util.concurrent.Executors$DelegatedScheduledExecutorService.schedule()
Line 124 net.jxta.impl.util.threads.ProxiedScheduledExecutorService.schedule()
Line 930 net.jxta.impl.rendezvous.rpv.PeerView.addTask()
Line 1417 net.jxta.impl.rendezvous.rpv.PeerView.rescheduleKick()
Line 1303 net.jxta.impl.rendezvous.rpv.PeerView.notifyFailure()
Line 380 net.jxta.impl.rendezvous.rpv.PeerViewElement.getCachedMessenger()
Line 292 net.jxta.impl.rendezvous.rpv.PeerViewElement.sendMessage()
Line 1101 net.jxta.impl.rendezvous.rpv.PeerView.send()
Line 740 net.jxta.impl.rendezvous.rpv.PeerView.handlePeerViewMessage()
Line 666 net.jxta.impl.rendezvous.rpv.PeerView.processIncomingMessage()
Line 1024 net.jxta.impl.endpoint.EndpointServiceImpl.processIncomingMessage()
Line 767 net.jxta.impl.endpoint.mcast.McastTransport.processMulticast()
Line 890 net.jxta.impl.endpoint.mcast.McastTransport$DatagramProcessor.run()
Line 17 net.jxta.impl.util.threads.RunnableAsCallableWrapper.call()
Line 50 net.jxta.impl.util.threads.RunMetricsWrapper.call()
Line 34 net.jxta.impl.util.threads.QueueTimeRunMetricsWrapper.call()
Line 93 net.jxta.impl.util.threads.RunMetricsWrapper.run()
Line 9 net.jxta.impl.util.threads.QueueTimeRunMetricsWrapper.run()
Line 1149 java.util.concurrent.ThreadPoolExecutor.runWorker()
Line 624 java.util.concurrent.ThreadPoolExecutor$Worker.run()
Line 748 java.lang.Thread.run()

Nov 09, 2017 5:26:41 PM net.jxta.logging.Logging logCheckedSevere
SEVERE: Line 1421 net.jxta.impl.rendezvous.rpv.PeerView.rescheduleKick()
Cannot set timer. RPV will not work.
java.util.concurrent.RejectedExecutionException: Task java.util.concurrent.ScheduledThreadPoolExecutor$ScheduledFutureTask@2d542525 rejected from java.util.concurrent.ScheduledThreadPoolExecutor@7a24c164[Terminated, pool size = 0, active threads = 0, queued tasks = 0, completed tasks = 52]
Line 2063 java.util.concurrent.ThreadPoolExecutor$AbortPolicy.rejectedExecution()
Line 830 java.util.concurrent.ThreadPoolExecutor.reject()
Line 326 java.util.concurrent.ScheduledThreadPoolExecutor.delayedExecute()
Line 533 java.util.concurrent.ScheduledThreadPoolExecutor.schedule()
Line 729 java.util.concurrent.Executors$DelegatedScheduledExecutorService.schedule()
Line 124 net.jxta.impl.util.threads.ProxiedScheduledExecutorService.schedule()
Line 930 net.jxta.impl.rendezvous.rpv.PeerView.addTask()
Line 1417 net.jxta.impl.rendezvous.rpv.PeerView.rescheduleKick()
Line 1303 net.jxta.impl.rendezvous.rpv.PeerView.notifyFailure()
Line 380 net.jxta.impl.rendezvous.rpv.PeerViewElement.getCachedMessenger()
Line 292 net.jxta.impl.rendezvous.rpv.PeerViewElement.sendMessage()
Line 1101 net.jxta.impl.rendezvous.rpv.PeerView.send()
Line 740 net.jxta.impl.rendezvous.rpv.PeerView.handlePeerViewMessage()
Line 666 net.jxta.impl.rendezvous.rpv.PeerView.processIncomingMessage()
Line 1024 net.jxta.impl.endpoint.EndpointServiceImpl.processIncomingMessage()
Line 132 net.jxta.impl.endpoint.netty.AsynchronousNettyMessenger$2.run()
Line 17 net.jxta.impl.util.threads.RunnableAsCallableWrapper.call()
Line 50 net.jxta.impl.util.threads.RunMetricsWrapper.call()
Line 34 net.jxta.impl.util.threads.QueueTimeRunMetricsWrapper.call()
Line 93 net.jxta.impl.util.threads.RunMetricsWrapper.run()
Line 9 net.jxta.impl.util.threads.QueueTimeRunMetricsWrapper.run()
Line 1149 java.util.concurrent.ThreadPoolExecutor.runWorker()
Line 624 java.util.concurrent.ThreadPoolExecutor$Worker.run()
Line 748 java.lang.Thread.run()

Nov 09, 2017 5:26:41 PM net.jxta.logging.Logging logCheckedSevere
SEVERE: Line 1421 net.jxta.impl.rendezvous.rpv.PeerView.rescheduleKick()
Cannot set timer. RPV will not work.
java.util.concurrent.RejectedExecutionException: Task java.util.concurrent.ScheduledThreadPoolExecutor$ScheduledFutureTask@49de5fd6 rejected from java.util.concurrent.ScheduledThreadPoolExecutor@7a24c164[Terminated, pool size = 0, active threads = 0, queued tasks = 0, completed tasks = 52]
Line 2063 java.util.concurrent.ThreadPoolExecutor$AbortPolicy.rejectedExecution()
Line 830 java.util.concurrent.ThreadPoolExecutor.reject()
Line 326 java.util.concurrent.ScheduledThreadPoolExecutor.delayedExecute()
Line 533 java.util.concurrent.ScheduledThreadPoolExecutor.schedule()
Line 729 java.util.concurrent.Executors$DelegatedScheduledExecutorService.schedule()
Line 124 net.jxta.impl.util.threads.ProxiedScheduledExecutorService.schedule()
Line 930 net.jxta.impl.rendezvous.rpv.PeerView.addTask()
Line 1417 net.jxta.impl.rendezvous.rpv.PeerView.rescheduleKick()
Line 1303 net.jxta.impl.rendezvous.rpv.PeerView.notifyFailure()
Line 380 net.jxta.impl.rendezvous.rpv.PeerViewElement.getCachedMessenger()
Line 292 net.jxta.impl.rendezvous.rpv.PeerViewElement.sendMessage()
Line 1101 net.jxta.impl.rendezvous.rpv.PeerView.send()
Line 740 net.jxta.impl.rendezvous.rpv.PeerView.handlePeerViewMessage()
Line 666 net.jxta.impl.rendezvous.rpv.PeerView.processIncomingMessage()
Line 1024 net.jxta.impl.endpoint.EndpointServiceImpl.processIncomingMessage()
Line 767 net.jxta.impl.endpoint.mcast.McastTransport.processMulticast()
Line 890 net.jxta.impl.endpoint.mcast.McastTransport$DatagramProcessor.run()
Line 17 net.jxta.impl.util.threads.RunnableAsCallableWrapper.call()
Line 50 net.jxta.impl.util.threads.RunMetricsWrapper.call()
Line 34 net.jxta.impl.util.threads.QueueTimeRunMetricsWrapper.call()
Line 93 net.jxta.impl.util.threads.RunMetricsWrapper.run()
Line 9 net.jxta.impl.util.threads.QueueTimeRunMetricsWrapper.run()
Line 1149 java.util.concurrent.ThreadPoolExecutor.runWorker()
Line 624 java.util.concurrent.ThreadPoolExecutor$Worker.run()
Line 748 java.lang.Thread.run()

Nov 09, 2017 5:26:41 PM net.jxta.logging.Logging logCheckedSevere
SEVERE: Line 1421 net.jxta.impl.rendezvous.rpv.PeerView.rescheduleKick()
Cannot set timer. RPV will not work.
java.util.concurrent.RejectedExecutionException: Task java.util.concurrent.ScheduledThreadPoolExecutor$ScheduledFutureTask@35eac770 rejected from java.util.concurrent.ScheduledThreadPoolExecutor@7a24c164[Terminated, pool size = 0, active threads = 0, queued tasks = 0, completed tasks = 52]
Line 2063 java.util.concurrent.ThreadPoolExecutor$AbortPolicy.rejectedExecution()
Line 830 java.util.concurrent.ThreadPoolExecutor.reject()
Line 326 java.util.concurrent.ScheduledThreadPoolExecutor.delayedExecute()
Line 533 java.util.concurrent.ScheduledThreadPoolExecutor.schedule()
Line 729 java.util.concurrent.Executors$DelegatedScheduledExecutorService.schedule()
Line 124 net.jxta.impl.util.threads.ProxiedScheduledExecutorService.schedule()
Line 930 net.jxta.impl.rendezvous.rpv.PeerView.addTask()
Line 1417 net.jxta.impl.rendezvous.rpv.PeerView.rescheduleKick()
Line 1303 net.jxta.impl.rendezvous.rpv.PeerView.notifyFailure()
Line 380 net.jxta.impl.rendezvous.rpv.PeerViewElement.getCachedMessenger()
Line 292 net.jxta.impl.rendezvous.rpv.PeerViewElement.sendMessage()
Line 1101 net.jxta.impl.rendezvous.rpv.PeerView.send()
Line 740 net.jxta.impl.rendezvous.rpv.PeerView.handlePeerViewMessage()
Line 666 net.jxta.impl.rendezvous.rpv.PeerView.processIncomingMessage()
Line 1024 net.jxta.impl.endpoint.EndpointServiceImpl.processIncomingMessage()
Line 132 net.jxta.impl.endpoint.netty.AsynchronousNettyMessenger$2.run()
Line 17 net.jxta.impl.util.threads.RunnableAsCallableWrapper.call()
Line 50 net.jxta.impl.util.threads.RunMetricsWrapper.call()
Line 34 net.jxta.impl.util.threads.QueueTimeRunMetricsWrapper.call()
Line 93 net.jxta.impl.util.threads.RunMetricsWrapper.run()
Line 9 net.jxta.impl.util.threads.QueueTimeRunMetricsWrapper.run()
Line 1149 java.util.concurrent.ThreadPoolExecutor.runWorker()
Line 624 java.util.concurrent.ThreadPoolExecutor$Worker.run()
Line 748 java.lang.Thread.run()

Nov 09, 2017 5:26:41 PM net.jxta.logging.Logging logCheckedSevere
SEVERE: Line 1421 net.jxta.impl.rendezvous.rpv.PeerView.rescheduleKick()
Cannot set timer. RPV will not work.
java.util.concurrent.RejectedExecutionException: Task java.util.concurrent.ScheduledThreadPoolExecutor$ScheduledFutureTask@3458644a rejected from java.util.concurrent.ScheduledThreadPoolExecutor@7a24c164[Terminated, pool size = 0, active threads = 0, queued tasks = 0, completed tasks = 52]
Line 2063 java.util.concurrent.ThreadPoolExecutor$AbortPolicy.rejectedExecution()
Line 830 java.util.concurrent.ThreadPoolExecutor.reject()
Line 326 java.util.concurrent.ScheduledThreadPoolExecutor.delayedExecute()
Line 533 java.util.concurrent.ScheduledThreadPoolExecutor.schedule()
Line 729 java.util.concurrent.Executors$DelegatedScheduledExecutorService.schedule()
Line 124 net.jxta.impl.util.threads.ProxiedScheduledExecutorService.schedule()
Line 930 net.jxta.impl.rendezvous.rpv.PeerView.addTask()
Line 1417 net.jxta.impl.rendezvous.rpv.PeerView.rescheduleKick()
Line 1303 net.jxta.impl.rendezvous.rpv.PeerView.notifyFailure()
Line 380 net.jxta.impl.rendezvous.rpv.PeerViewElement.getCachedMessenger()
Line 292 net.jxta.impl.rendezvous.rpv.PeerViewElement.sendMessage()
Line 1101 net.jxta.impl.rendezvous.rpv.PeerView.send()
Line 740 net.jxta.impl.rendezvous.rpv.PeerView.handlePeerViewMessage()
Line 666 net.jxta.impl.rendezvous.rpv.PeerView.processIncomingMessage()
Line 1024 net.jxta.impl.endpoint.EndpointServiceImpl.processIncomingMessage()
Line 767 net.jxta.impl.endpoint.mcast.McastTransport.processMulticast()
Line 890 net.jxta.impl.endpoint.mcast.McastTransport$DatagramProcessor.run()
Line 17 net.jxta.impl.util.threads.RunnableAsCallableWrapper.call()
Line 50 net.jxta.impl.util.threads.RunMetricsWrapper.call()
Line 34 net.jxta.impl.util.threads.QueueTimeRunMetricsWrapper.call()
Line 93 net.jxta.impl.util.threads.RunMetricsWrapper.run()
Line 9 net.jxta.impl.util.threads.QueueTimeRunMetricsWrapper.run()
Line 1149 java.util.concurrent.ThreadPoolExecutor.runWorker()
Line 624 java.util.concurrent.ThreadPoolExecutor$Worker.run()
Line 748 java.lang.Thread.run()

Nov 09, 2017 5:26:41 PM net.jxta.logging.Logging logCheckedSevere
SEVERE: Line 1421 net.jxta.impl.rendezvous.rpv.PeerView.rescheduleKick()
Cannot set timer. RPV will not work.
java.util.concurrent.RejectedExecutionException: Task java.util.concurrent.ScheduledThreadPoolExecutor$ScheduledFutureTask@460abe73 rejected from java.util.concurrent.ScheduledThreadPoolExecutor@7a24c164[Terminated, pool size = 0, active threads = 0, queued tasks = 0, completed tasks = 52]
Line 2063 java.util.concurrent.ThreadPoolExecutor$AbortPolicy.rejectedExecution()
Line 830 java.util.concurrent.ThreadPoolExecutor.reject()
Line 326 java.util.concurrent.ScheduledThreadPoolExecutor.delayedExecute()
Line 533 java.util.concurrent.ScheduledThreadPoolExecutor.schedule()
Line 729 java.util.concurrent.Executors$DelegatedScheduledExecutorService.schedule()
Line 124 net.jxta.impl.util.threads.ProxiedScheduledExecutorService.schedule()
Line 930 net.jxta.impl.rendezvous.rpv.PeerView.addTask()
Line 1417 net.jxta.impl.rendezvous.rpv.PeerView.rescheduleKick()
Line 1303 net.jxta.impl.rendezvous.rpv.PeerView.notifyFailure()
Line 380 net.jxta.impl.rendezvous.rpv.PeerViewElement.getCachedMessenger()
Line 292 net.jxta.impl.rendezvous.rpv.PeerViewElement.sendMessage()
Line 1101 net.jxta.impl.rendezvous.rpv.PeerView.send()
Line 740 net.jxta.impl.rendezvous.rpv.PeerView.handlePeerViewMessage()
Line 666 net.jxta.impl.rendezvous.rpv.PeerView.processIncomingMessage()
Line 1024 net.jxta.impl.endpoint.EndpointServiceImpl.processIncomingMessage()
Line 132 net.jxta.impl.endpoint.netty.AsynchronousNettyMessenger$2.run()
Line 17 net.jxta.impl.util.threads.RunnableAsCallableWrapper.call()
Line 50 net.jxta.impl.util.threads.RunMetricsWrapper.call()
Line 34 net.jxta.impl.util.threads.QueueTimeRunMetricsWrapper.call()
Line 93 net.jxta.impl.util.threads.RunMetricsWrapper.run()
Line 9 net.jxta.impl.util.threads.QueueTimeRunMetricsWrapper.run()
Line 1149 java.util.concurrent.ThreadPoolExecutor.runWorker()
Line 624 java.util.concurrent.ThreadPoolExecutor$Worker.run()
Line 748 java.lang.Thread.run()

Nov 09, 2017 5:26:41 PM net.jxta.logging.Logging logCheckedSevere
SEVERE: Line 1421 net.jxta.impl.rendezvous.rpv.PeerView.rescheduleKick()
Cannot set timer. RPV will not work.
java.util.concurrent.RejectedExecutionException: Task java.util.concurrent.ScheduledThreadPoolExecutor$ScheduledFutureTask@1fb8dd7 rejected from java.util.concurrent.ScheduledThreadPoolExecutor@7a24c164[Terminated, pool size = 0, active threads = 0, queued tasks = 0, completed tasks = 52]
Line 2063 java.util.concurrent.ThreadPoolExecutor$AbortPolicy.rejectedExecution()
Line 830 java.util.concurrent.ThreadPoolExecutor.reject()
Line 326 java.util.concurrent.ScheduledThreadPoolExecutor.delayedExecute()
Line 533 java.util.concurrent.ScheduledThreadPoolExecutor.schedule()
Line 729 java.util.concurrent.Executors$DelegatedScheduledExecutorService.schedule()
Line 124 net.jxta.impl.util.threads.ProxiedScheduledExecutorService.schedule()
Line 930 net.jxta.impl.rendezvous.rpv.PeerView.addTask()
Line 1417 net.jxta.impl.rendezvous.rpv.PeerView.rescheduleKick()
Line 1303 net.jxta.impl.rendezvous.rpv.PeerView.notifyFailure()
Line 380 net.jxta.impl.rendezvous.rpv.PeerViewElement.getCachedMessenger()
Line 292 net.jxta.impl.rendezvous.rpv.PeerViewElement.sendMessage()
Line 1101 net.jxta.impl.rendezvous.rpv.PeerView.send()
Line 740 net.jxta.impl.rendezvous.rpv.PeerView.handlePeerViewMessage()
Line 666 net.jxta.impl.rendezvous.rpv.PeerView.processIncomingMessage()
Line 1024 net.jxta.impl.endpoint.EndpointServiceImpl.processIncomingMessage()
Line 767 net.jxta.impl.endpoint.mcast.McastTransport.processMulticast()
Line 890 net.jxta.impl.endpoint.mcast.McastTransport$DatagramProcessor.run()
Line 17 net.jxta.impl.util.threads.RunnableAsCallableWrapper.call()
Line 50 net.jxta.impl.util.threads.RunMetricsWrapper.call()
Line 34 net.jxta.impl.util.threads.QueueTimeRunMetricsWrapper.call()
Line 93 net.jxta.impl.util.threads.RunMetricsWrapper.run()
Line 9 net.jxta.impl.util.threads.QueueTimeRunMetricsWrapper.run()
Line 1149 java.util.concurrent.ThreadPoolExecutor.runWorker()
Line 624 java.util.concurrent.ThreadPoolExecutor$Worker.run()
Line 748 java.lang.Thread.run()

Nov 09, 2017 5:26:42 PM net.jxta.logging.Logging logCheckedSevere
SEVERE: Line 1421 net.jxta.impl.rendezvous.rpv.PeerView.rescheduleKick()
Cannot set timer. RPV will not work.
java.util.concurrent.RejectedExecutionException: Task java.util.concurrent.ScheduledThreadPoolExecutor$ScheduledFutureTask@4717d1f9 rejected from java.util.concurrent.ScheduledThreadPoolExecutor@7a24c164[Terminated, pool size = 0, active threads = 0, queued tasks = 0, completed tasks = 52]
Line 2063 java.util.concurrent.ThreadPoolExecutor$AbortPolicy.rejectedExecution()
Line 830 java.util.concurrent.ThreadPoolExecutor.reject()
Line 326 java.util.concurrent.ScheduledThreadPoolExecutor.delayedExecute()
Line 533 java.util.concurrent.ScheduledThreadPoolExecutor.schedule()
Line 729 java.util.concurrent.Executors$DelegatedScheduledExecutorService.schedule()
Line 124 net.jxta.impl.util.threads.ProxiedScheduledExecutorService.schedule()
Line 930 net.jxta.impl.rendezvous.rpv.PeerView.addTask()
Line 1417 net.jxta.impl.rendezvous.rpv.PeerView.rescheduleKick()
Line 1303 net.jxta.impl.rendezvous.rpv.PeerView.notifyFailure()
Line 380 net.jxta.impl.rendezvous.rpv.PeerViewElement.getCachedMessenger()
Line 292 net.jxta.impl.rendezvous.rpv.PeerViewElement.sendMessage()
Line 1101 net.jxta.impl.rendezvous.rpv.PeerView.send()
Line 740 net.jxta.impl.rendezvous.rpv.PeerView.handlePeerViewMessage()
Line 666 net.jxta.impl.rendezvous.rpv.PeerView.processIncomingMessage()
Line 1024 net.jxta.impl.endpoint.EndpointServiceImpl.processIncomingMessage()
Line 132 net.jxta.impl.endpoint.netty.AsynchronousNettyMessenger$2.run()
Line 17 net.jxta.impl.util.threads.RunnableAsCallableWrapper.call()
Line 50 net.jxta.impl.util.threads.RunMetricsWrapper.call()
Line 34 net.jxta.impl.util.threads.QueueTimeRunMetricsWrapper.call()
Line 93 net.jxta.impl.util.threads.RunMetricsWrapper.run()
Line 9 net.jxta.impl.util.threads.QueueTimeRunMetricsWrapper.run()
Line 1149 java.util.concurrent.ThreadPoolExecutor.runWorker()
Line 624 java.util.concurrent.ThreadPoolExecutor$Worker.run()
Line 748 java.lang.Thread.run()

]]></system-err>
</testsuite>
