<?xml version="1.0" encoding="UTF-8"?>
<testsuite name="protocol.impl.SigmaEstablisherTest" tests="5" skipped="0" failures="2" errors="0" timestamp="2017-11-09T16:25:52" hostname="raphael-laptop" time="31.806">
  <properties/>
  <testcase name="TestA" classname="protocol.impl.SigmaEstablisherTest" time="2.409">
    <failure message="org.bouncycastle.crypto.DataLengthException: input too large for ElGamal cipher with 125 characters instead of  6 total.&#10;" type="org.bouncycastle.crypto.DataLengthException">org.bouncycastle.crypto.DataLengthException: input too large for ElGamal cipher with 125 characters instead of  6 total.

	at crypt.ElGamalEngineK.processBlock(ElGamalEngineK.java:149)
	at protocol.impl.sigma.ElGamal.encryptForContract(ElGamal.java:133)
	at protocol.impl.sigma.Sender.Encryption(Sender.java:217)
	at protocol.impl.sigma.PCS.getPcs(PCS.java:56)
	at protocol.impl.sigma.steps.ProtocolSign.sendMessage(ProtocolSign.java:137)
	at protocol.impl.SigmaEstablisher.sign(SigmaEstablisher.java:125)
	at protocol.impl.SigmaEstablisher.setListenerOnTrent(SigmaEstablisher.java:116)
	at protocol.impl.sigma.steps.ProtocolChooseTrent.nextStep(ProtocolChooseTrent.java:295)
	at protocol.impl.sigma.steps.ProtocolChooseTrent.access$1200(ProtocolChooseTrent.java:41)
	at protocol.impl.sigma.steps.ProtocolChooseTrent$3.notify(ProtocolChooseTrent.java:270)
	at network.impl.jxta.JxtaEstablisherService.sendContract(JxtaEstablisherService.java:108)
	at network.impl.jxta.JxtaEstablisherService.sendContract(JxtaEstablisherService.java:69)
	at protocol.impl.sigma.steps.ProtocolChooseTrent$3.notify(ProtocolChooseTrent.java:245)
	at network.impl.jxta.JxtaEstablisherService.sendContract(JxtaEstablisherService.java:108)
	at network.impl.jxta.JxtaEstablisherService.sendContract(JxtaEstablisherService.java:69)
	at protocol.impl.sigma.steps.ProtocolChooseTrent$3.notify(ProtocolChooseTrent.java:220)
	at network.impl.jxta.JxtaEstablisherService.sendContract(JxtaEstablisherService.java:108)
	at network.impl.jxta.JxtaEstablisherService.sendContract(JxtaEstablisherService.java:69)
	at protocol.impl.sigma.steps.ProtocolChooseTrent.sendMessage(ProtocolChooseTrent.java:171)
	at protocol.impl.SigmaEstablisher.start(SigmaEstablisher.java:98)
	at protocol.impl.SigmaEstablisherTest.TestA(SigmaEstablisherTest.java:188)
	at sun.reflect.NativeMethodAccessorImpl.invoke0(Native Method)
	at sun.reflect.NativeMethodAccessorImpl.invoke(NativeMethodAccessorImpl.java:62)
	at sun.reflect.DelegatingMethodAccessorImpl.invoke(DelegatingMethodAccessorImpl.java:43)
	at java.lang.reflect.Method.invoke(Method.java:498)
	at org.junit.runners.model.FrameworkMethod$1.runReflectiveCall(FrameworkMethod.java:50)
	at org.junit.internal.runners.model.ReflectiveCallable.run(ReflectiveCallable.java:12)
	at org.junit.runners.model.FrameworkMethod.invokeExplosively(FrameworkMethod.java:47)
	at org.junit.internal.runners.statements.InvokeMethod.evaluate(InvokeMethod.java:17)
	at org.junit.internal.runners.statements.RunBefores.evaluate(RunBefores.java:26)
	at org.junit.runners.ParentRunner.runLeaf(ParentRunner.java:325)
	at org.junit.runners.BlockJUnit4ClassRunner.runChild(BlockJUnit4ClassRunner.java:78)
	at org.junit.runners.BlockJUnit4ClassRunner.runChild(BlockJUnit4ClassRunner.java:57)
	at org.junit.runners.ParentRunner$3.run(ParentRunner.java:290)
	at org.junit.runners.ParentRunner$1.schedule(ParentRunner.java:71)
	at org.junit.runners.ParentRunner.runChildren(ParentRunner.java:288)
	at org.junit.runners.ParentRunner.access$000(ParentRunner.java:58)
	at org.junit.runners.ParentRunner$2.evaluate(ParentRunner.java:268)
	at org.junit.internal.runners.statements.RunBefores.evaluate(RunBefores.java:26)
	at org.junit.internal.runners.statements.RunAfters.evaluate(RunAfters.java:27)
	at org.junit.runners.ParentRunner.run(ParentRunner.java:363)
	at org.gradle.api.internal.tasks.testing.junit.JUnitTestClassExecuter.runTestClass(JUnitTestClassExecuter.java:114)
	at org.gradle.api.internal.tasks.testing.junit.JUnitTestClassExecuter.execute(JUnitTestClassExecuter.java:57)
	at org.gradle.api.internal.tasks.testing.junit.JUnitTestClassProcessor.processTestClass(JUnitTestClassProcessor.java:66)
	at org.gradle.api.internal.tasks.testing.SuiteTestClassProcessor.processTestClass(SuiteTestClassProcessor.java:51)
	at sun.reflect.GeneratedMethodAccessor11.invoke(Unknown Source)
	at sun.reflect.DelegatingMethodAccessorImpl.invoke(DelegatingMethodAccessorImpl.java:43)
	at java.lang.reflect.Method.invoke(Method.java:498)
	at org.gradle.internal.dispatch.ReflectionDispatch.dispatch(ReflectionDispatch.java:35)
	at org.gradle.internal.dispatch.ReflectionDispatch.dispatch(ReflectionDispatch.java:24)
	at org.gradle.internal.dispatch.ContextClassLoaderDispatch.dispatch(ContextClassLoaderDispatch.java:32)
	at org.gradle.internal.dispatch.ProxyDispatchAdapter$DispatchingInvocationHandler.invoke(ProxyDispatchAdapter.java:93)
	at com.sun.proxy.$Proxy2.processTestClass(Unknown Source)
	at org.gradle.api.internal.tasks.testing.worker.TestWorker.processTestClass(TestWorker.java:109)
	at sun.reflect.GeneratedMethodAccessor10.invoke(Unknown Source)
	at sun.reflect.DelegatingMethodAccessorImpl.invoke(DelegatingMethodAccessorImpl.java:43)
	at java.lang.reflect.Method.invoke(Method.java:498)
	at org.gradle.internal.dispatch.ReflectionDispatch.dispatch(ReflectionDispatch.java:35)
	at org.gradle.internal.dispatch.ReflectionDispatch.dispatch(ReflectionDispatch.java:24)
	at org.gradle.internal.remote.internal.hub.MessageHub$Handler.run(MessageHub.java:377)
	at org.gradle.internal.concurrent.ExecutorPolicy$CatchAndRecordFailures.onExecute(ExecutorPolicy.java:54)
	at org.gradle.internal.concurrent.StoppableExecutorImpl$1.run(StoppableExecutorImpl.java:40)
	at java.util.concurrent.ThreadPoolExecutor.runWorker(ThreadPoolExecutor.java:1149)
	at java.util.concurrent.ThreadPoolExecutor$Worker.run(ThreadPoolExecutor.java:624)
	at java.lang.Thread.run(Thread.java:748)
</failure>
  </testcase>
  <testcase name="TestB" classname="protocol.impl.SigmaEstablisherTest" time="1.256">
    <failure message="org.bouncycastle.crypto.DataLengthException: input too large for ElGamal cipher with 125 characters instead of  6 total.&#10;" type="org.bouncycastle.crypto.DataLengthException">org.bouncycastle.crypto.DataLengthException: input too large for ElGamal cipher with 125 characters instead of  6 total.

	at crypt.ElGamalEngineK.processBlock(ElGamalEngineK.java:149)
	at protocol.impl.sigma.ElGamal.encryptForContract(ElGamal.java:133)
	at protocol.impl.sigma.Sender.Encryption(Sender.java:217)
	at protocol.impl.sigma.PCS.getPcs(PCS.java:56)
	at protocol.impl.sigma.steps.ProtocolSign.sendMessage(ProtocolSign.java:137)
	at protocol.impl.SigmaEstablisherFailer.sign(SigmaEstablisherFailer.java:44)
	at protocol.impl.SigmaEstablisherFailer.setListenerOnTrent(SigmaEstablisherFailer.java:57)
	at protocol.impl.sigma.steps.ProtocolChooseTrent.nextStep(ProtocolChooseTrent.java:295)
	at protocol.impl.sigma.steps.ProtocolChooseTrent.access$1200(ProtocolChooseTrent.java:41)
	at protocol.impl.sigma.steps.ProtocolChooseTrent$3.notify(ProtocolChooseTrent.java:270)
	at network.impl.jxta.JxtaEstablisherService.sendContract(JxtaEstablisherService.java:108)
	at network.impl.jxta.JxtaEstablisherService.sendContract(JxtaEstablisherService.java:69)
	at protocol.impl.sigma.steps.ProtocolChooseTrent$3.notify(ProtocolChooseTrent.java:245)
	at network.impl.jxta.JxtaEstablisherService.sendContract(JxtaEstablisherService.java:108)
	at network.impl.jxta.JxtaEstablisherService.sendContract(JxtaEstablisherService.java:69)
	at protocol.impl.sigma.steps.ProtocolChooseTrent$3.notify(ProtocolChooseTrent.java:220)
	at network.impl.jxta.JxtaEstablisherService.sendContract(JxtaEstablisherService.java:108)
	at network.impl.jxta.JxtaEstablisherService.sendContract(JxtaEstablisherService.java:69)
	at protocol.impl.sigma.steps.ProtocolChooseTrent.sendMessage(ProtocolChooseTrent.java:171)
	at protocol.impl.SigmaEstablisher.start(SigmaEstablisher.java:98)
	at protocol.impl.SigmaEstablisherTest.resolveInitiator(SigmaEstablisherTest.java:220)
	at protocol.impl.SigmaEstablisherTest.TestB(SigmaEstablisherTest.java:240)
	at sun.reflect.NativeMethodAccessorImpl.invoke0(Native Method)
	at sun.reflect.NativeMethodAccessorImpl.invoke(NativeMethodAccessorImpl.java:62)
	at sun.reflect.DelegatingMethodAccessorImpl.invoke(DelegatingMethodAccessorImpl.java:43)
	at java.lang.reflect.Method.invoke(Method.java:498)
	at org.junit.runners.model.FrameworkMethod$1.runReflectiveCall(FrameworkMethod.java:50)
	at org.junit.internal.runners.model.ReflectiveCallable.run(ReflectiveCallable.java:12)
	at org.junit.runners.model.FrameworkMethod.invokeExplosively(FrameworkMethod.java:47)
	at org.junit.internal.runners.statements.InvokeMethod.evaluate(InvokeMethod.java:17)
	at org.junit.internal.runners.statements.RunBefores.evaluate(RunBefores.java:26)
	at org.junit.runners.ParentRunner.runLeaf(ParentRunner.java:325)
	at org.junit.runners.BlockJUnit4ClassRunner.runChild(BlockJUnit4ClassRunner.java:78)
	at org.junit.runners.BlockJUnit4ClassRunner.runChild(BlockJUnit4ClassRunner.java:57)
	at org.junit.runners.ParentRunner$3.run(ParentRunner.java:290)
	at org.junit.runners.ParentRunner$1.schedule(ParentRunner.java:71)
	at org.junit.runners.ParentRunner.runChildren(ParentRunner.java:288)
	at org.junit.runners.ParentRunner.access$000(ParentRunner.java:58)
	at org.junit.runners.ParentRunner$2.evaluate(ParentRunner.java:268)
	at org.junit.internal.runners.statements.RunBefores.evaluate(RunBefores.java:26)
	at org.junit.internal.runners.statements.RunAfters.evaluate(RunAfters.java:27)
	at org.junit.runners.ParentRunner.run(ParentRunner.java:363)
	at org.gradle.api.internal.tasks.testing.junit.JUnitTestClassExecuter.runTestClass(JUnitTestClassExecuter.java:114)
	at org.gradle.api.internal.tasks.testing.junit.JUnitTestClassExecuter.execute(JUnitTestClassExecuter.java:57)
	at org.gradle.api.internal.tasks.testing.junit.JUnitTestClassProcessor.processTestClass(JUnitTestClassProcessor.java:66)
	at org.gradle.api.internal.tasks.testing.SuiteTestClassProcessor.processTestClass(SuiteTestClassProcessor.java:51)
	at sun.reflect.GeneratedMethodAccessor11.invoke(Unknown Source)
	at sun.reflect.DelegatingMethodAccessorImpl.invoke(DelegatingMethodAccessorImpl.java:43)
	at java.lang.reflect.Method.invoke(Method.java:498)
	at org.gradle.internal.dispatch.ReflectionDispatch.dispatch(ReflectionDispatch.java:35)
	at org.gradle.internal.dispatch.ReflectionDispatch.dispatch(ReflectionDispatch.java:24)
	at org.gradle.internal.dispatch.ContextClassLoaderDispatch.dispatch(ContextClassLoaderDispatch.java:32)
	at org.gradle.internal.dispatch.ProxyDispatchAdapter$DispatchingInvocationHandler.invoke(ProxyDispatchAdapter.java:93)
	at com.sun.proxy.$Proxy2.processTestClass(Unknown Source)
	at org.gradle.api.internal.tasks.testing.worker.TestWorker.processTestClass(TestWorker.java:109)
	at sun.reflect.GeneratedMethodAccessor10.invoke(Unknown Source)
	at sun.reflect.DelegatingMethodAccessorImpl.invoke(DelegatingMethodAccessorImpl.java:43)
	at java.lang.reflect.Method.invoke(Method.java:498)
	at org.gradle.internal.dispatch.ReflectionDispatch.dispatch(ReflectionDispatch.java:35)
	at org.gradle.internal.dispatch.ReflectionDispatch.dispatch(ReflectionDispatch.java:24)
	at org.gradle.internal.remote.internal.hub.MessageHub$Handler.run(MessageHub.java:377)
	at org.gradle.internal.concurrent.ExecutorPolicy$CatchAndRecordFailures.onExecute(ExecutorPolicy.java:54)
	at org.gradle.internal.concurrent.StoppableExecutorImpl$1.run(StoppableExecutorImpl.java:40)
	at java.util.concurrent.ThreadPoolExecutor.runWorker(ThreadPoolExecutor.java:1149)
	at java.util.concurrent.ThreadPoolExecutor$Worker.run(ThreadPoolExecutor.java:624)
	at java.lang.Thread.run(Thread.java:748)
</failure>
  </testcase>
  <testcase name="TestC" classname="protocol.impl.SigmaEstablisherTest" time="11.985"/>
  <testcase name="TestD" classname="protocol.impl.SigmaEstablisherTest" time="7.271"/>
  <testcase name="TestE" classname="protocol.impl.SigmaEstablisherTest" time="8.883"/>
  <system-out><![CDATA[jxta will run on port 9800
server added :tcp://145.239.76.112:9800
server added :tcp://localhost:9800
Group created !

 START Services 

creating new group ..
creating new group ..
creating new group ..
creating new group ..
creating new group ..
creating new group ..
creating new group ..
Keystore already exist
[EL Info]: connection: 2017-11-09 17:25:53.894--ServerSession(940686287)--/file:/home/raphael/git/ResilientSXP/build/resources/main/_persistence logout successful
[EL Info]: 2017-11-09 17:25:54.211--ServerSession(6456755)--EclipseLink, version: Eclipse Persistence Services - 2.6.3.v20160218-180e602
[EL Info]: connection: 2017-11-09 17:25:54.25--ServerSession(6456755)--/file:/home/raphael/git/ResilientSXP/build/resources/main/_persistence login successful
Sending Round : 1 : by 1
Sending Round : 1 : by 0
Sending Round : 2 : by 0
[EL Info]: connection: 2017-11-09 17:25:59.343--ServerSession(6456755)--/file:/home/raphael/git/ResilientSXP/build/resources/main/_persistence logout successful
Sending Round : 2 : by 1
Sending Round : 3 : by 0
[EL Info]: 2017-11-09 17:26:01.698--ServerSession(1284929613)--EclipseLink, version: Eclipse Persistence Services - 2.6.3.v20160218-180e602
[EL Info]: connection: 2017-11-09 17:26:01.725--ServerSession(1284929613)--/file:/home/raphael/git/ResilientSXP/build/resources/main/_persistence login successful
CONTRACT FINALIZED
CONTRACT FINALIZED
--- Sending resolve request to Trent --- Round : 1
Sending Round : 1 : by 1
Sending Round : 1 : by 0
Sending Round : 2 : by 1
[EL Info]: connection: 2017-11-09 17:26:10.11--ServerSession(1284929613)--/file:/home/raphael/git/ResilientSXP/build/resources/main/_persistence logout successful
--- Sending resolve request to Trent --- Round : 0
[EL Info]: 2017-11-09 17:26:10.584--ServerSession(2036657682)--EclipseLink, version: Eclipse Persistence Services - 2.6.3.v20160218-180e602
[EL Info]: connection: 2017-11-09 17:26:10.603--ServerSession(2036657682)--/file:/home/raphael/git/ResilientSXP/build/resources/main/_persistence login successful
Sending Round : 2 : by 0
Sending Round : 3 : by 1
--- Sending resolve request to Trent --- Round : 1
Sending Round : 3 : by 0
Sending Round : 4 : by 1
Sending Round : 4 : by 0
--- CONTRACT FINALIZED -- id : 1
Sending Round : 1 : by 1
--- Sending resolve request to Trent --- Round : 0
Sending Round : 1 : by 0
--- Sending resolve request to Trent --- Round : 0
[EL Info]: connection: 2017-11-09 17:26:18.086--ServerSession(2036657682)--/file:/home/raphael/git/ResilientSXP/build/resources/main/_persistence logout successful
Sending Round : 2 : by 1
Sending Round : 2 : by 0
Sending Round : 3 : by 1
--- Sending resolve request to Trent --- Round : 1
[EL Info]: 2017-11-09 17:26:19.89--ServerSession(763821447)--EclipseLink, version: Eclipse Persistence Services - 2.6.3.v20160218-180e602
[EL Info]: connection: 2017-11-09 17:26:19.905--ServerSession(763821447)--/file:/home/raphael/git/ResilientSXP/build/resources/main/_persistence login successful
Sending Round : 3 : by 0
Sending Round : 4 : by 1
Sending Round : 4 : by 0
--- CONTRACT FINALIZED -- id : 1
]]></system-out>
  <system-err><![CDATA[2017-11-09 17:25:51.045:INFO::Test worker: Logging initialized @45939ms
2017-11-09 17:25:52.758:INFO:oejs.Server:Thread-7: jetty-9.3.22.v20171030
Nov 09, 2017 5:25:55 PM org.glassfish.jersey.server.ApplicationHandler initialize
INFO: Initiating Jersey application, version Jersey: 2.7 2014-03-12 18:11:31...
Nov 09, 2017 5:25:57 PM org.glassfish.jersey.internal.Errors logErrors
WARNING: The following warnings have been detected: WARNING: The (sub)resource method add in controller.Messages contains empty path annotation.
WARNING: The (sub)resource method get in controller.Messages contains empty path annotation.

Nov 09, 2017 5:25:57 PM org.glassfish.jersey.server.ApplicationHandler initialize
INFO: Initiating Jersey application, version Jersey: 2.7 2014-03-12 18:11:31...
Nov 09, 2017 5:25:58 PM org.glassfish.jersey.server.ApplicationHandler initialize
INFO: Initiating Jersey application, version Jersey: 2.7 2014-03-12 18:11:31...
Nov 09, 2017 5:25:58 PM org.glassfish.jersey.server.ApplicationHandler initialize
INFO: Initiating Jersey application, version Jersey: 2.7 2014-03-12 18:11:31...
Nov 09, 2017 5:25:59 PM org.glassfish.jersey.internal.Errors logErrors
WARNING: The following warnings have been detected: WARNING: The (sub)resource method add in controller.Items contains empty path annotation.
WARNING: The (sub)resource method get in controller.Items contains empty path annotation.

Nov 09, 2017 5:25:59 PM org.glassfish.jersey.server.ApplicationHandler initialize
INFO: Initiating Jersey application, version Jersey: 2.7 2014-03-12 18:11:31...
Nov 09, 2017 5:25:59 PM org.glassfish.jersey.internal.Errors logErrors
WARNING: The following warnings have been detected: WARNING: The (sub)resource method add in controller.Contracts contains empty path annotation.
WARNING: The (sub)resource method get in controller.Contracts contains empty path annotation.

Nov 09, 2017 5:25:59 PM org.glassfish.jersey.server.ApplicationHandler initialize
INFO: Initiating Jersey application, version Jersey: 2.7 2014-03-12 18:11:31...
Nov 09, 2017 5:25:59 PM org.glassfish.jersey.server.ApplicationHandler initialize
INFO: Initiating Jersey application, version Jersey: 2.7 2014-03-12 18:11:31...
Nov 09, 2017 5:26:00 PM org.glassfish.jersey.server.ApplicationHandler initialize
INFO: Initiating Jersey application, version Jersey: 2.7 2014-03-12 18:11:31...
Nov 09, 2017 5:26:00 PM org.glassfish.jersey.internal.Errors logErrors
WARNING: The following warnings have been detected: WARNING: The (sub)resource method add in controller.Users contains empty path annotation.
WARNING: The (sub)resource method get in controller.Users contains empty path annotation.

2017-11-09 17:26:00.513:INFO:oejsh.ContextHandler:Thread-7: Started o.e.j.s.ServletContextHandler@279e8761{/,null,AVAILABLE}
2017-11-09 17:26:00.535:INFO:oejus.SslContextFactory:Thread-7: x509=X509@22571fd1(sxp,h=[],w=[]) for SslContextFactory@19a99731(file:///home/raphael/git/ResilientSXP/keystore.jks,null)
2017-11-09 17:26:00.646:INFO:oejs.AbstractConnector:Thread-7: Started ServerConnector@234da117{SSL,[ssl, http/1.1]}{0.0.0.0:5602}
2017-11-09 17:26:00.647:INFO:oejs.Server:Thread-7: Started @55542ms
]]></system-err>
</testsuite>
