<?xml version="1.0" encoding="UTF-8"?>
<testsuite name="network.impl.advertisement.ItemAdvertisementTest" tests="4" skipped="0" failures="0" errors="0" timestamp="2017-11-15T13:33:25" hostname="raphael-laptop" time="0.05">
  <properties/>
  <testcase name="getterTest" classname="network.impl.advertisement.ItemAdvertisementTest" time="0.01"/>
  <testcase name="classAnnotationsTest" classname="network.impl.advertisement.ItemAdvertisementTest" time="0.002"/>
  <testcase name="publishTest" classname="network.impl.advertisement.ItemAdvertisementTest" time="0.012"/>
  <testcase name="fieldsAnnotationsTest" classname="network.impl.advertisement.ItemAdvertisementTest" time="0.002"/>
  <system-out><![CDATA[Group created !
creating new group ..
]]></system-out>
  <system-err><![CDATA[Nov 15, 2017 2:33:24 PM org.jboss.netty.channel.SimpleChannelUpstreamHandler
WARNING: EXCEPTION, please implement org.jboss.netty.channel.socket.httptunnel.TunnelWrappedServerChannelHandler.exceptionCaught() for proper handling.
java.net.BindException: Address already in use
	at sun.nio.ch.Net.bind0(Native Method)
	at sun.nio.ch.Net.bind(Net.java:433)
	at sun.nio.ch.Net.bind(Net.java:425)
	at sun.nio.ch.ServerSocketChannelImpl.bind(ServerSocketChannelImpl.java:223)
	at sun.nio.ch.ServerSocketAdaptor.bind(ServerSocketAdaptor.java:74)
	at org.jboss.netty.channel.socket.nio.NioServerSocketPipelineSink.bind(NioServerSocketPipelineSink.java:140)
	at org.jboss.netty.channel.socket.nio.NioServerSocketPipelineSink.handleServerSocket(NioServerSocketPipelineSink.java:90)
	at org.jboss.netty.channel.socket.nio.NioServerSocketPipelineSink.eventSunk(NioServerSocketPipelineSink.java:64)
	at org.jboss.netty.channel.Channels.bind(Channels.java:569)
	at org.jboss.netty.channel.AbstractChannel.bind(AbstractChannel.java:189)
	at org.jboss.netty.channel.socket.httptunnel.HttpTunnelServerChannelSink.eventSunk(HttpTunnelServerChannelSink.java:50)
	at org.jboss.netty.channel.Channels.bind(Channels.java:569)
	at org.jboss.netty.channel.AbstractChannel.bind(AbstractChannel.java:189)
	at org.jboss.netty.bootstrap.ServerBootstrap$Binder.channelOpen(ServerBootstrap.java:343)
	at org.jboss.netty.channel.Channels.fireChannelOpen(Channels.java:170)
	at org.jboss.netty.channel.socket.httptunnel.HttpTunnelServerChannel.<init>(HttpTunnelServerChannel.java:57)
	at org.jboss.netty.channel.socket.httptunnel.HttpTunnelServerChannelFactory.newChannel(HttpTunnelServerChannelFactory.java:41)
	at org.jboss.netty.channel.socket.httptunnel.HttpTunnelServerChannelFactory.newChannel(HttpTunnelServerChannelFactory.java:30)
	at org.jboss.netty.bootstrap.ServerBootstrap.bind(ServerBootstrap.java:277)
	at net.jxta.impl.endpoint.netty.NettyTransportServer.bindServerChannel(NettyTransportServer.java:122)
	at net.jxta.impl.endpoint.netty.NettyTransportServer.init(NettyTransportServer.java:83)
	at net.jxta.impl.endpoint.netty.NettyTransport.initServer(NettyTransport.java:113)
	at net.jxta.impl.endpoint.netty.NettyTransport.init(NettyTransport.java:75)
	at net.jxta.impl.peergroup.GenericPeerGroup.loadModule(GenericPeerGroup.java:677)
	at net.jxta.impl.peergroup.GenericPeerGroup.loadModule(GenericPeerGroup.java:801)
	at net.jxta.impl.peergroup.StdPeerGroup.loadAllModules(StdPeerGroup.java:295)
	at net.jxta.impl.peergroup.StdPeerGroup.initFirst(StdPeerGroup.java:842)
	at net.jxta.impl.peergroup.Platform.initFirst(Platform.java:214)
	at net.jxta.impl.peergroup.GenericPeerGroup.init(GenericPeerGroup.java:907)
	at net.jxta.peergroup.WorldPeerGroupFactory.newWorldPeerGroup(WorldPeerGroupFactory.java:312)
	at net.jxta.peergroup.WorldPeerGroupFactory.<init>(WorldPeerGroupFactory.java:182)
	at net.jxta.peergroup.NetPeerGroupFactory.<init>(NetPeerGroupFactory.java:203)
	at net.jxta.platform.NetworkManager.startNetwork(NetworkManager.java:408)
	at network.impl.jxta.JxtaNode.start(JxtaNode.java:65)
	at network.impl.jxta.JxtaPeer.start(JxtaPeer.java:44)
	at network.impl.advertisement.ItemAdvertisementTest.setUpClass(ItemAdvertisementTest.java:44)
	at sun.reflect.NativeMethodAccessorImpl.invoke0(Native Method)
	at sun.reflect.NativeMethodAccessorImpl.invoke(NativeMethodAccessorImpl.java:62)
	at sun.reflect.DelegatingMethodAccessorImpl.invoke(DelegatingMethodAccessorImpl.java:43)
	at java.lang.reflect.Method.invoke(Method.java:498)
	at org.junit.runners.model.FrameworkMethod$1.runReflectiveCall(FrameworkMethod.java:50)
	at org.junit.internal.runners.model.ReflectiveCallable.run(ReflectiveCallable.java:12)
	at org.junit.runners.model.FrameworkMethod.invokeExplosively(FrameworkMethod.java:47)
	at org.junit.internal.runners.statements.RunBefores.evaluate(RunBefores.java:24)
	at org.junit.internal.runners.statements.RunAfters.evaluate(RunAfters.java:27)
	at org.junit.runners.ParentRunner.run(ParentRunner.java:363)
	at org.gradle.api.internal.tasks.testing.junit.JUnitTestClassExecuter.runTestClass(JUnitTestClassExecuter.java:114)
	at org.gradle.api.internal.tasks.testing.junit.JUnitTestClassExecuter.execute(JUnitTestClassExecuter.java:57)
	at org.gradle.api.internal.tasks.testing.junit.JUnitTestClassProcessor.processTestClass(JUnitTestClassProcessor.java:66)
	at org.gradle.api.internal.tasks.testing.SuiteTestClassProcessor.processTestClass(SuiteTestClassProcessor.java:51)
	at sun.reflect.GeneratedMethodAccessor11.invoke(Unknown Source)
	at sun.reflect.DelegatingMethodAccessorImpl.invoke(DelegatingMethodAccessorImpl.java:43)
	at java.lang.reflect.Method.invoke(Method.java:498)
	at org.gradle.internal.dispatch.ReflectionDispatch.dispatch(ReflectionDispatch.java:35)
	at org.gradle.internal.dispatch.ReflectionDispatch.dispatch(ReflectionDispatch.java:24)
	at org.gradle.internal.dispatch.ContextClassLoaderDispatch.dispatch(ContextClassLoaderDispatch.java:32)
	at org.gradle.internal.dispatch.ProxyDispatchAdapter$DispatchingInvocationHandler.invoke(ProxyDispatchAdapter.java:93)
	at com.sun.proxy.$Proxy2.processTestClass(Unknown Source)
	at org.gradle.api.internal.tasks.testing.worker.TestWorker.processTestClass(TestWorker.java:109)
	at sun.reflect.GeneratedMethodAccessor10.invoke(Unknown Source)
	at sun.reflect.DelegatingMethodAccessorImpl.invoke(DelegatingMethodAccessorImpl.java:43)
	at java.lang.reflect.Method.invoke(Method.java:498)
	at org.gradle.internal.dispatch.ReflectionDispatch.dispatch(ReflectionDispatch.java:35)
	at org.gradle.internal.dispatch.ReflectionDispatch.dispatch(ReflectionDispatch.java:24)
	at org.gradle.internal.remote.internal.hub.MessageHub$Handler.run(MessageHub.java:377)
	at org.gradle.internal.concurrent.ExecutorPolicy$CatchAndRecordFailures.onExecute(ExecutorPolicy.java:54)
	at org.gradle.internal.concurrent.StoppableExecutorImpl$1.run(StoppableExecutorImpl.java:40)
	at java.util.concurrent.ThreadPoolExecutor.runWorker(ThreadPoolExecutor.java:1149)
	at java.util.concurrent.ThreadPoolExecutor$Worker.run(ThreadPoolExecutor.java:624)
	at java.lang.Thread.run(Thread.java:748)

Nov 15, 2017 2:33:24 PM org.jboss.netty.channel.SimpleChannelUpstreamHandler
WARNING: EXCEPTION, please implement org.jboss.netty.channel.socket.httptunnel.TunnelWrappedServerChannelHandler.exceptionCaught() for proper handling.
java.net.BindException: Address already in use
	at sun.nio.ch.Net.bind0(Native Method)
	at sun.nio.ch.Net.bind(Net.java:433)
	at sun.nio.ch.Net.bind(Net.java:425)
	at sun.nio.ch.ServerSocketChannelImpl.bind(ServerSocketChannelImpl.java:223)
	at sun.nio.ch.ServerSocketAdaptor.bind(ServerSocketAdaptor.java:74)
	at org.jboss.netty.channel.socket.nio.NioServerSocketPipelineSink.bind(NioServerSocketPipelineSink.java:140)
	at org.jboss.netty.channel.socket.nio.NioServerSocketPipelineSink.handleServerSocket(NioServerSocketPipelineSink.java:90)
	at org.jboss.netty.channel.socket.nio.NioServerSocketPipelineSink.eventSunk(NioServerSocketPipelineSink.java:64)
	at org.jboss.netty.channel.Channels.bind(Channels.java:569)
	at org.jboss.netty.channel.AbstractChannel.bind(AbstractChannel.java:189)
	at org.jboss.netty.channel.socket.httptunnel.HttpTunnelServerChannelSink.eventSunk(HttpTunnelServerChannelSink.java:50)
	at org.jboss.netty.channel.Channels.bind(Channels.java:569)
	at org.jboss.netty.channel.AbstractChannel.bind(AbstractChannel.java:189)
	at org.jboss.netty.bootstrap.ServerBootstrap$Binder.channelOpen(ServerBootstrap.java:343)
	at org.jboss.netty.channel.Channels.fireChannelOpen(Channels.java:170)
	at org.jboss.netty.channel.socket.httptunnel.HttpTunnelServerChannel.<init>(HttpTunnelServerChannel.java:57)
	at org.jboss.netty.channel.socket.httptunnel.HttpTunnelServerChannelFactory.newChannel(HttpTunnelServerChannelFactory.java:41)
	at org.jboss.netty.channel.socket.httptunnel.HttpTunnelServerChannelFactory.newChannel(HttpTunnelServerChannelFactory.java:30)
	at org.jboss.netty.bootstrap.ServerBootstrap.bind(ServerBootstrap.java:277)
	at net.jxta.impl.endpoint.netty.NettyTransportServer.bindServerChannel(NettyTransportServer.java:122)
	at net.jxta.impl.endpoint.netty.NettyTransportServer.init(NettyTransportServer.java:83)
	at net.jxta.impl.endpoint.netty.NettyTransport.initServer(NettyTransport.java:113)
	at net.jxta.impl.endpoint.netty.NettyTransport.init(NettyTransport.java:75)
	at net.jxta.impl.peergroup.GenericPeerGroup.loadModule(GenericPeerGroup.java:677)
	at net.jxta.impl.peergroup.GenericPeerGroup.loadModule(GenericPeerGroup.java:801)
	at net.jxta.impl.peergroup.StdPeerGroup.loadAllModules(StdPeerGroup.java:295)
	at net.jxta.impl.peergroup.StdPeerGroup.initFirst(StdPeerGroup.java:842)
	at net.jxta.impl.peergroup.Platform.initFirst(Platform.java:214)
	at net.jxta.impl.peergroup.GenericPeerGroup.init(GenericPeerGroup.java:907)
	at net.jxta.peergroup.WorldPeerGroupFactory.newWorldPeerGroup(WorldPeerGroupFactory.java:312)
	at net.jxta.peergroup.WorldPeerGroupFactory.<init>(WorldPeerGroupFactory.java:182)
	at net.jxta.peergroup.NetPeerGroupFactory.<init>(NetPeerGroupFactory.java:203)
	at net.jxta.platform.NetworkManager.startNetwork(NetworkManager.java:408)
	at network.impl.jxta.JxtaNode.start(JxtaNode.java:65)
	at network.impl.jxta.JxtaPeer.start(JxtaPeer.java:44)
	at network.impl.advertisement.ItemAdvertisementTest.setUpClass(ItemAdvertisementTest.java:44)
	at sun.reflect.NativeMethodAccessorImpl.invoke0(Native Method)
	at sun.reflect.NativeMethodAccessorImpl.invoke(NativeMethodAccessorImpl.java:62)
	at sun.reflect.DelegatingMethodAccessorImpl.invoke(DelegatingMethodAccessorImpl.java:43)
	at java.lang.reflect.Method.invoke(Method.java:498)
	at org.junit.runners.model.FrameworkMethod$1.runReflectiveCall(FrameworkMethod.java:50)
	at org.junit.internal.runners.model.ReflectiveCallable.run(ReflectiveCallable.java:12)
	at org.junit.runners.model.FrameworkMethod.invokeExplosively(FrameworkMethod.java:47)
	at org.junit.internal.runners.statements.RunBefores.evaluate(RunBefores.java:24)
	at org.junit.internal.runners.statements.RunAfters.evaluate(RunAfters.java:27)
	at org.junit.runners.ParentRunner.run(ParentRunner.java:363)
	at org.gradle.api.internal.tasks.testing.junit.JUnitTestClassExecuter.runTestClass(JUnitTestClassExecuter.java:114)
	at org.gradle.api.internal.tasks.testing.junit.JUnitTestClassExecuter.execute(JUnitTestClassExecuter.java:57)
	at org.gradle.api.internal.tasks.testing.junit.JUnitTestClassProcessor.processTestClass(JUnitTestClassProcessor.java:66)
	at org.gradle.api.internal.tasks.testing.SuiteTestClassProcessor.processTestClass(SuiteTestClassProcessor.java:51)
	at sun.reflect.GeneratedMethodAccessor11.invoke(Unknown Source)
	at sun.reflect.DelegatingMethodAccessorImpl.invoke(DelegatingMethodAccessorImpl.java:43)
	at java.lang.reflect.Method.invoke(Method.java:498)
	at org.gradle.internal.dispatch.ReflectionDispatch.dispatch(ReflectionDispatch.java:35)
	at org.gradle.internal.dispatch.ReflectionDispatch.dispatch(ReflectionDispatch.java:24)
	at org.gradle.internal.dispatch.ContextClassLoaderDispatch.dispatch(ContextClassLoaderDispatch.java:32)
	at org.gradle.internal.dispatch.ProxyDispatchAdapter$DispatchingInvocationHandler.invoke(ProxyDispatchAdapter.java:93)
	at com.sun.proxy.$Proxy2.processTestClass(Unknown Source)
	at org.gradle.api.internal.tasks.testing.worker.TestWorker.processTestClass(TestWorker.java:109)
	at sun.reflect.GeneratedMethodAccessor10.invoke(Unknown Source)
	at sun.reflect.DelegatingMethodAccessorImpl.invoke(DelegatingMethodAccessorImpl.java:43)
	at java.lang.reflect.Method.invoke(Method.java:498)
	at org.gradle.internal.dispatch.ReflectionDispatch.dispatch(ReflectionDispatch.java:35)
	at org.gradle.internal.dispatch.ReflectionDispatch.dispatch(ReflectionDispatch.java:24)
	at org.gradle.internal.remote.internal.hub.MessageHub$Handler.run(MessageHub.java:377)
	at org.gradle.internal.concurrent.ExecutorPolicy$CatchAndRecordFailures.onExecute(ExecutorPolicy.java:54)
	at org.gradle.internal.concurrent.StoppableExecutorImpl$1.run(StoppableExecutorImpl.java:40)
	at java.util.concurrent.ThreadPoolExecutor.runWorker(ThreadPoolExecutor.java:1149)
	at java.util.concurrent.ThreadPoolExecutor$Worker.run(ThreadPoolExecutor.java:624)
	at java.lang.Thread.run(Thread.java:748)

Nov 15, 2017 2:33:24 PM org.jboss.netty.channel.SimpleChannelUpstreamHandler
WARNING: EXCEPTION, please implement org.jboss.netty.channel.socket.httptunnel.TunnelWrappedServerChannelHandler.exceptionCaught() for proper handling.
java.net.BindException: Address already in use
	at sun.nio.ch.Net.bind0(Native Method)
	at sun.nio.ch.Net.bind(Net.java:433)
	at sun.nio.ch.Net.bind(Net.java:425)
	at sun.nio.ch.ServerSocketChannelImpl.bind(ServerSocketChannelImpl.java:223)
	at sun.nio.ch.ServerSocketAdaptor.bind(ServerSocketAdaptor.java:74)
	at org.jboss.netty.channel.socket.nio.NioServerSocketPipelineSink.bind(NioServerSocketPipelineSink.java:140)
	at org.jboss.netty.channel.socket.nio.NioServerSocketPipelineSink.handleServerSocket(NioServerSocketPipelineSink.java:90)
	at org.jboss.netty.channel.socket.nio.NioServerSocketPipelineSink.eventSunk(NioServerSocketPipelineSink.java:64)
	at org.jboss.netty.channel.Channels.bind(Channels.java:569)
	at org.jboss.netty.channel.AbstractChannel.bind(AbstractChannel.java:189)
	at org.jboss.netty.channel.socket.httptunnel.HttpTunnelServerChannelSink.eventSunk(HttpTunnelServerChannelSink.java:50)
	at org.jboss.netty.channel.Channels.bind(Channels.java:569)
	at org.jboss.netty.channel.AbstractChannel.bind(AbstractChannel.java:189)
	at org.jboss.netty.bootstrap.ServerBootstrap$Binder.channelOpen(ServerBootstrap.java:343)
	at org.jboss.netty.channel.Channels.fireChannelOpen(Channels.java:170)
	at org.jboss.netty.channel.socket.httptunnel.HttpTunnelServerChannel.<init>(HttpTunnelServerChannel.java:57)
	at org.jboss.netty.channel.socket.httptunnel.HttpTunnelServerChannelFactory.newChannel(HttpTunnelServerChannelFactory.java:41)
	at org.jboss.netty.channel.socket.httptunnel.HttpTunnelServerChannelFactory.newChannel(HttpTunnelServerChannelFactory.java:30)
	at org.jboss.netty.bootstrap.ServerBootstrap.bind(ServerBootstrap.java:277)
	at net.jxta.impl.endpoint.netty.NettyTransportServer.bindServerChannel(NettyTransportServer.java:122)
	at net.jxta.impl.endpoint.netty.NettyTransportServer.init(NettyTransportServer.java:83)
	at net.jxta.impl.endpoint.netty.NettyTransport.initServer(NettyTransport.java:113)
	at net.jxta.impl.endpoint.netty.NettyTransport.init(NettyTransport.java:75)
	at net.jxta.impl.peergroup.GenericPeerGroup.loadModule(GenericPeerGroup.java:677)
	at net.jxta.impl.peergroup.GenericPeerGroup.loadModule(GenericPeerGroup.java:801)
	at net.jxta.impl.peergroup.StdPeerGroup.loadAllModules(StdPeerGroup.java:295)
	at net.jxta.impl.peergroup.StdPeerGroup.initFirst(StdPeerGroup.java:842)
	at net.jxta.impl.peergroup.Platform.initFirst(Platform.java:214)
	at net.jxta.impl.peergroup.GenericPeerGroup.init(GenericPeerGroup.java:907)
	at net.jxta.peergroup.WorldPeerGroupFactory.newWorldPeerGroup(WorldPeerGroupFactory.java:312)
	at net.jxta.peergroup.WorldPeerGroupFactory.<init>(WorldPeerGroupFactory.java:182)
	at net.jxta.peergroup.NetPeerGroupFactory.<init>(NetPeerGroupFactory.java:203)
	at net.jxta.platform.NetworkManager.startNetwork(NetworkManager.java:408)
	at network.impl.jxta.JxtaNode.start(JxtaNode.java:65)
	at network.impl.jxta.JxtaPeer.start(JxtaPeer.java:44)
	at network.impl.advertisement.ItemAdvertisementTest.setUpClass(ItemAdvertisementTest.java:44)
	at sun.reflect.NativeMethodAccessorImpl.invoke0(Native Method)
	at sun.reflect.NativeMethodAccessorImpl.invoke(NativeMethodAccessorImpl.java:62)
	at sun.reflect.DelegatingMethodAccessorImpl.invoke(DelegatingMethodAccessorImpl.java:43)
	at java.lang.reflect.Method.invoke(Method.java:498)
	at org.junit.runners.model.FrameworkMethod$1.runReflectiveCall(FrameworkMethod.java:50)
	at org.junit.internal.runners.model.ReflectiveCallable.run(ReflectiveCallable.java:12)
	at org.junit.runners.model.FrameworkMethod.invokeExplosively(FrameworkMethod.java:47)
	at org.junit.internal.runners.statements.RunBefores.evaluate(RunBefores.java:24)
	at org.junit.internal.runners.statements.RunAfters.evaluate(RunAfters.java:27)
	at org.junit.runners.ParentRunner.run(ParentRunner.java:363)
	at org.gradle.api.internal.tasks.testing.junit.JUnitTestClassExecuter.runTestClass(JUnitTestClassExecuter.java:114)
	at org.gradle.api.internal.tasks.testing.junit.JUnitTestClassExecuter.execute(JUnitTestClassExecuter.java:57)
	at org.gradle.api.internal.tasks.testing.junit.JUnitTestClassProcessor.processTestClass(JUnitTestClassProcessor.java:66)
	at org.gradle.api.internal.tasks.testing.SuiteTestClassProcessor.processTestClass(SuiteTestClassProcessor.java:51)
	at sun.reflect.GeneratedMethodAccessor11.invoke(Unknown Source)
	at sun.reflect.DelegatingMethodAccessorImpl.invoke(DelegatingMethodAccessorImpl.java:43)
	at java.lang.reflect.Method.invoke(Method.java:498)
	at org.gradle.internal.dispatch.ReflectionDispatch.dispatch(ReflectionDispatch.java:35)
	at org.gradle.internal.dispatch.ReflectionDispatch.dispatch(ReflectionDispatch.java:24)
	at org.gradle.internal.dispatch.ContextClassLoaderDispatch.dispatch(ContextClassLoaderDispatch.java:32)
	at org.gradle.internal.dispatch.ProxyDispatchAdapter$DispatchingInvocationHandler.invoke(ProxyDispatchAdapter.java:93)
	at com.sun.proxy.$Proxy2.processTestClass(Unknown Source)
	at org.gradle.api.internal.tasks.testing.worker.TestWorker.processTestClass(TestWorker.java:109)
	at sun.reflect.GeneratedMethodAccessor10.invoke(Unknown Source)
	at sun.reflect.DelegatingMethodAccessorImpl.invoke(DelegatingMethodAccessorImpl.java:43)
	at java.lang.reflect.Method.invoke(Method.java:498)
	at org.gradle.internal.dispatch.ReflectionDispatch.dispatch(ReflectionDispatch.java:35)
	at org.gradle.internal.dispatch.ReflectionDispatch.dispatch(ReflectionDispatch.java:24)
	at org.gradle.internal.remote.internal.hub.MessageHub$Handler.run(MessageHub.java:377)
	at org.gradle.internal.concurrent.ExecutorPolicy$CatchAndRecordFailures.onExecute(ExecutorPolicy.java:54)
	at org.gradle.internal.concurrent.StoppableExecutorImpl$1.run(StoppableExecutorImpl.java:40)
	at java.util.concurrent.ThreadPoolExecutor.runWorker(ThreadPoolExecutor.java:1149)
	at java.util.concurrent.ThreadPoolExecutor$Worker.run(ThreadPoolExecutor.java:624)
	at java.lang.Thread.run(Thread.java:748)

Nov 15, 2017 2:33:24 PM org.jboss.netty.channel.SimpleChannelUpstreamHandler
WARNING: EXCEPTION, please implement org.jboss.netty.channel.socket.httptunnel.TunnelWrappedServerChannelHandler.exceptionCaught() for proper handling.
java.net.BindException: Address already in use
	at sun.nio.ch.Net.bind0(Native Method)
	at sun.nio.ch.Net.bind(Net.java:433)
	at sun.nio.ch.Net.bind(Net.java:425)
	at sun.nio.ch.ServerSocketChannelImpl.bind(ServerSocketChannelImpl.java:223)
	at sun.nio.ch.ServerSocketAdaptor.bind(ServerSocketAdaptor.java:74)
	at org.jboss.netty.channel.socket.nio.NioServerSocketPipelineSink.bind(NioServerSocketPipelineSink.java:140)
	at org.jboss.netty.channel.socket.nio.NioServerSocketPipelineSink.handleServerSocket(NioServerSocketPipelineSink.java:90)
	at org.jboss.netty.channel.socket.nio.NioServerSocketPipelineSink.eventSunk(NioServerSocketPipelineSink.java:64)
	at org.jboss.netty.channel.Channels.bind(Channels.java:569)
	at org.jboss.netty.channel.AbstractChannel.bind(AbstractChannel.java:189)
	at org.jboss.netty.channel.socket.httptunnel.HttpTunnelServerChannelSink.eventSunk(HttpTunnelServerChannelSink.java:50)
	at org.jboss.netty.channel.Channels.bind(Channels.java:569)
	at org.jboss.netty.channel.AbstractChannel.bind(AbstractChannel.java:189)
	at org.jboss.netty.bootstrap.ServerBootstrap$Binder.channelOpen(ServerBootstrap.java:343)
	at org.jboss.netty.channel.Channels.fireChannelOpen(Channels.java:170)
	at org.jboss.netty.channel.socket.httptunnel.HttpTunnelServerChannel.<init>(HttpTunnelServerChannel.java:57)
	at org.jboss.netty.channel.socket.httptunnel.HttpTunnelServerChannelFactory.newChannel(HttpTunnelServerChannelFactory.java:41)
	at org.jboss.netty.channel.socket.httptunnel.HttpTunnelServerChannelFactory.newChannel(HttpTunnelServerChannelFactory.java:30)
	at org.jboss.netty.bootstrap.ServerBootstrap.bind(ServerBootstrap.java:277)
	at net.jxta.impl.endpoint.netty.NettyTransportServer.bindServerChannel(NettyTransportServer.java:122)
	at net.jxta.impl.endpoint.netty.NettyTransportServer.init(NettyTransportServer.java:83)
	at net.jxta.impl.endpoint.netty.NettyTransport.initServer(NettyTransport.java:113)
	at net.jxta.impl.endpoint.netty.NettyTransport.init(NettyTransport.java:75)
	at net.jxta.impl.peergroup.GenericPeerGroup.loadModule(GenericPeerGroup.java:677)
	at net.jxta.impl.peergroup.GenericPeerGroup.loadModule(GenericPeerGroup.java:801)
	at net.jxta.impl.peergroup.StdPeerGroup.loadAllModules(StdPeerGroup.java:295)
	at net.jxta.impl.peergroup.StdPeerGroup.initFirst(StdPeerGroup.java:842)
	at net.jxta.impl.peergroup.Platform.initFirst(Platform.java:214)
	at net.jxta.impl.peergroup.GenericPeerGroup.init(GenericPeerGroup.java:907)
	at net.jxta.peergroup.WorldPeerGroupFactory.newWorldPeerGroup(WorldPeerGroupFactory.java:312)
	at net.jxta.peergroup.WorldPeerGroupFactory.<init>(WorldPeerGroupFactory.java:182)
	at net.jxta.peergroup.NetPeerGroupFactory.<init>(NetPeerGroupFactory.java:203)
	at net.jxta.platform.NetworkManager.startNetwork(NetworkManager.java:408)
	at network.impl.jxta.JxtaNode.start(JxtaNode.java:65)
	at network.impl.jxta.JxtaPeer.start(JxtaPeer.java:44)
	at network.impl.advertisement.ItemAdvertisementTest.setUpClass(ItemAdvertisementTest.java:44)
	at sun.reflect.NativeMethodAccessorImpl.invoke0(Native Method)
	at sun.reflect.NativeMethodAccessorImpl.invoke(NativeMethodAccessorImpl.java:62)
	at sun.reflect.DelegatingMethodAccessorImpl.invoke(DelegatingMethodAccessorImpl.java:43)
	at java.lang.reflect.Method.invoke(Method.java:498)
	at org.junit.runners.model.FrameworkMethod$1.runReflectiveCall(FrameworkMethod.java:50)
	at org.junit.internal.runners.model.ReflectiveCallable.run(ReflectiveCallable.java:12)
	at org.junit.runners.model.FrameworkMethod.invokeExplosively(FrameworkMethod.java:47)
	at org.junit.internal.runners.statements.RunBefores.evaluate(RunBefores.java:24)
	at org.junit.internal.runners.statements.RunAfters.evaluate(RunAfters.java:27)
	at org.junit.runners.ParentRunner.run(ParentRunner.java:363)
	at org.gradle.api.internal.tasks.testing.junit.JUnitTestClassExecuter.runTestClass(JUnitTestClassExecuter.java:114)
	at org.gradle.api.internal.tasks.testing.junit.JUnitTestClassExecuter.execute(JUnitTestClassExecuter.java:57)
	at org.gradle.api.internal.tasks.testing.junit.JUnitTestClassProcessor.processTestClass(JUnitTestClassProcessor.java:66)
	at org.gradle.api.internal.tasks.testing.SuiteTestClassProcessor.processTestClass(SuiteTestClassProcessor.java:51)
	at sun.reflect.GeneratedMethodAccessor11.invoke(Unknown Source)
	at sun.reflect.DelegatingMethodAccessorImpl.invoke(DelegatingMethodAccessorImpl.java:43)
	at java.lang.reflect.Method.invoke(Method.java:498)
	at org.gradle.internal.dispatch.ReflectionDispatch.dispatch(ReflectionDispatch.java:35)
	at org.gradle.internal.dispatch.ReflectionDispatch.dispatch(ReflectionDispatch.java:24)
	at org.gradle.internal.dispatch.ContextClassLoaderDispatch.dispatch(ContextClassLoaderDispatch.java:32)
	at org.gradle.internal.dispatch.ProxyDispatchAdapter$DispatchingInvocationHandler.invoke(ProxyDispatchAdapter.java:93)
	at com.sun.proxy.$Proxy2.processTestClass(Unknown Source)
	at org.gradle.api.internal.tasks.testing.worker.TestWorker.processTestClass(TestWorker.java:109)
	at sun.reflect.GeneratedMethodAccessor10.invoke(Unknown Source)
	at sun.reflect.DelegatingMethodAccessorImpl.invoke(DelegatingMethodAccessorImpl.java:43)
	at java.lang.reflect.Method.invoke(Method.java:498)
	at org.gradle.internal.dispatch.ReflectionDispatch.dispatch(ReflectionDispatch.java:35)
	at org.gradle.internal.dispatch.ReflectionDispatch.dispatch(ReflectionDispatch.java:24)
	at org.gradle.internal.remote.internal.hub.MessageHub$Handler.run(MessageHub.java:377)
	at org.gradle.internal.concurrent.ExecutorPolicy$CatchAndRecordFailures.onExecute(ExecutorPolicy.java:54)
	at org.gradle.internal.concurrent.StoppableExecutorImpl$1.run(StoppableExecutorImpl.java:40)
	at java.util.concurrent.ThreadPoolExecutor.runWorker(ThreadPoolExecutor.java:1149)
	at java.util.concurrent.ThreadPoolExecutor$Worker.run(ThreadPoolExecutor.java:624)
	at java.lang.Thread.run(Thread.java:748)

Nov 15, 2017 2:33:24 PM org.jboss.netty.channel.SimpleChannelUpstreamHandler
WARNING: EXCEPTION, please implement org.jboss.netty.channel.socket.httptunnel.TunnelWrappedServerChannelHandler.exceptionCaught() for proper handling.
java.net.BindException: Address already in use
	at sun.nio.ch.Net.bind0(Native Method)
	at sun.nio.ch.Net.bind(Net.java:433)
	at sun.nio.ch.Net.bind(Net.java:425)
	at sun.nio.ch.ServerSocketChannelImpl.bind(ServerSocketChannelImpl.java:223)
	at sun.nio.ch.ServerSocketAdaptor.bind(ServerSocketAdaptor.java:74)
	at org.jboss.netty.channel.socket.nio.NioServerSocketPipelineSink.bind(NioServerSocketPipelineSink.java:140)
	at org.jboss.netty.channel.socket.nio.NioServerSocketPipelineSink.handleServerSocket(NioServerSocketPipelineSink.java:90)
	at org.jboss.netty.channel.socket.nio.NioServerSocketPipelineSink.eventSunk(NioServerSocketPipelineSink.java:64)
	at org.jboss.netty.channel.Channels.bind(Channels.java:569)
	at org.jboss.netty.channel.AbstractChannel.bind(AbstractChannel.java:189)
	at org.jboss.netty.channel.socket.httptunnel.HttpTunnelServerChannelSink.eventSunk(HttpTunnelServerChannelSink.java:50)
	at org.jboss.netty.channel.Channels.bind(Channels.java:569)
	at org.jboss.netty.channel.AbstractChannel.bind(AbstractChannel.java:189)
	at org.jboss.netty.bootstrap.ServerBootstrap$Binder.channelOpen(ServerBootstrap.java:343)
	at org.jboss.netty.channel.Channels.fireChannelOpen(Channels.java:170)
	at org.jboss.netty.channel.socket.httptunnel.HttpTunnelServerChannel.<init>(HttpTunnelServerChannel.java:57)
	at org.jboss.netty.channel.socket.httptunnel.HttpTunnelServerChannelFactory.newChannel(HttpTunnelServerChannelFactory.java:41)
	at org.jboss.netty.channel.socket.httptunnel.HttpTunnelServerChannelFactory.newChannel(HttpTunnelServerChannelFactory.java:30)
	at org.jboss.netty.bootstrap.ServerBootstrap.bind(ServerBootstrap.java:277)
	at net.jxta.impl.endpoint.netty.NettyTransportServer.bindServerChannel(NettyTransportServer.java:122)
	at net.jxta.impl.endpoint.netty.NettyTransportServer.init(NettyTransportServer.java:83)
	at net.jxta.impl.endpoint.netty.NettyTransport.initServer(NettyTransport.java:113)
	at net.jxta.impl.endpoint.netty.NettyTransport.init(NettyTransport.java:75)
	at net.jxta.impl.peergroup.GenericPeerGroup.loadModule(GenericPeerGroup.java:677)
	at net.jxta.impl.peergroup.GenericPeerGroup.loadModule(GenericPeerGroup.java:801)
	at net.jxta.impl.peergroup.StdPeerGroup.loadAllModules(StdPeerGroup.java:295)
	at net.jxta.impl.peergroup.StdPeerGroup.initFirst(StdPeerGroup.java:842)
	at net.jxta.impl.peergroup.Platform.initFirst(Platform.java:214)
	at net.jxta.impl.peergroup.GenericPeerGroup.init(GenericPeerGroup.java:907)
	at net.jxta.peergroup.WorldPeerGroupFactory.newWorldPeerGroup(WorldPeerGroupFactory.java:312)
	at net.jxta.peergroup.WorldPeerGroupFactory.<init>(WorldPeerGroupFactory.java:182)
	at net.jxta.peergroup.NetPeerGroupFactory.<init>(NetPeerGroupFactory.java:203)
	at net.jxta.platform.NetworkManager.startNetwork(NetworkManager.java:408)
	at network.impl.jxta.JxtaNode.start(JxtaNode.java:65)
	at network.impl.jxta.JxtaPeer.start(JxtaPeer.java:44)
	at network.impl.advertisement.ItemAdvertisementTest.setUpClass(ItemAdvertisementTest.java:44)
	at sun.reflect.NativeMethodAccessorImpl.invoke0(Native Method)
	at sun.reflect.NativeMethodAccessorImpl.invoke(NativeMethodAccessorImpl.java:62)
	at sun.reflect.DelegatingMethodAccessorImpl.invoke(DelegatingMethodAccessorImpl.java:43)
	at java.lang.reflect.Method.invoke(Method.java:498)
	at org.junit.runners.model.FrameworkMethod$1.runReflectiveCall(FrameworkMethod.java:50)
	at org.junit.internal.runners.model.ReflectiveCallable.run(ReflectiveCallable.java:12)
	at org.junit.runners.model.FrameworkMethod.invokeExplosively(FrameworkMethod.java:47)
	at org.junit.internal.runners.statements.RunBefores.evaluate(RunBefores.java:24)
	at org.junit.internal.runners.statements.RunAfters.evaluate(RunAfters.java:27)
	at org.junit.runners.ParentRunner.run(ParentRunner.java:363)
	at org.gradle.api.internal.tasks.testing.junit.JUnitTestClassExecuter.runTestClass(JUnitTestClassExecuter.java:114)
	at org.gradle.api.internal.tasks.testing.junit.JUnitTestClassExecuter.execute(JUnitTestClassExecuter.java:57)
	at org.gradle.api.internal.tasks.testing.junit.JUnitTestClassProcessor.processTestClass(JUnitTestClassProcessor.java:66)
	at org.gradle.api.internal.tasks.testing.SuiteTestClassProcessor.processTestClass(SuiteTestClassProcessor.java:51)
	at sun.reflect.GeneratedMethodAccessor11.invoke(Unknown Source)
	at sun.reflect.DelegatingMethodAccessorImpl.invoke(DelegatingMethodAccessorImpl.java:43)
	at java.lang.reflect.Method.invoke(Method.java:498)
	at org.gradle.internal.dispatch.ReflectionDispatch.dispatch(ReflectionDispatch.java:35)
	at org.gradle.internal.dispatch.ReflectionDispatch.dispatch(ReflectionDispatch.java:24)
	at org.gradle.internal.dispatch.ContextClassLoaderDispatch.dispatch(ContextClassLoaderDispatch.java:32)
	at org.gradle.internal.dispatch.ProxyDispatchAdapter$DispatchingInvocationHandler.invoke(ProxyDispatchAdapter.java:93)
	at com.sun.proxy.$Proxy2.processTestClass(Unknown Source)
	at org.gradle.api.internal.tasks.testing.worker.TestWorker.processTestClass(TestWorker.java:109)
	at sun.reflect.GeneratedMethodAccessor10.invoke(Unknown Source)
	at sun.reflect.DelegatingMethodAccessorImpl.invoke(DelegatingMethodAccessorImpl.java:43)
	at java.lang.reflect.Method.invoke(Method.java:498)
	at org.gradle.internal.dispatch.ReflectionDispatch.dispatch(ReflectionDispatch.java:35)
	at org.gradle.internal.dispatch.ReflectionDispatch.dispatch(ReflectionDispatch.java:24)
	at org.gradle.internal.remote.internal.hub.MessageHub$Handler.run(MessageHub.java:377)
	at org.gradle.internal.concurrent.ExecutorPolicy$CatchAndRecordFailures.onExecute(ExecutorPolicy.java:54)
	at org.gradle.internal.concurrent.StoppableExecutorImpl$1.run(StoppableExecutorImpl.java:40)
	at java.util.concurrent.ThreadPoolExecutor.runWorker(ThreadPoolExecutor.java:1149)
	at java.util.concurrent.ThreadPoolExecutor$Worker.run(ThreadPoolExecutor.java:624)
	at java.lang.Thread.run(Thread.java:748)

Nov 15, 2017 2:33:24 PM org.jboss.netty.channel.SimpleChannelUpstreamHandler
WARNING: EXCEPTION, please implement org.jboss.netty.channel.socket.httptunnel.TunnelWrappedServerChannelHandler.exceptionCaught() for proper handling.
java.net.BindException: Address already in use
	at sun.nio.ch.Net.bind0(Native Method)
	at sun.nio.ch.Net.bind(Net.java:433)
	at sun.nio.ch.Net.bind(Net.java:425)
	at sun.nio.ch.ServerSocketChannelImpl.bind(ServerSocketChannelImpl.java:223)
	at sun.nio.ch.ServerSocketAdaptor.bind(ServerSocketAdaptor.java:74)
	at org.jboss.netty.channel.socket.nio.NioServerSocketPipelineSink.bind(NioServerSocketPipelineSink.java:140)
	at org.jboss.netty.channel.socket.nio.NioServerSocketPipelineSink.handleServerSocket(NioServerSocketPipelineSink.java:90)
	at org.jboss.netty.channel.socket.nio.NioServerSocketPipelineSink.eventSunk(NioServerSocketPipelineSink.java:64)
	at org.jboss.netty.channel.Channels.bind(Channels.java:569)
	at org.jboss.netty.channel.AbstractChannel.bind(AbstractChannel.java:189)
	at org.jboss.netty.channel.socket.httptunnel.HttpTunnelServerChannelSink.eventSunk(HttpTunnelServerChannelSink.java:50)
	at org.jboss.netty.channel.Channels.bind(Channels.java:569)
	at org.jboss.netty.channel.AbstractChannel.bind(AbstractChannel.java:189)
	at org.jboss.netty.bootstrap.ServerBootstrap$Binder.channelOpen(ServerBootstrap.java:343)
	at org.jboss.netty.channel.Channels.fireChannelOpen(Channels.java:170)
	at org.jboss.netty.channel.socket.httptunnel.HttpTunnelServerChannel.<init>(HttpTunnelServerChannel.java:57)
	at org.jboss.netty.channel.socket.httptunnel.HttpTunnelServerChannelFactory.newChannel(HttpTunnelServerChannelFactory.java:41)
	at org.jboss.netty.channel.socket.httptunnel.HttpTunnelServerChannelFactory.newChannel(HttpTunnelServerChannelFactory.java:30)
	at org.jboss.netty.bootstrap.ServerBootstrap.bind(ServerBootstrap.java:277)
	at net.jxta.impl.endpoint.netty.NettyTransportServer.bindServerChannel(NettyTransportServer.java:122)
	at net.jxta.impl.endpoint.netty.NettyTransportServer.init(NettyTransportServer.java:83)
	at net.jxta.impl.endpoint.netty.NettyTransport.initServer(NettyTransport.java:113)
	at net.jxta.impl.endpoint.netty.NettyTransport.init(NettyTransport.java:75)
	at net.jxta.impl.peergroup.GenericPeerGroup.loadModule(GenericPeerGroup.java:677)
	at net.jxta.impl.peergroup.GenericPeerGroup.loadModule(GenericPeerGroup.java:801)
	at net.jxta.impl.peergroup.StdPeerGroup.loadAllModules(StdPeerGroup.java:295)
	at net.jxta.impl.peergroup.StdPeerGroup.initFirst(StdPeerGroup.java:842)
	at net.jxta.impl.peergroup.Platform.initFirst(Platform.java:214)
	at net.jxta.impl.peergroup.GenericPeerGroup.init(GenericPeerGroup.java:907)
	at net.jxta.peergroup.WorldPeerGroupFactory.newWorldPeerGroup(WorldPeerGroupFactory.java:312)
	at net.jxta.peergroup.WorldPeerGroupFactory.<init>(WorldPeerGroupFactory.java:182)
	at net.jxta.peergroup.NetPeerGroupFactory.<init>(NetPeerGroupFactory.java:203)
	at net.jxta.platform.NetworkManager.startNetwork(NetworkManager.java:408)
	at network.impl.jxta.JxtaNode.start(JxtaNode.java:65)
	at network.impl.jxta.JxtaPeer.start(JxtaPeer.java:44)
	at network.impl.advertisement.ItemAdvertisementTest.setUpClass(ItemAdvertisementTest.java:44)
	at sun.reflect.NativeMethodAccessorImpl.invoke0(Native Method)
	at sun.reflect.NativeMethodAccessorImpl.invoke(NativeMethodAccessorImpl.java:62)
	at sun.reflect.DelegatingMethodAccessorImpl.invoke(DelegatingMethodAccessorImpl.java:43)
	at java.lang.reflect.Method.invoke(Method.java:498)
	at org.junit.runners.model.FrameworkMethod$1.runReflectiveCall(FrameworkMethod.java:50)
	at org.junit.internal.runners.model.ReflectiveCallable.run(ReflectiveCallable.java:12)
	at org.junit.runners.model.FrameworkMethod.invokeExplosively(FrameworkMethod.java:47)
	at org.junit.internal.runners.statements.RunBefores.evaluate(RunBefores.java:24)
	at org.junit.internal.runners.statements.RunAfters.evaluate(RunAfters.java:27)
	at org.junit.runners.ParentRunner.run(ParentRunner.java:363)
	at org.gradle.api.internal.tasks.testing.junit.JUnitTestClassExecuter.runTestClass(JUnitTestClassExecuter.java:114)
	at org.gradle.api.internal.tasks.testing.junit.JUnitTestClassExecuter.execute(JUnitTestClassExecuter.java:57)
	at org.gradle.api.internal.tasks.testing.junit.JUnitTestClassProcessor.processTestClass(JUnitTestClassProcessor.java:66)
	at org.gradle.api.internal.tasks.testing.SuiteTestClassProcessor.processTestClass(SuiteTestClassProcessor.java:51)
	at sun.reflect.GeneratedMethodAccessor11.invoke(Unknown Source)
	at sun.reflect.DelegatingMethodAccessorImpl.invoke(DelegatingMethodAccessorImpl.java:43)
	at java.lang.reflect.Method.invoke(Method.java:498)
	at org.gradle.internal.dispatch.ReflectionDispatch.dispatch(ReflectionDispatch.java:35)
	at org.gradle.internal.dispatch.ReflectionDispatch.dispatch(ReflectionDispatch.java:24)
	at org.gradle.internal.dispatch.ContextClassLoaderDispatch.dispatch(ContextClassLoaderDispatch.java:32)
	at org.gradle.internal.dispatch.ProxyDispatchAdapter$DispatchingInvocationHandler.invoke(ProxyDispatchAdapter.java:93)
	at com.sun.proxy.$Proxy2.processTestClass(Unknown Source)
	at org.gradle.api.internal.tasks.testing.worker.TestWorker.processTestClass(TestWorker.java:109)
	at sun.reflect.GeneratedMethodAccessor10.invoke(Unknown Source)
	at sun.reflect.DelegatingMethodAccessorImpl.invoke(DelegatingMethodAccessorImpl.java:43)
	at java.lang.reflect.Method.invoke(Method.java:498)
	at org.gradle.internal.dispatch.ReflectionDispatch.dispatch(ReflectionDispatch.java:35)
	at org.gradle.internal.dispatch.ReflectionDispatch.dispatch(ReflectionDispatch.java:24)
	at org.gradle.internal.remote.internal.hub.MessageHub$Handler.run(MessageHub.java:377)
	at org.gradle.internal.concurrent.ExecutorPolicy$CatchAndRecordFailures.onExecute(ExecutorPolicy.java:54)
	at org.gradle.internal.concurrent.StoppableExecutorImpl$1.run(StoppableExecutorImpl.java:40)
	at java.util.concurrent.ThreadPoolExecutor.runWorker(ThreadPoolExecutor.java:1149)
	at java.util.concurrent.ThreadPoolExecutor$Worker.run(ThreadPoolExecutor.java:624)
	at java.lang.Thread.run(Thread.java:748)

Nov 15, 2017 2:33:24 PM org.jboss.netty.channel.SimpleChannelUpstreamHandler
WARNING: EXCEPTION, please implement org.jboss.netty.channel.socket.httptunnel.TunnelWrappedServerChannelHandler.exceptionCaught() for proper handling.
java.net.BindException: Address already in use
	at sun.nio.ch.Net.bind0(Native Method)
	at sun.nio.ch.Net.bind(Net.java:433)
	at sun.nio.ch.Net.bind(Net.java:425)
	at sun.nio.ch.ServerSocketChannelImpl.bind(ServerSocketChannelImpl.java:223)
	at sun.nio.ch.ServerSocketAdaptor.bind(ServerSocketAdaptor.java:74)
	at org.jboss.netty.channel.socket.nio.NioServerSocketPipelineSink.bind(NioServerSocketPipelineSink.java:140)
	at org.jboss.netty.channel.socket.nio.NioServerSocketPipelineSink.handleServerSocket(NioServerSocketPipelineSink.java:90)
	at org.jboss.netty.channel.socket.nio.NioServerSocketPipelineSink.eventSunk(NioServerSocketPipelineSink.java:64)
	at org.jboss.netty.channel.Channels.bind(Channels.java:569)
	at org.jboss.netty.channel.AbstractChannel.bind(AbstractChannel.java:189)
	at org.jboss.netty.channel.socket.httptunnel.HttpTunnelServerChannelSink.eventSunk(HttpTunnelServerChannelSink.java:50)
	at org.jboss.netty.channel.Channels.bind(Channels.java:569)
	at org.jboss.netty.channel.AbstractChannel.bind(AbstractChannel.java:189)
	at org.jboss.netty.bootstrap.ServerBootstrap$Binder.channelOpen(ServerBootstrap.java:343)
	at org.jboss.netty.channel.Channels.fireChannelOpen(Channels.java:170)
	at org.jboss.netty.channel.socket.httptunnel.HttpTunnelServerChannel.<init>(HttpTunnelServerChannel.java:57)
	at org.jboss.netty.channel.socket.httptunnel.HttpTunnelServerChannelFactory.newChannel(HttpTunnelServerChannelFactory.java:41)
	at org.jboss.netty.channel.socket.httptunnel.HttpTunnelServerChannelFactory.newChannel(HttpTunnelServerChannelFactory.java:30)
	at org.jboss.netty.bootstrap.ServerBootstrap.bind(ServerBootstrap.java:277)
	at net.jxta.impl.endpoint.netty.NettyTransportServer.bindServerChannel(NettyTransportServer.java:122)
	at net.jxta.impl.endpoint.netty.NettyTransportServer.init(NettyTransportServer.java:83)
	at net.jxta.impl.endpoint.netty.NettyTransport.initServer(NettyTransport.java:113)
	at net.jxta.impl.endpoint.netty.NettyTransport.init(NettyTransport.java:75)
	at net.jxta.impl.peergroup.GenericPeerGroup.loadModule(GenericPeerGroup.java:677)
	at net.jxta.impl.peergroup.GenericPeerGroup.loadModule(GenericPeerGroup.java:801)
	at net.jxta.impl.peergroup.StdPeerGroup.loadAllModules(StdPeerGroup.java:295)
	at net.jxta.impl.peergroup.StdPeerGroup.initFirst(StdPeerGroup.java:842)
	at net.jxta.impl.peergroup.Platform.initFirst(Platform.java:214)
	at net.jxta.impl.peergroup.GenericPeerGroup.init(GenericPeerGroup.java:907)
	at net.jxta.peergroup.WorldPeerGroupFactory.newWorldPeerGroup(WorldPeerGroupFactory.java:312)
	at net.jxta.peergroup.WorldPeerGroupFactory.<init>(WorldPeerGroupFactory.java:182)
	at net.jxta.peergroup.NetPeerGroupFactory.<init>(NetPeerGroupFactory.java:203)
	at net.jxta.platform.NetworkManager.startNetwork(NetworkManager.java:408)
	at network.impl.jxta.JxtaNode.start(JxtaNode.java:65)
	at network.impl.jxta.JxtaPeer.start(JxtaPeer.java:44)
	at network.impl.advertisement.ItemAdvertisementTest.setUpClass(ItemAdvertisementTest.java:44)
	at sun.reflect.NativeMethodAccessorImpl.invoke0(Native Method)
	at sun.reflect.NativeMethodAccessorImpl.invoke(NativeMethodAccessorImpl.java:62)
	at sun.reflect.DelegatingMethodAccessorImpl.invoke(DelegatingMethodAccessorImpl.java:43)
	at java.lang.reflect.Method.invoke(Method.java:498)
	at org.junit.runners.model.FrameworkMethod$1.runReflectiveCall(FrameworkMethod.java:50)
	at org.junit.internal.runners.model.ReflectiveCallable.run(ReflectiveCallable.java:12)
	at org.junit.runners.model.FrameworkMethod.invokeExplosively(FrameworkMethod.java:47)
	at org.junit.internal.runners.statements.RunBefores.evaluate(RunBefores.java:24)
	at org.junit.internal.runners.statements.RunAfters.evaluate(RunAfters.java:27)
	at org.junit.runners.ParentRunner.run(ParentRunner.java:363)
	at org.gradle.api.internal.tasks.testing.junit.JUnitTestClassExecuter.runTestClass(JUnitTestClassExecuter.java:114)
	at org.gradle.api.internal.tasks.testing.junit.JUnitTestClassExecuter.execute(JUnitTestClassExecuter.java:57)
	at org.gradle.api.internal.tasks.testing.junit.JUnitTestClassProcessor.processTestClass(JUnitTestClassProcessor.java:66)
	at org.gradle.api.internal.tasks.testing.SuiteTestClassProcessor.processTestClass(SuiteTestClassProcessor.java:51)
	at sun.reflect.GeneratedMethodAccessor11.invoke(Unknown Source)
	at sun.reflect.DelegatingMethodAccessorImpl.invoke(DelegatingMethodAccessorImpl.java:43)
	at java.lang.reflect.Method.invoke(Method.java:498)
	at org.gradle.internal.dispatch.ReflectionDispatch.dispatch(ReflectionDispatch.java:35)
	at org.gradle.internal.dispatch.ReflectionDispatch.dispatch(ReflectionDispatch.java:24)
	at org.gradle.internal.dispatch.ContextClassLoaderDispatch.dispatch(ContextClassLoaderDispatch.java:32)
	at org.gradle.internal.dispatch.ProxyDispatchAdapter$DispatchingInvocationHandler.invoke(ProxyDispatchAdapter.java:93)
	at com.sun.proxy.$Proxy2.processTestClass(Unknown Source)
	at org.gradle.api.internal.tasks.testing.worker.TestWorker.processTestClass(TestWorker.java:109)
	at sun.reflect.GeneratedMethodAccessor10.invoke(Unknown Source)
	at sun.reflect.DelegatingMethodAccessorImpl.invoke(DelegatingMethodAccessorImpl.java:43)
	at java.lang.reflect.Method.invoke(Method.java:498)
	at org.gradle.internal.dispatch.ReflectionDispatch.dispatch(ReflectionDispatch.java:35)
	at org.gradle.internal.dispatch.ReflectionDispatch.dispatch(ReflectionDispatch.java:24)
	at org.gradle.internal.remote.internal.hub.MessageHub$Handler.run(MessageHub.java:377)
	at org.gradle.internal.concurrent.ExecutorPolicy$CatchAndRecordFailures.onExecute(ExecutorPolicy.java:54)
	at org.gradle.internal.concurrent.StoppableExecutorImpl$1.run(StoppableExecutorImpl.java:40)
	at java.util.concurrent.ThreadPoolExecutor.runWorker(ThreadPoolExecutor.java:1149)
	at java.util.concurrent.ThreadPoolExecutor$Worker.run(ThreadPoolExecutor.java:624)
	at java.lang.Thread.run(Thread.java:748)

Nov 15, 2017 2:33:24 PM org.jboss.netty.channel.SimpleChannelUpstreamHandler
WARNING: EXCEPTION, please implement org.jboss.netty.channel.socket.httptunnel.TunnelWrappedServerChannelHandler.exceptionCaught() for proper handling.
java.net.BindException: Address already in use
	at sun.nio.ch.Net.bind0(Native Method)
	at sun.nio.ch.Net.bind(Net.java:433)
	at sun.nio.ch.Net.bind(Net.java:425)
	at sun.nio.ch.ServerSocketChannelImpl.bind(ServerSocketChannelImpl.java:223)
	at sun.nio.ch.ServerSocketAdaptor.bind(ServerSocketAdaptor.java:74)
	at org.jboss.netty.channel.socket.nio.NioServerSocketPipelineSink.bind(NioServerSocketPipelineSink.java:140)
	at org.jboss.netty.channel.socket.nio.NioServerSocketPipelineSink.handleServerSocket(NioServerSocketPipelineSink.java:90)
	at org.jboss.netty.channel.socket.nio.NioServerSocketPipelineSink.eventSunk(NioServerSocketPipelineSink.java:64)
	at org.jboss.netty.channel.Channels.bind(Channels.java:569)
	at org.jboss.netty.channel.AbstractChannel.bind(AbstractChannel.java:189)
	at org.jboss.netty.channel.socket.httptunnel.HttpTunnelServerChannelSink.eventSunk(HttpTunnelServerChannelSink.java:50)
	at org.jboss.netty.channel.Channels.bind(Channels.java:569)
	at org.jboss.netty.channel.AbstractChannel.bind(AbstractChannel.java:189)
	at org.jboss.netty.bootstrap.ServerBootstrap$Binder.channelOpen(ServerBootstrap.java:343)
	at org.jboss.netty.channel.Channels.fireChannelOpen(Channels.java:170)
	at org.jboss.netty.channel.socket.httptunnel.HttpTunnelServerChannel.<init>(HttpTunnelServerChannel.java:57)
	at org.jboss.netty.channel.socket.httptunnel.HttpTunnelServerChannelFactory.newChannel(HttpTunnelServerChannelFactory.java:41)
	at org.jboss.netty.channel.socket.httptunnel.HttpTunnelServerChannelFactory.newChannel(HttpTunnelServerChannelFactory.java:30)
	at org.jboss.netty.bootstrap.ServerBootstrap.bind(ServerBootstrap.java:277)
	at net.jxta.impl.endpoint.netty.NettyTransportServer.bindServerChannel(NettyTransportServer.java:122)
	at net.jxta.impl.endpoint.netty.NettyTransportServer.init(NettyTransportServer.java:83)
	at net.jxta.impl.endpoint.netty.NettyTransport.initServer(NettyTransport.java:113)
	at net.jxta.impl.endpoint.netty.NettyTransport.init(NettyTransport.java:75)
	at net.jxta.impl.peergroup.GenericPeerGroup.loadModule(GenericPeerGroup.java:677)
	at net.jxta.impl.peergroup.GenericPeerGroup.loadModule(GenericPeerGroup.java:801)
	at net.jxta.impl.peergroup.StdPeerGroup.loadAllModules(StdPeerGroup.java:295)
	at net.jxta.impl.peergroup.StdPeerGroup.initFirst(StdPeerGroup.java:842)
	at net.jxta.impl.peergroup.Platform.initFirst(Platform.java:214)
	at net.jxta.impl.peergroup.GenericPeerGroup.init(GenericPeerGroup.java:907)
	at net.jxta.peergroup.WorldPeerGroupFactory.newWorldPeerGroup(WorldPeerGroupFactory.java:312)
	at net.jxta.peergroup.WorldPeerGroupFactory.<init>(WorldPeerGroupFactory.java:182)
	at net.jxta.peergroup.NetPeerGroupFactory.<init>(NetPeerGroupFactory.java:203)
	at net.jxta.platform.NetworkManager.startNetwork(NetworkManager.java:408)
	at network.impl.jxta.JxtaNode.start(JxtaNode.java:65)
	at network.impl.jxta.JxtaPeer.start(JxtaPeer.java:44)
	at network.impl.advertisement.ItemAdvertisementTest.setUpClass(ItemAdvertisementTest.java:44)
	at sun.reflect.NativeMethodAccessorImpl.invoke0(Native Method)
	at sun.reflect.NativeMethodAccessorImpl.invoke(NativeMethodAccessorImpl.java:62)
	at sun.reflect.DelegatingMethodAccessorImpl.invoke(DelegatingMethodAccessorImpl.java:43)
	at java.lang.reflect.Method.invoke(Method.java:498)
	at org.junit.runners.model.FrameworkMethod$1.runReflectiveCall(FrameworkMethod.java:50)
	at org.junit.internal.runners.model.ReflectiveCallable.run(ReflectiveCallable.java:12)
	at org.junit.runners.model.FrameworkMethod.invokeExplosively(FrameworkMethod.java:47)
	at org.junit.internal.runners.statements.RunBefores.evaluate(RunBefores.java:24)
	at org.junit.internal.runners.statements.RunAfters.evaluate(RunAfters.java:27)
	at org.junit.runners.ParentRunner.run(ParentRunner.java:363)
	at org.gradle.api.internal.tasks.testing.junit.JUnitTestClassExecuter.runTestClass(JUnitTestClassExecuter.java:114)
	at org.gradle.api.internal.tasks.testing.junit.JUnitTestClassExecuter.execute(JUnitTestClassExecuter.java:57)
	at org.gradle.api.internal.tasks.testing.junit.JUnitTestClassProcessor.processTestClass(JUnitTestClassProcessor.java:66)
	at org.gradle.api.internal.tasks.testing.SuiteTestClassProcessor.processTestClass(SuiteTestClassProcessor.java:51)
	at sun.reflect.GeneratedMethodAccessor11.invoke(Unknown Source)
	at sun.reflect.DelegatingMethodAccessorImpl.invoke(DelegatingMethodAccessorImpl.java:43)
	at java.lang.reflect.Method.invoke(Method.java:498)
	at org.gradle.internal.dispatch.ReflectionDispatch.dispatch(ReflectionDispatch.java:35)
	at org.gradle.internal.dispatch.ReflectionDispatch.dispatch(ReflectionDispatch.java:24)
	at org.gradle.internal.dispatch.ContextClassLoaderDispatch.dispatch(ContextClassLoaderDispatch.java:32)
	at org.gradle.internal.dispatch.ProxyDispatchAdapter$DispatchingInvocationHandler.invoke(ProxyDispatchAdapter.java:93)
	at com.sun.proxy.$Proxy2.processTestClass(Unknown Source)
	at org.gradle.api.internal.tasks.testing.worker.TestWorker.processTestClass(TestWorker.java:109)
	at sun.reflect.GeneratedMethodAccessor10.invoke(Unknown Source)
	at sun.reflect.DelegatingMethodAccessorImpl.invoke(DelegatingMethodAccessorImpl.java:43)
	at java.lang.reflect.Method.invoke(Method.java:498)
	at org.gradle.internal.dispatch.ReflectionDispatch.dispatch(ReflectionDispatch.java:35)
	at org.gradle.internal.dispatch.ReflectionDispatch.dispatch(ReflectionDispatch.java:24)
	at org.gradle.internal.remote.internal.hub.MessageHub$Handler.run(MessageHub.java:377)
	at org.gradle.internal.concurrent.ExecutorPolicy$CatchAndRecordFailures.onExecute(ExecutorPolicy.java:54)
	at org.gradle.internal.concurrent.StoppableExecutorImpl$1.run(StoppableExecutorImpl.java:40)
	at java.util.concurrent.ThreadPoolExecutor.runWorker(ThreadPoolExecutor.java:1149)
	at java.util.concurrent.ThreadPoolExecutor$Worker.run(ThreadPoolExecutor.java:624)
	at java.lang.Thread.run(Thread.java:748)

Nov 15, 2017 2:33:24 PM org.jboss.netty.channel.SimpleChannelUpstreamHandler
WARNING: EXCEPTION, please implement org.jboss.netty.channel.socket.httptunnel.TunnelWrappedServerChannelHandler.exceptionCaught() for proper handling.
java.net.BindException: Address already in use
	at sun.nio.ch.Net.bind0(Native Method)
	at sun.nio.ch.Net.bind(Net.java:433)
	at sun.nio.ch.Net.bind(Net.java:425)
	at sun.nio.ch.ServerSocketChannelImpl.bind(ServerSocketChannelImpl.java:223)
	at sun.nio.ch.ServerSocketAdaptor.bind(ServerSocketAdaptor.java:74)
	at org.jboss.netty.channel.socket.nio.NioServerSocketPipelineSink.bind(NioServerSocketPipelineSink.java:140)
	at org.jboss.netty.channel.socket.nio.NioServerSocketPipelineSink.handleServerSocket(NioServerSocketPipelineSink.java:90)
	at org.jboss.netty.channel.socket.nio.NioServerSocketPipelineSink.eventSunk(NioServerSocketPipelineSink.java:64)
	at org.jboss.netty.channel.Channels.bind(Channels.java:569)
	at org.jboss.netty.channel.AbstractChannel.bind(AbstractChannel.java:189)
	at org.jboss.netty.channel.socket.httptunnel.HttpTunnelServerChannelSink.eventSunk(HttpTunnelServerChannelSink.java:50)
	at org.jboss.netty.channel.Channels.bind(Channels.java:569)
	at org.jboss.netty.channel.AbstractChannel.bind(AbstractChannel.java:189)
	at org.jboss.netty.bootstrap.ServerBootstrap$Binder.channelOpen(ServerBootstrap.java:343)
	at org.jboss.netty.channel.Channels.fireChannelOpen(Channels.java:170)
	at org.jboss.netty.channel.socket.httptunnel.HttpTunnelServerChannel.<init>(HttpTunnelServerChannel.java:57)
	at org.jboss.netty.channel.socket.httptunnel.HttpTunnelServerChannelFactory.newChannel(HttpTunnelServerChannelFactory.java:41)
	at org.jboss.netty.channel.socket.httptunnel.HttpTunnelServerChannelFactory.newChannel(HttpTunnelServerChannelFactory.java:30)
	at org.jboss.netty.bootstrap.ServerBootstrap.bind(ServerBootstrap.java:277)
	at net.jxta.impl.endpoint.netty.NettyTransportServer.bindServerChannel(NettyTransportServer.java:122)
	at net.jxta.impl.endpoint.netty.NettyTransportServer.init(NettyTransportServer.java:83)
	at net.jxta.impl.endpoint.netty.NettyTransport.initServer(NettyTransport.java:113)
	at net.jxta.impl.endpoint.netty.NettyTransport.init(NettyTransport.java:75)
	at net.jxta.impl.peergroup.GenericPeerGroup.loadModule(GenericPeerGroup.java:677)
	at net.jxta.impl.peergroup.GenericPeerGroup.loadModule(GenericPeerGroup.java:801)
	at net.jxta.impl.peergroup.StdPeerGroup.loadAllModules(StdPeerGroup.java:295)
	at net.jxta.impl.peergroup.StdPeerGroup.initFirst(StdPeerGroup.java:842)
	at net.jxta.impl.peergroup.Platform.initFirst(Platform.java:214)
	at net.jxta.impl.peergroup.GenericPeerGroup.init(GenericPeerGroup.java:907)
	at net.jxta.peergroup.WorldPeerGroupFactory.newWorldPeerGroup(WorldPeerGroupFactory.java:312)
	at net.jxta.peergroup.WorldPeerGroupFactory.<init>(WorldPeerGroupFactory.java:182)
	at net.jxta.peergroup.NetPeerGroupFactory.<init>(NetPeerGroupFactory.java:203)
	at net.jxta.platform.NetworkManager.startNetwork(NetworkManager.java:408)
	at network.impl.jxta.JxtaNode.start(JxtaNode.java:65)
	at network.impl.jxta.JxtaPeer.start(JxtaPeer.java:44)
	at network.impl.advertisement.ItemAdvertisementTest.setUpClass(ItemAdvertisementTest.java:44)
	at sun.reflect.NativeMethodAccessorImpl.invoke0(Native Method)
	at sun.reflect.NativeMethodAccessorImpl.invoke(NativeMethodAccessorImpl.java:62)
	at sun.reflect.DelegatingMethodAccessorImpl.invoke(DelegatingMethodAccessorImpl.java:43)
	at java.lang.reflect.Method.invoke(Method.java:498)
	at org.junit.runners.model.FrameworkMethod$1.runReflectiveCall(FrameworkMethod.java:50)
	at org.junit.internal.runners.model.ReflectiveCallable.run(ReflectiveCallable.java:12)
	at org.junit.runners.model.FrameworkMethod.invokeExplosively(FrameworkMethod.java:47)
	at org.junit.internal.runners.statements.RunBefores.evaluate(RunBefores.java:24)
	at org.junit.internal.runners.statements.RunAfters.evaluate(RunAfters.java:27)
	at org.junit.runners.ParentRunner.run(ParentRunner.java:363)
	at org.gradle.api.internal.tasks.testing.junit.JUnitTestClassExecuter.runTestClass(JUnitTestClassExecuter.java:114)
	at org.gradle.api.internal.tasks.testing.junit.JUnitTestClassExecuter.execute(JUnitTestClassExecuter.java:57)
	at org.gradle.api.internal.tasks.testing.junit.JUnitTestClassProcessor.processTestClass(JUnitTestClassProcessor.java:66)
	at org.gradle.api.internal.tasks.testing.SuiteTestClassProcessor.processTestClass(SuiteTestClassProcessor.java:51)
	at sun.reflect.GeneratedMethodAccessor11.invoke(Unknown Source)
	at sun.reflect.DelegatingMethodAccessorImpl.invoke(DelegatingMethodAccessorImpl.java:43)
	at java.lang.reflect.Method.invoke(Method.java:498)
	at org.gradle.internal.dispatch.ReflectionDispatch.dispatch(ReflectionDispatch.java:35)
	at org.gradle.internal.dispatch.ReflectionDispatch.dispatch(ReflectionDispatch.java:24)
	at org.gradle.internal.dispatch.ContextClassLoaderDispatch.dispatch(ContextClassLoaderDispatch.java:32)
	at org.gradle.internal.dispatch.ProxyDispatchAdapter$DispatchingInvocationHandler.invoke(ProxyDispatchAdapter.java:93)
	at com.sun.proxy.$Proxy2.processTestClass(Unknown Source)
	at org.gradle.api.internal.tasks.testing.worker.TestWorker.processTestClass(TestWorker.java:109)
	at sun.reflect.GeneratedMethodAccessor10.invoke(Unknown Source)
	at sun.reflect.DelegatingMethodAccessorImpl.invoke(DelegatingMethodAccessorImpl.java:43)
	at java.lang.reflect.Method.invoke(Method.java:498)
	at org.gradle.internal.dispatch.ReflectionDispatch.dispatch(ReflectionDispatch.java:35)
	at org.gradle.internal.dispatch.ReflectionDispatch.dispatch(ReflectionDispatch.java:24)
	at org.gradle.internal.remote.internal.hub.MessageHub$Handler.run(MessageHub.java:377)
	at org.gradle.internal.concurrent.ExecutorPolicy$CatchAndRecordFailures.onExecute(ExecutorPolicy.java:54)
	at org.gradle.internal.concurrent.StoppableExecutorImpl$1.run(StoppableExecutorImpl.java:40)
	at java.util.concurrent.ThreadPoolExecutor.runWorker(ThreadPoolExecutor.java:1149)
	at java.util.concurrent.ThreadPoolExecutor$Worker.run(ThreadPoolExecutor.java:624)
	at java.lang.Thread.run(Thread.java:748)

Nov 15, 2017 2:33:24 PM net.jxta.logging.Logging logCheckedSevere
SEVERE: Line 685 net.jxta.impl.peergroup.GenericPeerGroup.loadModule()
net.jxta.exception.PeerGroupException: Failed to bind to any address in the configured range
Line 89 net.jxta.impl.endpoint.netty.NettyTransportServer.init()
Line 113 net.jxta.impl.endpoint.netty.NettyTransport.initServer()
Line 75 net.jxta.impl.endpoint.netty.NettyTransport.init()
Line 677 net.jxta.impl.peergroup.GenericPeerGroup.loadModule()
Line 801 net.jxta.impl.peergroup.GenericPeerGroup.loadModule()
Line 295 net.jxta.impl.peergroup.StdPeerGroup.loadAllModules()
Line 842 net.jxta.impl.peergroup.StdPeerGroup.initFirst()
Line 214 net.jxta.impl.peergroup.Platform.initFirst()
Line 907 net.jxta.impl.peergroup.GenericPeerGroup.init()
Line 312 net.jxta.peergroup.WorldPeerGroupFactory.newWorldPeerGroup()
Line 182 net.jxta.peergroup.WorldPeerGroupFactory.<init>()
Line 203 net.jxta.peergroup.NetPeerGroupFactory.<init>()
Line 408 net.jxta.platform.NetworkManager.startNetwork()
Line 65 network.impl.jxta.JxtaNode.start()
Line 44 network.impl.jxta.JxtaPeer.start()
Line 44 network.impl.advertisement.ItemAdvertisementTest.setUpClass()
Line -2 sun.reflect.NativeMethodAccessorImpl.invoke0()
Line 62 sun.reflect.NativeMethodAccessorImpl.invoke()
Line 43 sun.reflect.DelegatingMethodAccessorImpl.invoke()
Line 498 java.lang.reflect.Method.invoke()
Line 50 org.junit.runners.model.FrameworkMethod$1.runReflectiveCall()
Line 12 org.junit.internal.runners.model.ReflectiveCallable.run()
Line 47 org.junit.runners.model.FrameworkMethod.invokeExplosively()
Line 24 org.junit.internal.runners.statements.RunBefores.evaluate()
Line 27 org.junit.internal.runners.statements.RunAfters.evaluate()
Line 363 org.junit.runners.ParentRunner.run()
Line 114 org.gradle.api.internal.tasks.testing.junit.JUnitTestClassExecuter.runTestClass()
Line 57 org.gradle.api.internal.tasks.testing.junit.JUnitTestClassExecuter.execute()
Line 66 org.gradle.api.internal.tasks.testing.junit.JUnitTestClassProcessor.processTestClass()
Line 51 org.gradle.api.internal.tasks.testing.SuiteTestClassProcessor.processTestClass()
Line -1 sun.reflect.GeneratedMethodAccessor11.invoke()
Line 43 sun.reflect.DelegatingMethodAccessorImpl.invoke()
Line 498 java.lang.reflect.Method.invoke()
Line 35 org.gradle.internal.dispatch.ReflectionDispatch.dispatch()
Line 24 org.gradle.internal.dispatch.ReflectionDispatch.dispatch()
Line 32 org.gradle.internal.dispatch.ContextClassLoaderDispatch.dispatch()
Line 93 org.gradle.internal.dispatch.ProxyDispatchAdapter$DispatchingInvocationHandler.invoke()
Line -1 com.sun.proxy.$Proxy2.processTestClass()
Line 109 org.gradle.api.internal.tasks.testing.worker.TestWorker.processTestClass()
Line -1 sun.reflect.GeneratedMethodAccessor10.invoke()
Line 43 sun.reflect.DelegatingMethodAccessorImpl.invoke()
Line 498 java.lang.reflect.Method.invoke()
Line 35 org.gradle.internal.dispatch.ReflectionDispatch.dispatch()
Line 24 org.gradle.internal.dispatch.ReflectionDispatch.dispatch()
Line 377 org.gradle.internal.remote.internal.hub.MessageHub$Handler.run()
Line 54 org.gradle.internal.concurrent.ExecutorPolicy$CatchAndRecordFailures.onExecute()
Line 40 org.gradle.internal.concurrent.StoppableExecutorImpl$1.run()
Line 1149 java.util.concurrent.ThreadPoolExecutor.runWorker()
Line 624 java.util.concurrent.ThreadPoolExecutor$Worker.run()
Line 748 java.lang.Thread.run()

Nov 15, 2017 2:33:24 PM net.jxta.logging.Logging logCheckedSevere
SEVERE: Line 1421 net.jxta.impl.rendezvous.rpv.PeerView.rescheduleKick()
Cannot set timer. RPV will not work.
java.util.concurrent.RejectedExecutionException: Task java.util.concurrent.ScheduledThreadPoolExecutor$ScheduledFutureTask@405ad7f0 rejected from java.util.concurrent.ScheduledThreadPoolExecutor@4ca16e7c[Terminated, pool size = 0, active threads = 0, queued tasks = 0, completed tasks = 52]
Line 2063 java.util.concurrent.ThreadPoolExecutor$AbortPolicy.rejectedExecution()
Line 830 java.util.concurrent.ThreadPoolExecutor.reject()
Line 326 java.util.concurrent.ScheduledThreadPoolExecutor.delayedExecute()
Line 533 java.util.concurrent.ScheduledThreadPoolExecutor.schedule()
Line 729 java.util.concurrent.Executors$DelegatedScheduledExecutorService.schedule()
Line 124 net.jxta.impl.util.threads.ProxiedScheduledExecutorService.schedule()
Line 930 net.jxta.impl.rendezvous.rpv.PeerView.addTask()
Line 1417 net.jxta.impl.rendezvous.rpv.PeerView.rescheduleKick()
Line 1303 net.jxta.impl.rendezvous.rpv.PeerView.notifyFailure()
Line 380 net.jxta.impl.rendezvous.rpv.PeerViewElement.getCachedMessenger()
Line 292 net.jxta.impl.rendezvous.rpv.PeerViewElement.sendMessage()
Line 1101 net.jxta.impl.rendezvous.rpv.PeerView.send()
Line 740 net.jxta.impl.rendezvous.rpv.PeerView.handlePeerViewMessage()
Line 666 net.jxta.impl.rendezvous.rpv.PeerView.processIncomingMessage()
Line 1024 net.jxta.impl.endpoint.EndpointServiceImpl.processIncomingMessage()
Line 767 net.jxta.impl.endpoint.mcast.McastTransport.processMulticast()
Line 890 net.jxta.impl.endpoint.mcast.McastTransport$DatagramProcessor.run()
Line 17 net.jxta.impl.util.threads.RunnableAsCallableWrapper.call()
Line 50 net.jxta.impl.util.threads.RunMetricsWrapper.call()
Line 34 net.jxta.impl.util.threads.QueueTimeRunMetricsWrapper.call()
Line 93 net.jxta.impl.util.threads.RunMetricsWrapper.run()
Line 9 net.jxta.impl.util.threads.QueueTimeRunMetricsWrapper.run()
Line 1149 java.util.concurrent.ThreadPoolExecutor.runWorker()
Line 624 java.util.concurrent.ThreadPoolExecutor$Worker.run()
Line 748 java.lang.Thread.run()

Nov 15, 2017 2:33:24 PM net.jxta.logging.Logging logCheckedSevere
SEVERE: Line 1421 net.jxta.impl.rendezvous.rpv.PeerView.rescheduleKick()
Cannot set timer. RPV will not work.
java.util.concurrent.RejectedExecutionException: Task java.util.concurrent.ScheduledThreadPoolExecutor$ScheduledFutureTask@7d65d2ef rejected from java.util.concurrent.ScheduledThreadPoolExecutor@7a35cad3[Terminated, pool size = 0, active threads = 0, queued tasks = 0, completed tasks = 3]
Line 2063 java.util.concurrent.ThreadPoolExecutor$AbortPolicy.rejectedExecution()
Line 830 java.util.concurrent.ThreadPoolExecutor.reject()
Line 326 java.util.concurrent.ScheduledThreadPoolExecutor.delayedExecute()
Line 533 java.util.concurrent.ScheduledThreadPoolExecutor.schedule()
Line 729 java.util.concurrent.Executors$DelegatedScheduledExecutorService.schedule()
Line 124 net.jxta.impl.util.threads.ProxiedScheduledExecutorService.schedule()
Line 930 net.jxta.impl.rendezvous.rpv.PeerView.addTask()
Line 1417 net.jxta.impl.rendezvous.rpv.PeerView.rescheduleKick()
Line 1303 net.jxta.impl.rendezvous.rpv.PeerView.notifyFailure()
Line 380 net.jxta.impl.rendezvous.rpv.PeerViewElement.getCachedMessenger()
Line 292 net.jxta.impl.rendezvous.rpv.PeerViewElement.sendMessage()
Line 1101 net.jxta.impl.rendezvous.rpv.PeerView.send()
Line 740 net.jxta.impl.rendezvous.rpv.PeerView.handlePeerViewMessage()
Line 666 net.jxta.impl.rendezvous.rpv.PeerView.processIncomingMessage()
Line 1024 net.jxta.impl.endpoint.EndpointServiceImpl.processIncomingMessage()
Line 767 net.jxta.impl.endpoint.mcast.McastTransport.processMulticast()
Line 890 net.jxta.impl.endpoint.mcast.McastTransport$DatagramProcessor.run()
Line 17 net.jxta.impl.util.threads.RunnableAsCallableWrapper.call()
Line 50 net.jxta.impl.util.threads.RunMetricsWrapper.call()
Line 34 net.jxta.impl.util.threads.QueueTimeRunMetricsWrapper.call()
Line 93 net.jxta.impl.util.threads.RunMetricsWrapper.run()
Line 9 net.jxta.impl.util.threads.QueueTimeRunMetricsWrapper.run()
Line 1149 java.util.concurrent.ThreadPoolExecutor.runWorker()
Line 624 java.util.concurrent.ThreadPoolExecutor$Worker.run()
Line 748 java.lang.Thread.run()

Nov 15, 2017 2:33:24 PM net.jxta.logging.Logging logCheckedSevere
SEVERE: Line 1421 net.jxta.impl.rendezvous.rpv.PeerView.rescheduleKick()
Cannot set timer. RPV will not work.
java.util.concurrent.RejectedExecutionException: Task java.util.concurrent.ScheduledThreadPoolExecutor$ScheduledFutureTask@5c31d827 rejected from java.util.concurrent.ScheduledThreadPoolExecutor@2f00bd24[Terminated, pool size = 0, active threads = 0, queued tasks = 0, completed tasks = 2]
Line 2063 java.util.concurrent.ThreadPoolExecutor$AbortPolicy.rejectedExecution()
Line 830 java.util.concurrent.ThreadPoolExecutor.reject()
Line 326 java.util.concurrent.ScheduledThreadPoolExecutor.delayedExecute()
Line 533 java.util.concurrent.ScheduledThreadPoolExecutor.schedule()
Line 729 java.util.concurrent.Executors$DelegatedScheduledExecutorService.schedule()
Line 124 net.jxta.impl.util.threads.ProxiedScheduledExecutorService.schedule()
Line 930 net.jxta.impl.rendezvous.rpv.PeerView.addTask()
Line 1417 net.jxta.impl.rendezvous.rpv.PeerView.rescheduleKick()
Line 1303 net.jxta.impl.rendezvous.rpv.PeerView.notifyFailure()
Line 380 net.jxta.impl.rendezvous.rpv.PeerViewElement.getCachedMessenger()
Line 292 net.jxta.impl.rendezvous.rpv.PeerViewElement.sendMessage()
Line 1101 net.jxta.impl.rendezvous.rpv.PeerView.send()
Line 740 net.jxta.impl.rendezvous.rpv.PeerView.handlePeerViewMessage()
Line 666 net.jxta.impl.rendezvous.rpv.PeerView.processIncomingMessage()
Line 1024 net.jxta.impl.endpoint.EndpointServiceImpl.processIncomingMessage()
Line 767 net.jxta.impl.endpoint.mcast.McastTransport.processMulticast()
Line 890 net.jxta.impl.endpoint.mcast.McastTransport$DatagramProcessor.run()
Line 17 net.jxta.impl.util.threads.RunnableAsCallableWrapper.call()
Line 50 net.jxta.impl.util.threads.RunMetricsWrapper.call()
Line 34 net.jxta.impl.util.threads.QueueTimeRunMetricsWrapper.call()
Line 93 net.jxta.impl.util.threads.RunMetricsWrapper.run()
Line 9 net.jxta.impl.util.threads.QueueTimeRunMetricsWrapper.run()
Line 1149 java.util.concurrent.ThreadPoolExecutor.runWorker()
Line 624 java.util.concurrent.ThreadPoolExecutor$Worker.run()
Line 748 java.lang.Thread.run()

Nov 15, 2017 2:33:24 PM net.jxta.logging.Logging logCheckedSevere
SEVERE: Line 1421 net.jxta.impl.rendezvous.rpv.PeerView.rescheduleKick()
Cannot set timer. RPV will not work.
java.util.concurrent.RejectedExecutionException: Task java.util.concurrent.ScheduledThreadPoolExecutor$ScheduledFutureTask@7635bfc8 rejected from java.util.concurrent.ScheduledThreadPoolExecutor@1452633[Terminated, pool size = 0, active threads = 0, queued tasks = 0, completed tasks = 43]
Line 2063 java.util.concurrent.ThreadPoolExecutor$AbortPolicy.rejectedExecution()
Line 830 java.util.concurrent.ThreadPoolExecutor.reject()
Line 326 java.util.concurrent.ScheduledThreadPoolExecutor.delayedExecute()
Line 533 java.util.concurrent.ScheduledThreadPoolExecutor.schedule()
Line 729 java.util.concurrent.Executors$DelegatedScheduledExecutorService.schedule()
Line 124 net.jxta.impl.util.threads.ProxiedScheduledExecutorService.schedule()
Line 930 net.jxta.impl.rendezvous.rpv.PeerView.addTask()
Line 1417 net.jxta.impl.rendezvous.rpv.PeerView.rescheduleKick()
Line 1303 net.jxta.impl.rendezvous.rpv.PeerView.notifyFailure()
Line 380 net.jxta.impl.rendezvous.rpv.PeerViewElement.getCachedMessenger()
Line 292 net.jxta.impl.rendezvous.rpv.PeerViewElement.sendMessage()
Line 1101 net.jxta.impl.rendezvous.rpv.PeerView.send()
Line 740 net.jxta.impl.rendezvous.rpv.PeerView.handlePeerViewMessage()
Line 666 net.jxta.impl.rendezvous.rpv.PeerView.processIncomingMessage()
Line 1024 net.jxta.impl.endpoint.EndpointServiceImpl.processIncomingMessage()
Line 767 net.jxta.impl.endpoint.mcast.McastTransport.processMulticast()
Line 890 net.jxta.impl.endpoint.mcast.McastTransport$DatagramProcessor.run()
Line 17 net.jxta.impl.util.threads.RunnableAsCallableWrapper.call()
Line 50 net.jxta.impl.util.threads.RunMetricsWrapper.call()
Line 34 net.jxta.impl.util.threads.QueueTimeRunMetricsWrapper.call()
Line 93 net.jxta.impl.util.threads.RunMetricsWrapper.run()
Line 9 net.jxta.impl.util.threads.QueueTimeRunMetricsWrapper.run()
Line 1149 java.util.concurrent.ThreadPoolExecutor.runWorker()
Line 624 java.util.concurrent.ThreadPoolExecutor$Worker.run()
Line 748 java.lang.Thread.run()

Nov 15, 2017 2:33:24 PM net.jxta.logging.Logging logCheckedSevere
SEVERE: Line 1421 net.jxta.impl.rendezvous.rpv.PeerView.rescheduleKick()
Cannot set timer. RPV will not work.
java.util.concurrent.RejectedExecutionException: Task java.util.concurrent.ScheduledThreadPoolExecutor$ScheduledFutureTask@2ec5f713 rejected from java.util.concurrent.ScheduledThreadPoolExecutor@5f9163a7[Terminated, pool size = 0, active threads = 0, queued tasks = 0, completed tasks = 3]
Line 2063 java.util.concurrent.ThreadPoolExecutor$AbortPolicy.rejectedExecution()
Line 830 java.util.concurrent.ThreadPoolExecutor.reject()
Line 326 java.util.concurrent.ScheduledThreadPoolExecutor.delayedExecute()
Line 533 java.util.concurrent.ScheduledThreadPoolExecutor.schedule()
Line 729 java.util.concurrent.Executors$DelegatedScheduledExecutorService.schedule()
Line 124 net.jxta.impl.util.threads.ProxiedScheduledExecutorService.schedule()
Line 930 net.jxta.impl.rendezvous.rpv.PeerView.addTask()
Line 1417 net.jxta.impl.rendezvous.rpv.PeerView.rescheduleKick()
Line 1303 net.jxta.impl.rendezvous.rpv.PeerView.notifyFailure()
Line 380 net.jxta.impl.rendezvous.rpv.PeerViewElement.getCachedMessenger()
Line 292 net.jxta.impl.rendezvous.rpv.PeerViewElement.sendMessage()
Line 1101 net.jxta.impl.rendezvous.rpv.PeerView.send()
Line 740 net.jxta.impl.rendezvous.rpv.PeerView.handlePeerViewMessage()
Line 666 net.jxta.impl.rendezvous.rpv.PeerView.processIncomingMessage()
Line 1024 net.jxta.impl.endpoint.EndpointServiceImpl.processIncomingMessage()
Line 767 net.jxta.impl.endpoint.mcast.McastTransport.processMulticast()
Line 890 net.jxta.impl.endpoint.mcast.McastTransport$DatagramProcessor.run()
Line 17 net.jxta.impl.util.threads.RunnableAsCallableWrapper.call()
Line 50 net.jxta.impl.util.threads.RunMetricsWrapper.call()
Line 34 net.jxta.impl.util.threads.QueueTimeRunMetricsWrapper.call()
Line 93 net.jxta.impl.util.threads.RunMetricsWrapper.run()
Line 9 net.jxta.impl.util.threads.QueueTimeRunMetricsWrapper.run()
Line 1149 java.util.concurrent.ThreadPoolExecutor.runWorker()
Line 624 java.util.concurrent.ThreadPoolExecutor$Worker.run()
Line 748 java.lang.Thread.run()

Nov 15, 2017 2:33:24 PM net.jxta.logging.Logging logCheckedSevere
SEVERE: Line 1421 net.jxta.impl.rendezvous.rpv.PeerView.rescheduleKick()
Cannot set timer. RPV will not work.
java.util.concurrent.RejectedExecutionException: Task java.util.concurrent.ScheduledThreadPoolExecutor$ScheduledFutureTask@292c5d74 rejected from java.util.concurrent.ScheduledThreadPoolExecutor@709fab4[Terminated, pool size = 0, active threads = 0, queued tasks = 0, completed tasks = 2]
Line 2063 java.util.concurrent.ThreadPoolExecutor$AbortPolicy.rejectedExecution()
Line 830 java.util.concurrent.ThreadPoolExecutor.reject()
Line 326 java.util.concurrent.ScheduledThreadPoolExecutor.delayedExecute()
Line 533 java.util.concurrent.ScheduledThreadPoolExecutor.schedule()
Line 729 java.util.concurrent.Executors$DelegatedScheduledExecutorService.schedule()
Line 124 net.jxta.impl.util.threads.ProxiedScheduledExecutorService.schedule()
Line 930 net.jxta.impl.rendezvous.rpv.PeerView.addTask()
Line 1417 net.jxta.impl.rendezvous.rpv.PeerView.rescheduleKick()
Line 1303 net.jxta.impl.rendezvous.rpv.PeerView.notifyFailure()
Line 380 net.jxta.impl.rendezvous.rpv.PeerViewElement.getCachedMessenger()
Line 292 net.jxta.impl.rendezvous.rpv.PeerViewElement.sendMessage()
Line 1101 net.jxta.impl.rendezvous.rpv.PeerView.send()
Line 740 net.jxta.impl.rendezvous.rpv.PeerView.handlePeerViewMessage()
Line 666 net.jxta.impl.rendezvous.rpv.PeerView.processIncomingMessage()
Line 1024 net.jxta.impl.endpoint.EndpointServiceImpl.processIncomingMessage()
Line 767 net.jxta.impl.endpoint.mcast.McastTransport.processMulticast()
Line 890 net.jxta.impl.endpoint.mcast.McastTransport$DatagramProcessor.run()
Line 17 net.jxta.impl.util.threads.RunnableAsCallableWrapper.call()
Line 50 net.jxta.impl.util.threads.RunMetricsWrapper.call()
Line 34 net.jxta.impl.util.threads.QueueTimeRunMetricsWrapper.call()
Line 93 net.jxta.impl.util.threads.RunMetricsWrapper.run()
Line 9 net.jxta.impl.util.threads.QueueTimeRunMetricsWrapper.run()
Line 1149 java.util.concurrent.ThreadPoolExecutor.runWorker()
Line 624 java.util.concurrent.ThreadPoolExecutor$Worker.run()
Line 748 java.lang.Thread.run()

Nov 15, 2017 2:33:24 PM net.jxta.logging.Logging logCheckedSevere
SEVERE: Line 1421 net.jxta.impl.rendezvous.rpv.PeerView.rescheduleKick()
Cannot set timer. RPV will not work.
java.util.concurrent.RejectedExecutionException: Task java.util.concurrent.ScheduledThreadPoolExecutor$ScheduledFutureTask@a5385b1 rejected from java.util.concurrent.ScheduledThreadPoolExecutor@4ca16e7c[Terminated, pool size = 0, active threads = 0, queued tasks = 0, completed tasks = 52]
Line 2063 java.util.concurrent.ThreadPoolExecutor$AbortPolicy.rejectedExecution()
Line 830 java.util.concurrent.ThreadPoolExecutor.reject()
Line 326 java.util.concurrent.ScheduledThreadPoolExecutor.delayedExecute()
Line 533 java.util.concurrent.ScheduledThreadPoolExecutor.schedule()
Line 729 java.util.concurrent.Executors$DelegatedScheduledExecutorService.schedule()
Line 124 net.jxta.impl.util.threads.ProxiedScheduledExecutorService.schedule()
Line 930 net.jxta.impl.rendezvous.rpv.PeerView.addTask()
Line 1417 net.jxta.impl.rendezvous.rpv.PeerView.rescheduleKick()
Line 1303 net.jxta.impl.rendezvous.rpv.PeerView.notifyFailure()
Line 380 net.jxta.impl.rendezvous.rpv.PeerViewElement.getCachedMessenger()
Line 292 net.jxta.impl.rendezvous.rpv.PeerViewElement.sendMessage()
Line 1101 net.jxta.impl.rendezvous.rpv.PeerView.send()
Line 740 net.jxta.impl.rendezvous.rpv.PeerView.handlePeerViewMessage()
Line 666 net.jxta.impl.rendezvous.rpv.PeerView.processIncomingMessage()
Line 1024 net.jxta.impl.endpoint.EndpointServiceImpl.processIncomingMessage()
Line 767 net.jxta.impl.endpoint.mcast.McastTransport.processMulticast()
Line 890 net.jxta.impl.endpoint.mcast.McastTransport$DatagramProcessor.run()
Line 17 net.jxta.impl.util.threads.RunnableAsCallableWrapper.call()
Line 50 net.jxta.impl.util.threads.RunMetricsWrapper.call()
Line 34 net.jxta.impl.util.threads.QueueTimeRunMetricsWrapper.call()
Line 93 net.jxta.impl.util.threads.RunMetricsWrapper.run()
Line 9 net.jxta.impl.util.threads.QueueTimeRunMetricsWrapper.run()
Line 1149 java.util.concurrent.ThreadPoolExecutor.runWorker()
Line 624 java.util.concurrent.ThreadPoolExecutor$Worker.run()
Line 748 java.lang.Thread.run()

Nov 15, 2017 2:33:24 PM net.jxta.logging.Logging logCheckedSevere
SEVERE: Line 1421 net.jxta.impl.rendezvous.rpv.PeerView.rescheduleKick()
Cannot set timer. RPV will not work.
java.util.concurrent.RejectedExecutionException: Task java.util.concurrent.ScheduledThreadPoolExecutor$ScheduledFutureTask@7f66c528 rejected from java.util.concurrent.ScheduledThreadPoolExecutor@1452633[Terminated, pool size = 0, active threads = 0, queued tasks = 0, completed tasks = 43]
Line 2063 java.util.concurrent.ThreadPoolExecutor$AbortPolicy.rejectedExecution()
Line 830 java.util.concurrent.ThreadPoolExecutor.reject()
Line 326 java.util.concurrent.ScheduledThreadPoolExecutor.delayedExecute()
Line 533 java.util.concurrent.ScheduledThreadPoolExecutor.schedule()
Line 729 java.util.concurrent.Executors$DelegatedScheduledExecutorService.schedule()
Line 124 net.jxta.impl.util.threads.ProxiedScheduledExecutorService.schedule()
Line 930 net.jxta.impl.rendezvous.rpv.PeerView.addTask()
Line 1417 net.jxta.impl.rendezvous.rpv.PeerView.rescheduleKick()
Line 1303 net.jxta.impl.rendezvous.rpv.PeerView.notifyFailure()
Line 380 net.jxta.impl.rendezvous.rpv.PeerViewElement.getCachedMessenger()
Line 292 net.jxta.impl.rendezvous.rpv.PeerViewElement.sendMessage()
Line 1101 net.jxta.impl.rendezvous.rpv.PeerView.send()
Line 740 net.jxta.impl.rendezvous.rpv.PeerView.handlePeerViewMessage()
Line 666 net.jxta.impl.rendezvous.rpv.PeerView.processIncomingMessage()
Line 1024 net.jxta.impl.endpoint.EndpointServiceImpl.processIncomingMessage()
Line 767 net.jxta.impl.endpoint.mcast.McastTransport.processMulticast()
Line 890 net.jxta.impl.endpoint.mcast.McastTransport$DatagramProcessor.run()
Line 17 net.jxta.impl.util.threads.RunnableAsCallableWrapper.call()
Line 50 net.jxta.impl.util.threads.RunMetricsWrapper.call()
Line 34 net.jxta.impl.util.threads.QueueTimeRunMetricsWrapper.call()
Line 93 net.jxta.impl.util.threads.RunMetricsWrapper.run()
Line 9 net.jxta.impl.util.threads.QueueTimeRunMetricsWrapper.run()
Line 1149 java.util.concurrent.ThreadPoolExecutor.runWorker()
Line 624 java.util.concurrent.ThreadPoolExecutor$Worker.run()
Line 748 java.lang.Thread.run()

Nov 15, 2017 2:33:24 PM net.jxta.logging.Logging logCheckedSevere
SEVERE: Line 1421 net.jxta.impl.rendezvous.rpv.PeerView.rescheduleKick()
Cannot set timer. RPV will not work.
java.util.concurrent.RejectedExecutionException: Task java.util.concurrent.ScheduledThreadPoolExecutor$ScheduledFutureTask@67a22f9e rejected from java.util.concurrent.ScheduledThreadPoolExecutor@1452633[Terminated, pool size = 0, active threads = 0, queued tasks = 0, completed tasks = 43]
Line 2063 java.util.concurrent.ThreadPoolExecutor$AbortPolicy.rejectedExecution()
Line 830 java.util.concurrent.ThreadPoolExecutor.reject()
Line 326 java.util.concurrent.ScheduledThreadPoolExecutor.delayedExecute()
Line 533 java.util.concurrent.ScheduledThreadPoolExecutor.schedule()
Line 729 java.util.concurrent.Executors$DelegatedScheduledExecutorService.schedule()
Line 124 net.jxta.impl.util.threads.ProxiedScheduledExecutorService.schedule()
Line 930 net.jxta.impl.rendezvous.rpv.PeerView.addTask()
Line 1417 net.jxta.impl.rendezvous.rpv.PeerView.rescheduleKick()
Line 1303 net.jxta.impl.rendezvous.rpv.PeerView.notifyFailure()
Line 380 net.jxta.impl.rendezvous.rpv.PeerViewElement.getCachedMessenger()
Line 292 net.jxta.impl.rendezvous.rpv.PeerViewElement.sendMessage()
Line 1101 net.jxta.impl.rendezvous.rpv.PeerView.send()
Line 740 net.jxta.impl.rendezvous.rpv.PeerView.handlePeerViewMessage()
Line 666 net.jxta.impl.rendezvous.rpv.PeerView.processIncomingMessage()
Line 1024 net.jxta.impl.endpoint.EndpointServiceImpl.processIncomingMessage()
Line 767 net.jxta.impl.endpoint.mcast.McastTransport.processMulticast()
Line 890 net.jxta.impl.endpoint.mcast.McastTransport$DatagramProcessor.run()
Line 17 net.jxta.impl.util.threads.RunnableAsCallableWrapper.call()
Line 50 net.jxta.impl.util.threads.RunMetricsWrapper.call()
Line 34 net.jxta.impl.util.threads.QueueTimeRunMetricsWrapper.call()
Line 93 net.jxta.impl.util.threads.RunMetricsWrapper.run()
Line 9 net.jxta.impl.util.threads.QueueTimeRunMetricsWrapper.run()
Line 1149 java.util.concurrent.ThreadPoolExecutor.runWorker()
Line 624 java.util.concurrent.ThreadPoolExecutor$Worker.run()
Line 748 java.lang.Thread.run()

Nov 15, 2017 2:33:24 PM net.jxta.logging.Logging logCheckedSevere
SEVERE: Line 1421 net.jxta.impl.rendezvous.rpv.PeerView.rescheduleKick()
Cannot set timer. RPV will not work.
java.util.concurrent.RejectedExecutionException: Task java.util.concurrent.ScheduledThreadPoolExecutor$ScheduledFutureTask@50f59074 rejected from java.util.concurrent.ScheduledThreadPoolExecutor@4ca16e7c[Terminated, pool size = 0, active threads = 0, queued tasks = 0, completed tasks = 52]
Line 2063 java.util.concurrent.ThreadPoolExecutor$AbortPolicy.rejectedExecution()
Line 830 java.util.concurrent.ThreadPoolExecutor.reject()
Line 326 java.util.concurrent.ScheduledThreadPoolExecutor.delayedExecute()
Line 533 java.util.concurrent.ScheduledThreadPoolExecutor.schedule()
Line 729 java.util.concurrent.Executors$DelegatedScheduledExecutorService.schedule()
Line 124 net.jxta.impl.util.threads.ProxiedScheduledExecutorService.schedule()
Line 930 net.jxta.impl.rendezvous.rpv.PeerView.addTask()
Line 1417 net.jxta.impl.rendezvous.rpv.PeerView.rescheduleKick()
Line 1303 net.jxta.impl.rendezvous.rpv.PeerView.notifyFailure()
Line 380 net.jxta.impl.rendezvous.rpv.PeerViewElement.getCachedMessenger()
Line 292 net.jxta.impl.rendezvous.rpv.PeerViewElement.sendMessage()
[...]
Line 767 net.jxta.impl.endpoint.mcast.McastTransport.processMulticast()
Line 890 net.jxta.impl.endpoint.mcast.McastTransport$DatagramProcessor.run()
Line 17 net.jxta.impl.util.threads.RunnableAsCallableWrapper.call()
Line 50 net.jxta.impl.util.threads.RunMetricsWrapper.call()
Line 34 net.jxta.impl.util.threads.QueueTimeRunMetricsWrapper.call()
Line 93 net.jxta.impl.util.threads.RunMetricsWrapper.run()
Line 9 net.jxta.impl.util.threads.QueueTimeRunMetricsWrapper.run()
Line 1149 java.util.concurrent.ThreadPoolExecutor.runWorker()
Line 624 java.util.concurrent.ThreadPoolExecutor$Worker.run()
Line 748 java.lang.Thread.run()

Nov 15, 2017 2:33:25 PM net.jxta.logging.Logging logCheckedSevere
SEVERE: Line 1421 net.jxta.impl.rendezvous.rpv.PeerView.rescheduleKick()
Cannot set timer. RPV will not work.
java.util.concurrent.RejectedExecutionException: Task java.util.concurrent.ScheduledThreadPoolExecutor$ScheduledFutureTask@7e77107 rejected from java.util.concurrent.ScheduledThreadPoolExecutor@5f9163a7[Terminated, pool size = 0, active threads = 0, queued tasks = 0, completed tasks = 3]
Line 2063 java.util.concurrent.ThreadPoolExecutor$AbortPolicy.rejectedExecution()
Line 830 java.util.concurrent.ThreadPoolExecutor.reject()
Line 326 java.util.concurrent.ScheduledThreadPoolExecutor.delayedExecute()
Line 533 java.util.concurrent.ScheduledThreadPoolExecutor.schedule()
Line 729 java.util.concurrent.Executors$DelegatedScheduledExecutorService.schedule()
Line 124 net.jxta.impl.util.threads.ProxiedScheduledExecutorService.schedule()
Line 930 net.jxta.impl.rendezvous.rpv.PeerView.addTask()
Line 1417 net.jxta.impl.rendezvous.rpv.PeerView.rescheduleKick()
Line 1303 net.jxta.impl.rendezvous.rpv.PeerView.notifyFailure()
Line 380 net.jxta.impl.rendezvous.rpv.PeerViewElement.getCachedMessenger()
Line 292 net.jxta.impl.rendezvous.rpv.PeerViewElement.sendMessage()
Line 1101 net.jxta.impl.rendezvous.rpv.PeerView.send()
Line 740 net.jxta.impl.rendezvous.rpv.PeerView.handlePeerViewMessage()
Line 666 net.jxta.impl.rendezvous.rpv.PeerView.processIncomingMessage()
Line 1024 net.jxta.impl.endpoint.EndpointServiceImpl.processIncomingMessage()
Line 767 net.jxta.impl.endpoint.mcast.McastTransport.processMulticast()
Line 890 net.jxta.impl.endpoint.mcast.McastTransport$DatagramProcessor.run()
Line 17 net.jxta.impl.util.threads.RunnableAsCallableWrapper.call()
Line 50 net.jxta.impl.util.threads.RunMetricsWrapper.call()
Line 34 net.jxta.impl.util.threads.QueueTimeRunMetricsWrapper.call()
Line 93 net.jxta.impl.util.threads.RunMetricsWrapper.run()
Line 9 net.jxta.impl.util.threads.QueueTimeRunMetricsWrapper.run()
Line 1149 java.util.concurrent.ThreadPoolExecutor.runWorker()
Line 624 java.util.concurrent.ThreadPoolExecutor$Worker.run()
Line 748 java.lang.Thread.run()

Nov 15, 2017 2:33:25 PM net.jxta.logging.Logging logCheckedSevere
SEVERE: Line 1421 net.jxta.impl.rendezvous.rpv.PeerView.rescheduleKick()
Cannot set timer. RPV will not work.
java.util.concurrent.RejectedExecutionException: Task java.util.concurrent.ScheduledThreadPoolExecutor$ScheduledFutureTask@390f7d49 rejected from java.util.concurrent.ScheduledThreadPoolExecutor@4ca16e7c[Terminated, pool size = 0, active threads = 0, queued tasks = 0, completed tasks = 52]
Line 2063 java.util.concurrent.ThreadPoolExecutor$AbortPolicy.rejectedExecution()
Line 830 java.util.concurrent.ThreadPoolExecutor.reject()
Line 326 java.util.concurrent.ScheduledThreadPoolExecutor.delayedExecute()
Line 533 java.util.concurrent.ScheduledThreadPoolExecutor.schedule()
Line 729 java.util.concurrent.Executors$DelegatedScheduledExecutorService.schedule()
Line 124 net.jxta.impl.util.threads.ProxiedScheduledExecutorService.schedule()
Line 930 net.jxta.impl.rendezvous.rpv.PeerView.addTask()
Line 1417 net.jxta.impl.rendezvous.rpv.PeerView.rescheduleKick()
Line 1303 net.jxta.impl.rendezvous.rpv.PeerView.notifyFailure()
Line 380 net.jxta.impl.rendezvous.rpv.PeerViewElement.getCachedMessenger()
Line 292 net.jxta.impl.rendezvous.rpv.PeerViewElement.sendMessage()
Line 1101 net.jxta.impl.rendezvous.rpv.PeerView.send()
Line 740 net.jxta.impl.rendezvous.rpv.PeerView.handlePeerViewMessage()
Line 666 net.jxta.impl.rendezvous.rpv.PeerView.processIncomingMessage()
Line 1024 net.jxta.impl.endpoint.EndpointServiceImpl.processIncomingMessage()
Line 767 net.jxta.impl.endpoint.mcast.McastTransport.processMulticast()
Line 890 net.jxta.impl.endpoint.mcast.McastTransport$DatagramProcessor.run()
Line 17 net.jxta.impl.util.threads.RunnableAsCallableWrapper.call()
Line 50 net.jxta.impl.util.threads.RunMetricsWrapper.call()
Line 34 net.jxta.impl.util.threads.QueueTimeRunMetricsWrapper.call()
Line 93 net.jxta.impl.util.threads.RunMetricsWrapper.run()
Line 9 net.jxta.impl.util.threads.QueueTimeRunMetricsWrapper.run()
Line 1149 java.util.concurrent.ThreadPoolExecutor.runWorker()
Line 624 java.util.concurrent.ThreadPoolExecutor$Worker.run()
Line 748 java.lang.Thread.run()

Nov 15, 2017 2:33:25 PM net.jxta.logging.Logging logCheckedSevere
SEVERE: Line 1421 net.jxta.impl.rendezvous.rpv.PeerView.rescheduleKick()
Cannot set timer. RPV will not work.
java.util.concurrent.RejectedExecutionException: Task java.util.concurrent.ScheduledThreadPoolExecutor$ScheduledFutureTask@c94fe8d rejected from java.util.concurrent.ScheduledThreadPoolExecutor@1452633[Terminated, pool size = 0, active threads = 0, queued tasks = 0, completed tasks = 43]
Line 2063 java.util.concurrent.ThreadPoolExecutor$AbortPolicy.rejectedExecution()
Line 830 java.util.concurrent.ThreadPoolExecutor.reject()
Line 326 java.util.concurrent.ScheduledThreadPoolExecutor.delayedExecute()
Line 533 java.util.concurrent.ScheduledThreadPoolExecutor.schedule()
Line 729 java.util.concurrent.Executors$DelegatedScheduledExecutorService.schedule()
Line 124 net.jxta.impl.util.threads.ProxiedScheduledExecutorService.schedule()
Line 930 net.jxta.impl.rendezvous.rpv.PeerView.addTask()
Line 1417 net.jxta.impl.rendezvous.rpv.PeerView.rescheduleKick()
Line 1303 net.jxta.impl.rendezvous.rpv.PeerView.notifyFailure()
Line 380 net.jxta.impl.rendezvous.rpv.PeerViewElement.getCachedMessenger()
Line 292 net.jxta.impl.rendezvous.rpv.PeerViewElement.sendMessage()
Line 1101 net.jxta.impl.rendezvous.rpv.PeerView.send()
Line 740 net.jxta.impl.rendezvous.rpv.PeerView.handlePeerViewMessage()
Line 666 net.jxta.impl.rendezvous.rpv.PeerView.processIncomingMessage()
Line 1024 net.jxta.impl.endpoint.EndpointServiceImpl.processIncomingMessage()
Line 767 net.jxta.impl.endpoint.mcast.McastTransport.processMulticast()
Line 890 net.jxta.impl.endpoint.mcast.McastTransport$DatagramProcessor.run()
Line 17 net.jxta.impl.util.threads.RunnableAsCallableWrapper.call()
Line 50 net.jxta.impl.util.threads.RunMetricsWrapper.call()
Line 34 net.jxta.impl.util.threads.QueueTimeRunMetricsWrapper.call()
Line 93 net.jxta.impl.util.threads.RunMetricsWrapper.run()
Line 9 net.jxta.impl.util.threads.QueueTimeRunMetricsWrapper.run()
Line 1149 java.util.concurrent.ThreadPoolExecutor.runWorker()
Line 624 java.util.concurrent.ThreadPoolExecutor$Worker.run()
Line 748 java.lang.Thread.run()

Nov 15, 2017 2:33:25 PM net.jxta.logging.Logging logCheckedSevere
SEVERE: Line 1421 net.jxta.impl.rendezvous.rpv.PeerView.rescheduleKick()
Cannot set timer. RPV will not work.
java.util.concurrent.RejectedExecutionException: Task java.util.concurrent.ScheduledThreadPoolExecutor$ScheduledFutureTask@612348d0 rejected from java.util.concurrent.ScheduledThreadPoolExecutor@4ca16e7c[Terminated, pool size = 0, active threads = 0, queued tasks = 0, completed tasks = 52]
Line 2063 java.util.concurrent.ThreadPoolExecutor$AbortPolicy.rejectedExecution()
Line 830 java.util.concurrent.ThreadPoolExecutor.reject()
Line 326 java.util.concurrent.ScheduledThreadPoolExecutor.delayedExecute()
Line 533 java.util.concurrent.ScheduledThreadPoolExecutor.schedule()
Line 729 java.util.concurrent.Executors$DelegatedScheduledExecutorService.schedule()
Line 124 net.jxta.impl.util.threads.ProxiedScheduledExecutorService.schedule()
Line 930 net.jxta.impl.rendezvous.rpv.PeerView.addTask()
Line 1417 net.jxta.impl.rendezvous.rpv.PeerView.rescheduleKick()
Line 1303 net.jxta.impl.rendezvous.rpv.PeerView.notifyFailure()
Line 380 net.jxta.impl.rendezvous.rpv.PeerViewElement.getCachedMessenger()
Line 292 net.jxta.impl.rendezvous.rpv.PeerViewElement.sendMessage()
Line 1101 net.jxta.impl.rendezvous.rpv.PeerView.send()
Line 740 net.jxta.impl.rendezvous.rpv.PeerView.handlePeerViewMessage()
Line 666 net.jxta.impl.rendezvous.rpv.PeerView.processIncomingMessage()
Line 1024 net.jxta.impl.endpoint.EndpointServiceImpl.processIncomingMessage()
Line 767 net.jxta.impl.endpoint.mcast.McastTransport.processMulticast()
Line 890 net.jxta.impl.endpoint.mcast.McastTransport$DatagramProcessor.run()
Line 17 net.jxta.impl.util.threads.RunnableAsCallableWrapper.call()
Line 50 net.jxta.impl.util.threads.RunMetricsWrapper.call()
Line 34 net.jxta.impl.util.threads.QueueTimeRunMetricsWrapper.call()
Line 93 net.jxta.impl.util.threads.RunMetricsWrapper.run()
Line 9 net.jxta.impl.util.threads.QueueTimeRunMetricsWrapper.run()
Line 1149 java.util.concurrent.ThreadPoolExecutor.runWorker()
Line 624 java.util.concurrent.ThreadPoolExecutor$Worker.run()
Line 748 java.lang.Thread.run()

Nov 15, 2017 2:33:25 PM net.jxta.logging.Logging logCheckedSevere
SEVERE: Line 1421 net.jxta.impl.rendezvous.rpv.PeerView.rescheduleKick()
Cannot set timer. RPV will not work.
java.util.concurrent.RejectedExecutionException: Task java.util.concurrent.ScheduledThreadPoolExecutor$ScheduledFutureTask@2e17d429 rejected from java.util.concurrent.ScheduledThreadPoolExecutor@1452633[Terminated, pool size = 0, active threads = 0, queued tasks = 0, completed tasks = 43]
Line 2063 java.util.concurrent.ThreadPoolExecutor$AbortPolicy.rejectedExecution()
Line 830 java.util.concurrent.ThreadPoolExecutor.reject()
Line 326 java.util.concurrent.ScheduledThreadPoolExecutor.delayedExecute()
Line 533 java.util.concurrent.ScheduledThreadPoolExecutor.schedule()
Line 729 java.util.concurrent.Executors$DelegatedScheduledExecutorService.schedule()
Line 124 net.jxta.impl.util.threads.ProxiedScheduledExecutorService.schedule()
Line 930 net.jxta.impl.rendezvous.rpv.PeerView.addTask()
Line 1417 net.jxta.impl.rendezvous.rpv.PeerView.rescheduleKick()
Line 1303 net.jxta.impl.rendezvous.rpv.PeerView.notifyFailure()
Line 380 net.jxta.impl.rendezvous.rpv.PeerViewElement.getCachedMessenger()
Line 292 net.jxta.impl.rendezvous.rpv.PeerViewElement.sendMessage()
Line 1101 net.jxta.impl.rendezvous.rpv.PeerView.send()
Line 740 net.jxta.impl.rendezvous.rpv.PeerView.handlePeerViewMessage()
Line 666 net.jxta.impl.rendezvous.rpv.PeerView.processIncomingMessage()
Line 1024 net.jxta.impl.endpoint.EndpointServiceImpl.processIncomingMessage()
Line 767 net.jxta.impl.endpoint.mcast.McastTransport.processMulticast()
Line 890 net.jxta.impl.endpoint.mcast.McastTransport$DatagramProcessor.run()
Line 17 net.jxta.impl.util.threads.RunnableAsCallableWrapper.call()
Line 50 net.jxta.impl.util.threads.RunMetricsWrapper.call()
Line 34 net.jxta.impl.util.threads.QueueTimeRunMetricsWrapper.call()
Line 93 net.jxta.impl.util.threads.RunMetricsWrapper.run()
Line 9 net.jxta.impl.util.threads.QueueTimeRunMetricsWrapper.run()
Line 1149 java.util.concurrent.ThreadPoolExecutor.runWorker()
Line 624 java.util.concurrent.ThreadPoolExecutor$Worker.run()
Line 748 java.lang.Thread.run()

Nov 15, 2017 2:33:25 PM net.jxta.logging.Logging logCheckedSevere
SEVERE: Line 1421 net.jxta.impl.rendezvous.rpv.PeerView.rescheduleKick()
Cannot set timer. RPV will not work.
java.util.concurrent.RejectedExecutionException: Task java.util.concurrent.ScheduledThreadPoolExecutor$ScheduledFutureTask@45ae4186 rejected from java.util.concurrent.ScheduledThreadPoolExecutor@1452633[Terminated, pool size = 0, active threads = 0, queued tasks = 0, completed tasks = 43]
Line 2063 java.util.concurrent.ThreadPoolExecutor$AbortPolicy.rejectedExecution()
Line 830 java.util.concurrent.ThreadPoolExecutor.reject()
Line 326 java.util.concurrent.ScheduledThreadPoolExecutor.delayedExecute()
Line 533 java.util.concurrent.ScheduledThreadPoolExecutor.schedule()
Line 729 java.util.concurrent.Executors$DelegatedScheduledExecutorService.schedule()
Line 124 net.jxta.impl.util.threads.ProxiedScheduledExecutorService.schedule()
Line 930 net.jxta.impl.rendezvous.rpv.PeerView.addTask()
Line 1417 net.jxta.impl.rendezvous.rpv.PeerView.rescheduleKick()
Line 1303 net.jxta.impl.rendezvous.rpv.PeerView.notifyFailure()
Line 380 net.jxta.impl.rendezvous.rpv.PeerViewElement.getCachedMessenger()
Line 292 net.jxta.impl.rendezvous.rpv.PeerViewElement.sendMessage()
Line 1101 net.jxta.impl.rendezvous.rpv.PeerView.send()
Line 740 net.jxta.impl.rendezvous.rpv.PeerView.handlePeerViewMessage()
Line 666 net.jxta.impl.rendezvous.rpv.PeerView.processIncomingMessage()
Line 1024 net.jxta.impl.endpoint.EndpointServiceImpl.processIncomingMessage()
Line 767 net.jxta.impl.endpoint.mcast.McastTransport.processMulticast()
Line 890 net.jxta.impl.endpoint.mcast.McastTransport$DatagramProcessor.run()
Line 17 net.jxta.impl.util.threads.RunnableAsCallableWrapper.call()
Line 50 net.jxta.impl.util.threads.RunMetricsWrapper.call()
Line 34 net.jxta.impl.util.threads.QueueTimeRunMetricsWrapper.call()
Line 93 net.jxta.impl.util.threads.RunMetricsWrapper.run()
Line 9 net.jxta.impl.util.threads.QueueTimeRunMetricsWrapper.run()
Line 1149 java.util.concurrent.ThreadPoolExecutor.runWorker()
Line 624 java.util.concurrent.ThreadPoolExecutor$Worker.run()
Line 748 java.lang.Thread.run()

Nov 15, 2017 2:33:25 PM net.jxta.logging.Logging logCheckedSevere
SEVERE: Line 1421 net.jxta.impl.rendezvous.rpv.PeerView.rescheduleKick()
Cannot set timer. RPV will not work.
java.util.concurrent.RejectedExecutionException: Task java.util.concurrent.ScheduledThreadPoolExecutor$ScheduledFutureTask@130dccf rejected from java.util.concurrent.ScheduledThreadPoolExecutor@4ca16e7c[Terminated, pool size = 0, active threads = 0, queued tasks = 0, completed tasks = 52]
Line 2063 java.util.concurrent.ThreadPoolExecutor$AbortPolicy.rejectedExecution()
Line 830 java.util.concurrent.ThreadPoolExecutor.reject()
Line 326 java.util.concurrent.ScheduledThreadPoolExecutor.delayedExecute()
Line 533 java.util.concurrent.ScheduledThreadPoolExecutor.schedule()
Line 729 java.util.concurrent.Executors$DelegatedScheduledExecutorService.schedule()
Line 124 net.jxta.impl.util.threads.ProxiedScheduledExecutorService.schedule()
Line 930 net.jxta.impl.rendezvous.rpv.PeerView.addTask()
Line 1417 net.jxta.impl.rendezvous.rpv.PeerView.rescheduleKick()
Line 1303 net.jxta.impl.rendezvous.rpv.PeerView.notifyFailure()
Line 380 net.jxta.impl.rendezvous.rpv.PeerViewElement.getCachedMessenger()
Line 292 net.jxta.impl.rendezvous.rpv.PeerViewElement.sendMessage()
Line 1101 net.jxta.impl.rendezvous.rpv.PeerView.send()
Line 740 net.jxta.impl.rendezvous.rpv.PeerView.handlePeerViewMessage()
Line 666 net.jxta.impl.rendezvous.rpv.PeerView.processIncomingMessage()
Line 1024 net.jxta.impl.endpoint.EndpointServiceImpl.processIncomingMessage()
Line 767 net.jxta.impl.endpoint.mcast.McastTransport.processMulticast()
Line 890 net.jxta.impl.endpoint.mcast.McastTransport$DatagramProcessor.run()
Line 17 net.jxta.impl.util.threads.RunnableAsCallableWrapper.call()
Line 50 net.jxta.impl.util.threads.RunMetricsWrapper.call()
Line 34 net.jxta.impl.util.threads.QueueTimeRunMetricsWrapper.call()
Line 93 net.jxta.impl.util.threads.RunMetricsWrapper.run()
Line 9 net.jxta.impl.util.threads.QueueTimeRunMetricsWrapper.run()
Line 1149 java.util.concurrent.ThreadPoolExecutor.runWorker()
Line 624 java.util.concurrent.ThreadPoolExecutor$Worker.run()
Line 748 java.lang.Thread.run()

Nov 15, 2017 2:33:25 PM net.jxta.logging.Logging logCheckedSevere
SEVERE: Line 1421 net.jxta.impl.rendezvous.rpv.PeerView.rescheduleKick()
Cannot set timer. RPV will not work.
java.util.concurrent.RejectedExecutionException: Task java.util.concurrent.ScheduledThreadPoolExecutor$ScheduledFutureTask@752c7fe6 rejected from java.util.concurrent.ScheduledThreadPoolExecutor@4ca16e7c[Terminated, pool size = 0, active threads = 0, queued tasks = 0, completed tasks = 52]
Line 2063 java.util.concurrent.ThreadPoolExecutor$AbortPolicy.rejectedExecution()
Line 830 java.util.concurrent.ThreadPoolExecutor.reject()
Line 326 java.util.concurrent.ScheduledThreadPoolExecutor.delayedExecute()
Line 533 java.util.concurrent.ScheduledThreadPoolExecutor.schedule()
Line 729 java.util.concurrent.Executors$DelegatedScheduledExecutorService.schedule()
Line 124 net.jxta.impl.util.threads.ProxiedScheduledExecutorService.schedule()
Line 930 net.jxta.impl.rendezvous.rpv.PeerView.addTask()
Line 1417 net.jxta.impl.rendezvous.rpv.PeerView.rescheduleKick()
Line 1303 net.jxta.impl.rendezvous.rpv.PeerView.notifyFailure()
Line 380 net.jxta.impl.rendezvous.rpv.PeerViewElement.getCachedMessenger()
Line 292 net.jxta.impl.rendezvous.rpv.PeerViewElement.sendMessage()
Line 1101 net.jxta.impl.rendezvous.rpv.PeerView.send()
Line 740 net.jxta.impl.rendezvous.rpv.PeerView.handlePeerViewMessage()
Line 666 net.jxta.impl.rendezvous.rpv.PeerView.processIncomingMessage()
Line 1024 net.jxta.impl.endpoint.EndpointServiceImpl.processIncomingMessage()
Line 767 net.jxta.impl.endpoint.mcast.McastTransport.processMulticast()
Line 890 net.jxta.impl.endpoint.mcast.McastTransport$DatagramProcessor.run()
Line 17 net.jxta.impl.util.threads.RunnableAsCallableWrapper.call()
Line 50 net.jxta.impl.util.threads.RunMetricsWrapper.call()
Line 34 net.jxta.impl.util.threads.QueueTimeRunMetricsWrapper.call()
Line 93 net.jxta.impl.util.threads.RunMetricsWrapper.run()
Line 9 net.jxta.impl.util.threads.QueueTimeRunMetricsWrapper.run()
Line 1149 java.util.concurrent.ThreadPoolExecutor.runWorker()
Line 624 java.util.concurrent.ThreadPoolExecutor$Worker.run()
Line 748 java.lang.Thread.run()

Nov 15, 2017 2:33:25 PM net.jxta.logging.Logging logCheckedSevere
SEVERE: Line 1421 net.jxta.impl.rendezvous.rpv.PeerView.rescheduleKick()
Cannot set timer. RPV will not work.
java.util.concurrent.RejectedExecutionException: Task java.util.concurrent.ScheduledThreadPoolExecutor$ScheduledFutureTask@376b3e6c rejected from java.util.concurrent.ScheduledThreadPoolExecutor@1452633[Terminated, pool size = 0, active threads = 0, queued tasks = 0, completed tasks = 43]
Line 2063 java.util.concurrent.ThreadPoolExecutor$AbortPolicy.rejectedExecution()
Line 830 java.util.concurrent.ThreadPoolExecutor.reject()
Line 326 java.util.concurrent.ScheduledThreadPoolExecutor.delayedExecute()
Line 533 java.util.concurrent.ScheduledThreadPoolExecutor.schedule()
Line 729 java.util.concurrent.Executors$DelegatedScheduledExecutorService.schedule()
Line 124 net.jxta.impl.util.threads.ProxiedScheduledExecutorService.schedule()
Line 930 net.jxta.impl.rendezvous.rpv.PeerView.addTask()
Line 1417 net.jxta.impl.rendezvous.rpv.PeerView.rescheduleKick()
Line 1303 net.jxta.impl.rendezvous.rpv.PeerView.notifyFailure()
Line 380 net.jxta.impl.rendezvous.rpv.PeerViewElement.getCachedMessenger()
Line 292 net.jxta.impl.rendezvous.rpv.PeerViewElement.sendMessage()
Line 1101 net.jxta.impl.rendezvous.rpv.PeerView.send()
Line 740 net.jxta.impl.rendezvous.rpv.PeerView.handlePeerViewMessage()
Line 666 net.jxta.impl.rendezvous.rpv.PeerView.processIncomingMessage()
Line 1024 net.jxta.impl.endpoint.EndpointServiceImpl.processIncomingMessage()
Line 767 net.jxta.impl.endpoint.mcast.McastTransport.processMulticast()
Line 890 net.jxta.impl.endpoint.mcast.McastTransport$DatagramProcessor.run()
Line 17 net.jxta.impl.util.threads.RunnableAsCallableWrapper.call()
Line 50 net.jxta.impl.util.threads.RunMetricsWrapper.call()
Line 34 net.jxta.impl.util.threads.QueueTimeRunMetricsWrapper.call()
Line 93 net.jxta.impl.util.threads.RunMetricsWrapper.run()
Line 9 net.jxta.impl.util.threads.QueueTimeRunMetricsWrapper.run()
Line 1149 java.util.concurrent.ThreadPoolExecutor.runWorker()
Line 624 java.util.concurrent.ThreadPoolExecutor$Worker.run()
Line 748 java.lang.Thread.run()

]]></system-err>
</testsuite>
